<?xml version="1.0" encoding="UTF-8"?>
<robot generator="Robot 5.0.1 (Python 3.10.0 on win32)" generated="20220912 00:10:18.916" rpa="false" schemaversion="3">
<suite id="s1" name="TC11 Remove Questions" source="C:\Users\Acer\Documents\Miniproject_test\Project\Teedin\TestCases\TC11_Remove_Questions.robot">
<test id="s1-t1" name="TC11_Remove_Question" line="10">
<kw name="Officer Login">
<kw name="Open Browser" library="SeleniumLibrary">
<arg>${Login URl}</arg>
<arg>${BROWSER}</arg>
<doc>Opens a new browser instance to the optional ``url``.</doc>
<msg timestamp="20220912 00:10:21.160" level="INFO">Opening browser 'chrome' to base url 'http://localhost:8086/TeeDin/login'.</msg>
<status status="PASS" starttime="20220912 00:10:21.160" endtime="20220912 00:10:29.910"/>
</kw>
<kw name="Maximize Browser Window" library="SeleniumLibrary">
<doc>Maximizes current browser window.</doc>
<status status="PASS" starttime="20220912 00:10:29.911" endtime="20220912 00:10:30.042"/>
</kw>
<kw name="Click Element" library="SeleniumLibrary">
<arg>${Login_officer}</arg>
<doc>Click the element identified by ``locator``.</doc>
<msg timestamp="20220912 00:10:30.044" level="INFO">Clicking element '//label[contains(text(),'เจ้าหน้าที่')]'.</msg>
<status status="PASS" starttime="20220912 00:10:30.042" endtime="20220912 00:10:30.120"/>
</kw>
<kw name="Wait Until Element Is Visible" library="SeleniumLibrary">
<arg>${user_locate}</arg>
<arg>30s</arg>
<doc>Waits until the element ``locator`` is visible.</doc>
<status status="PASS" starttime="20220912 00:10:30.120" endtime="20220912 00:10:30.157"/>
</kw>
<kw name="Input Text" library="SeleniumLibrary">
<arg>${user_locate}</arg>
<arg>user</arg>
<doc>Types the given ``text`` into the text field identified by ``locator``.</doc>
<msg timestamp="20220912 00:10:30.158" level="INFO">Typing text 'user' into text field '//input[@id='user']'.</msg>
<status status="PASS" starttime="20220912 00:10:30.157" endtime="20220912 00:10:30.260"/>
</kw>
<kw name="Input Password" library="SeleniumLibrary">
<arg>${pass_locate}</arg>
<arg>123456</arg>
<doc>Types the given password into the text field identified by ``locator``.</doc>
<msg timestamp="20220912 00:10:30.261" level="INFO">Typing password into text field '//input[@id='pass']'.</msg>
<msg timestamp="20220912 00:10:30.303" level="INFO">Temporally setting log level to: NONE</msg>
<msg timestamp="20220912 00:10:30.348" level="INFO">Log level changed from NONE to INFO.</msg>
<status status="PASS" starttime="20220912 00:10:30.261" endtime="20220912 00:10:30.348"/>
</kw>
<kw name="Wait Until Element Is Visible" library="SeleniumLibrary">
<arg>${btn_login}</arg>
<arg>30s</arg>
<doc>Waits until the element ``locator`` is visible.</doc>
<status status="PASS" starttime="20220912 00:10:30.348" endtime="20220912 00:10:30.372"/>
</kw>
<kw name="Click Button" library="SeleniumLibrary">
<arg>${btn_login}</arg>
<doc>Clicks the button identified by ``locator``.</doc>
<msg timestamp="20220912 00:10:30.374" level="INFO">Clicking button '//input[@id='ok']'.</msg>
<status status="PASS" starttime="20220912 00:10:30.372" endtime="20220912 00:10:44.620"/>
</kw>
<kw name="Sleep" library="BuiltIn">
<arg>5s</arg>
<doc>Pauses the test executed for the given time.</doc>
<msg timestamp="20220912 00:10:49.628" level="INFO">Slept 5 seconds</msg>
<status status="PASS" starttime="20220912 00:10:44.621" endtime="20220912 00:10:49.628"/>
</kw>
<kw name="Go To" library="SeleniumLibrary">
<arg>${RemoveQuestion_URL}</arg>
<doc>Navigates the current browser window to the provided ``url``.</doc>
<msg timestamp="20220912 00:10:49.629" level="INFO">Opening url 'http://localhost:8086/TeeDin/listpersonquestions'</msg>
<status status="PASS" starttime="20220912 00:10:49.628" endtime="20220912 00:10:52.186"/>
</kw>
<kw name="Set Selenium Speed" library="SeleniumLibrary">
<arg>0.3s</arg>
<doc>Sets the delay that is waited after each Selenium command.</doc>
<status status="PASS" starttime="20220912 00:10:52.186" endtime="20220912 00:10:52.186"/>
</kw>
<status status="PASS" starttime="20220912 00:10:21.160" endtime="20220912 00:10:52.187"/>
</kw>
<kw name="Start Video Recording" library="ScreenCapLibrary">
<arg>alias=None</arg>
<arg>name=TC11_Remove_Question</arg>
<arg>fps=None</arg>
<arg>size_percentage=1</arg>
<arg>embed=True</arg>
<arg>embed_width=100px</arg>
<arg>monitor=1</arg>
<doc>Starts the recording of a video in the background with the specified ``name``.
The recording can be stopped by calling the `Stop Video Recording` keyword.</doc>
<msg timestamp="20220912 00:10:54.495" level="INFO">Automatically setting a fps of 5.5</msg>
<status status="PASS" starttime="20220912 00:10:52.187" endtime="20220912 00:10:54.499"/>
</kw>
<kw name="Open Excel Document" library="ExcelLibrary">
<arg>TestData//TC11_Remove_Questions.xlsx</arg>
<arg>doc_id=TestData</arg>
<doc>Opens xlsx document file.</doc>
<status status="PASS" starttime="20220912 00:10:54.500" endtime="20220912 00:10:54.521"/>
</kw>
<kw name="Get Sheet" library="ExcelLibrary">
<var>${eclin}</var>
<arg>TestData</arg>
<doc>Returns a page from the current document.</doc>
<msg timestamp="20220912 00:10:54.522" level="INFO">${eclin} = &lt;Worksheet "TestData"&gt;</msg>
<status status="PASS" starttime="20220912 00:10:54.522" endtime="20220912 00:10:54.522"/>
</kw>
<for flavor="IN RANGE">
<var>${i}</var>
<value>2</value>
<value>${eclin.max_row+1}</value>
<iter>
<var name="${i}">2</var>
<kw name="Set Variable If" library="BuiltIn">
<var>${tcid}</var>
<arg>'${eclin.cell(${i},1).value}'=='None'</arg>
<arg>${Empty}</arg>
<arg>${eclin.cell(${i},1).value}</arg>
<doc>Sets variable based on the given condition.</doc>
<msg timestamp="20220912 00:10:54.525" level="INFO">${tcid} = TD001</msg>
<status status="PASS" starttime="20220912 00:10:54.524" endtime="20220912 00:10:54.525"/>
</kw>
<kw name="Set Suite Variable" library="BuiltIn">
<arg>${testcaseData}</arg>
<arg>${tcid}</arg>
<doc>Makes a variable available everywhere within the scope of the current suite.</doc>
<msg timestamp="20220912 00:10:54.526" level="INFO">${testcaseData} = TD001</msg>
<status status="PASS" starttime="20220912 00:10:54.525" endtime="20220912 00:10:54.526"/>
</kw>
<kw name="Remove Question Page">
<kw name="Click Element" library="SeleniumLibrary">
<arg>${Cilk_Remove}</arg>
<doc>Click the element identified by ``locator``.</doc>
<msg timestamp="20220912 00:10:54.527" level="INFO">Clicking element '(//*[contains(text(),"ลบคำถาม")])[1]'.</msg>
<status status="PASS" starttime="20220912 00:10:54.527" endtime="20220912 00:10:55.242"/>
</kw>
<kw name="Run Keyword And Ignore Error" library="BuiltIn">
<arg>Handle Alert</arg>
<arg>action=ACCEPT</arg>
<doc>Runs the given keyword with the given arguments and ignores possible error.</doc>
<kw name="Handle Alert" library="SeleniumLibrary">
<arg>action=ACCEPT</arg>
<doc>Handles the current alert and returns its message.</doc>
<msg timestamp="20220912 00:10:55.244" level="INFO">HANDLE::&lt;class 'NoneType'&gt;::None</msg>
<status status="PASS" starttime="20220912 00:10:55.243" endtime="20220912 00:10:56.203"/>
</kw>
<status status="PASS" starttime="20220912 00:10:55.243" endtime="20220912 00:10:56.203"/>
</kw>
<kw name="Run Keyword And Ignore Error" library="BuiltIn">
<var>${Alert1}</var>
<arg>Handle Alert</arg>
<arg>timeout=10s</arg>
<doc>Runs the given keyword with the given arguments and ignores possible error.</doc>
<kw name="Handle Alert" library="SeleniumLibrary">
<arg>timeout=10s</arg>
<doc>Handles the current alert and returns its message.</doc>
<msg timestamp="20220912 00:10:56.205" level="INFO">HANDLE::&lt;class 'datetime.timedelta'&gt;::0:00:10</msg>
<status status="PASS" starttime="20220912 00:10:56.205" endtime="20220912 00:10:58.141"/>
</kw>
<msg timestamp="20220912 00:10:58.144" level="INFO">${Alert1} = ('PASS', 'ลบเสร็จเรียบร้อย')</msg>
<status status="PASS" starttime="20220912 00:10:56.204" endtime="20220912 00:10:58.144"/>
</kw>
<kw name="Convert To String" library="BuiltIn">
<var>${get_Alert1}</var>
<arg>${Alert1}[1]</arg>
<doc>Converts the given item to a Unicode string.</doc>
<msg timestamp="20220912 00:10:58.148" level="INFO">${get_Alert1} = ลบเสร็จเรียบร้อย</msg>
<status status="PASS" starttime="20220912 00:10:58.145" endtime="20220912 00:10:58.148"/>
</kw>
<kw name="Log To Console" library="BuiltIn">
<arg>${get_Alert1}</arg>
<doc>Logs the given message to the console.</doc>
<status status="PASS" starttime="20220912 00:10:58.148" endtime="20220912 00:10:58.151"/>
</kw>
<kw name="Set Suite Variable" library="BuiltIn">
<arg>${message_remove}</arg>
<arg>${get_Alert1}</arg>
<doc>Makes a variable available everywhere within the scope of the current suite.</doc>
<msg timestamp="20220912 00:10:58.157" level="INFO">${message_remove} = ลบเสร็จเรียบร้อย</msg>
<status status="PASS" starttime="20220912 00:10:58.152" endtime="20220912 00:10:58.157"/>
</kw>
<status status="PASS" starttime="20220912 00:10:54.526" endtime="20220912 00:10:58.158"/>
</kw>
<kw name="Run Keyword If" library="BuiltIn">
<var>${Status_1}</var>
<var>${message_1}</var>
<arg>${i}&lt;=${eclin.max_row}</arg>
<arg>Check Error page</arg>
<arg>${eclin.cell(${i},3).value}</arg>
<doc>Runs the given keyword with the given arguments, if ``condition`` is true.</doc>
<kw name="Check Error page">
<arg>${eclin.cell(${i},3).value}</arg>
<kw name="Log To Console" library="BuiltIn">
<arg>${testcaseData}</arg>
<doc>Logs the given message to the console.</doc>
<status status="PASS" starttime="20220912 00:10:58.164" endtime="20220912 00:10:58.179"/>
</kw>
<if>
<branch type="IF" condition="&quot;${testcaseData}&quot; == &quot;TD001&quot;">
<kw name="Convert To String" library="BuiltIn">
<var>${message}</var>
<arg>${message_remove}</arg>
<doc>Converts the given item to a Unicode string.</doc>
<msg timestamp="20220912 00:10:58.183" level="INFO">${message} = ลบเสร็จเรียบร้อย</msg>
<status status="PASS" starttime="20220912 00:10:58.181" endtime="20220912 00:10:58.183"/>
</kw>
<status status="PASS" starttime="20220912 00:10:58.180" endtime="20220912 00:10:58.183"/>
</branch>
<status status="PASS" starttime="20220912 00:10:58.180" endtime="20220912 00:10:58.183"/>
</if>
<if>
<branch type="IF" condition="'${Actual_Result.strip()}' == '${message.strip()}'">
<kw name="Set Suite Variable" library="BuiltIn">
<arg>${Status}</arg>
<arg>True</arg>
<doc>Makes a variable available everywhere within the scope of the current suite.</doc>
<msg timestamp="20220912 00:10:58.191" level="INFO">${Status} = True</msg>
<status status="PASS" starttime="20220912 00:10:58.188" endtime="20220912 00:10:58.192"/>
</kw>
<status status="PASS" starttime="20220912 00:10:58.187" endtime="20220912 00:10:58.192"/>
</branch>
<branch type="ELSE">
<kw name="Set Suite Variable" library="BuiltIn">
<arg>${Status}</arg>
<arg>False</arg>
<doc>Makes a variable available everywhere within the scope of the current suite.</doc>
<status status="NOT RUN" starttime="20220912 00:10:58.192" endtime="20220912 00:10:58.192"/>
</kw>
<status status="NOT RUN" starttime="20220912 00:10:58.192" endtime="20220912 00:10:58.192"/>
</branch>
<status status="PASS" starttime="20220912 00:10:58.183" endtime="20220912 00:10:58.192"/>
</if>
<kw name="Log To Console" library="BuiltIn">
<arg>${message}</arg>
<doc>Logs the given message to the console.</doc>
<status status="PASS" starttime="20220912 00:10:58.193" endtime="20220912 00:10:58.197"/>
</kw>
<kw name="Log To Console" library="BuiltIn">
<arg>${Status}</arg>
<doc>Logs the given message to the console.</doc>
<status status="PASS" starttime="20220912 00:10:58.198" endtime="20220912 00:10:58.199"/>
</kw>
<status status="PASS" starttime="20220912 00:10:58.161" endtime="20220912 00:10:58.200"/>
</kw>
<msg timestamp="20220912 00:10:58.200" level="INFO">${Status_1} = True</msg>
<msg timestamp="20220912 00:10:58.200" level="INFO">${message_1} = ลบเสร็จเรียบร้อย</msg>
<status status="PASS" starttime="20220912 00:10:58.159" endtime="20220912 00:10:58.200"/>
</kw>
<kw name="Set Variable If" library="BuiltIn">
<var>${Status_Actual}</var>
<arg>${i}&lt;=${eclin.max_row}</arg>
<arg>${Status_1}</arg>
<doc>Sets variable based on the given condition.</doc>
<msg timestamp="20220912 00:10:58.202" level="INFO">${Status_Actual} = True</msg>
<status status="PASS" starttime="20220912 00:10:58.200" endtime="20220912 00:10:58.203"/>
</kw>
<kw name="Set Variable If" library="BuiltIn">
<var>${Status}</var>
<arg>'${Status_Actual}' == 'True'</arg>
<arg>PASS</arg>
<arg>FAIL</arg>
<doc>Sets variable based on the given condition.</doc>
<msg timestamp="20220912 00:10:58.205" level="INFO">${Status} = PASS</msg>
<status status="PASS" starttime="20220912 00:10:58.204" endtime="20220912 00:10:58.206"/>
</kw>
<kw name="Run Keyword If" library="BuiltIn">
<arg>'${Status}' == 'FAIL'</arg>
<arg>Capture Page Screenshot</arg>
<arg>${EXECDIR}/Result/TC11_Remove_Question/Screenshot/${testcaseData}.png</arg>
<doc>Runs the given keyword with the given arguments, if ``condition`` is true.</doc>
<status status="PASS" starttime="20220912 00:10:58.206" endtime="20220912 00:10:58.207"/>
</kw>
<kw name="Set Variable If" library="BuiltIn">
<var>${get_message}</var>
<arg>${i}&lt;=${eclin.max_row}</arg>
<arg>${message_1}</arg>
<doc>Sets variable based on the given condition.</doc>
<msg timestamp="20220912 00:10:58.210" level="INFO">${get_message} = ลบเสร็จเรียบร้อย</msg>
<status status="PASS" starttime="20220912 00:10:58.207" endtime="20220912 00:10:58.210"/>
</kw>
<kw name="Set Variable If" library="BuiltIn">
<var>${message}</var>
<arg>'${message_1}' == '${text_not_alert}'</arg>
<arg>-</arg>
<arg>${message_1}</arg>
<doc>Sets variable based on the given condition.</doc>
<msg timestamp="20220912 00:10:58.211" level="INFO">${message} = ลบเสร็จเรียบร้อย</msg>
<status status="PASS" starttime="20220912 00:10:58.210" endtime="20220912 00:10:58.211"/>
</kw>
<kw name="Set Variable If" library="BuiltIn">
<var>${Error}</var>
<arg>'${get_message}' == '${text_not_alert}'</arg>
<arg>Not Found Alert</arg>
<arg>No Error</arg>
<doc>Sets variable based on the given condition.</doc>
<msg timestamp="20220912 00:10:58.212" level="INFO">${Error} = No Error</msg>
<status status="PASS" starttime="20220912 00:10:58.211" endtime="20220912 00:10:58.212"/>
</kw>
<kw name="Set Variable If" library="BuiltIn">
<var>${Suggestion}</var>
<arg>'${Error}' == 'Not Found Alert'</arg>
<arg>ควรมีการแจ้งเตือนให้ผู้ใช้งาน "${eclin.cell(${i},3).value}"</arg>
<arg>-</arg>
<doc>Sets variable based on the given condition.</doc>
<msg timestamp="20220912 00:10:58.213" level="INFO">${Suggestion} = -</msg>
<status status="PASS" starttime="20220912 00:10:58.213" endtime="20220912 00:10:58.213"/>
</kw>
<kw name="Write Excel Cell" library="ExcelLibrary">
<arg>${i}</arg>
<arg>4</arg>
<arg>value=${message}</arg>
<arg>sheet_name=TestData</arg>
<doc>Writes value to the cell.</doc>
<status status="PASS" starttime="20220912 00:10:58.213" endtime="20220912 00:10:58.214"/>
</kw>
<kw name="Write Excel Cell" library="ExcelLibrary">
<arg>${i}</arg>
<arg>5</arg>
<arg>value=${Status}</arg>
<arg>sheet_name=TestData</arg>
<doc>Writes value to the cell.</doc>
<status status="PASS" starttime="20220912 00:10:58.214" endtime="20220912 00:10:58.215"/>
</kw>
<kw name="Write Excel Cell" library="ExcelLibrary">
<arg>${i}</arg>
<arg>6</arg>
<arg>value=${Error}</arg>
<arg>sheet_name=TestData</arg>
<doc>Writes value to the cell.</doc>
<status status="PASS" starttime="20220912 00:10:58.215" endtime="20220912 00:10:58.215"/>
</kw>
<kw name="Write Excel Cell" library="ExcelLibrary">
<arg>${i}</arg>
<arg>7</arg>
<arg>value=${Suggestion}</arg>
<arg>sheet_name=TestData</arg>
<doc>Writes value to the cell.</doc>
<status status="PASS" starttime="20220912 00:10:58.215" endtime="20220912 00:10:58.216"/>
</kw>
<status status="PASS" starttime="20220912 00:10:54.523" endtime="20220912 00:10:58.216"/>
</iter>
<status status="PASS" starttime="20220912 00:10:54.523" endtime="20220912 00:10:58.216"/>
</for>
<kw name="Save Excel Document" library="ExcelLibrary">
<arg>Result/WriteExcel/TC11_Remove_Questions_result.xlsx</arg>
<doc>Saves the current document to disk.</doc>
<status status="PASS" starttime="20220912 00:10:58.217" endtime="20220912 00:10:58.242"/>
</kw>
<kw name="Close All Excel Documents" library="ExcelLibrary">
<doc>Closes all opened documents.</doc>
<status status="PASS" starttime="20220912 00:10:58.244" endtime="20220912 00:10:58.244"/>
</kw>
<kw name="CloseWebBrowser" library="RS_Login">
<kw name="Close Browser" library="SeleniumLibrary">
<doc>Closes the current browser.</doc>
<status status="PASS" starttime="20220912 00:10:58.246" endtime="20220912 00:11:00.941"/>
</kw>
<status status="PASS" starttime="20220912 00:10:58.245" endtime="20220912 00:11:00.941"/>
</kw>
<kw name="Stop Video Recording" library="ScreenCapLibrary">
<arg>alias=None</arg>
<doc>Stops the video recording corresponding to the given ``alias`` and generates the file in WebM format. If no
``alias`` is specified, the last opened recording will be closed. If there are more recordings with the same
alias all of them will be closed. If ``embed`` argument was set to
``True`` the video will be displayed in the log file.
Furthermore, if the ``save_to_disk`` parameter is set to ``False``, the video will be embedded and available in
the log file only.</doc>
<msg timestamp="20220912 00:11:01.046" level="INFO" html="true">&lt;a href="TC11_Remove_Question_1.webm"&gt;&lt;video width="100px" autoplay&gt;&lt;source src="TC11_Remove_Question_1.webm" type="video/webm"&gt;&lt;/video&gt;&lt;/a&gt;</msg>
<status status="PASS" starttime="20220912 00:11:00.942" endtime="20220912 00:11:01.046"/>
</kw>
<status status="PASS" starttime="20220912 00:10:21.159" endtime="20220912 00:11:01.047"/>
</test>
<status status="PASS" starttime="20220912 00:10:18.918" endtime="20220912 00:11:01.049"/>
</suite>
<statistics>
<total>
<stat pass="1" fail="0" skip="0">All Tests</stat>
</total>
<tag>
</tag>
<suite>
<stat pass="1" fail="0" skip="0" id="s1" name="TC11 Remove Questions">TC11 Remove Questions</stat>
</suite>
</statistics>
<errors>
</errors>
</robot>
