<?xml version="1.0" encoding="UTF-8"?>
<robot generator="Robot 5.0.1 (Python 3.10.0 on win32)" generated="20220919 21:16:11.562" rpa="false" schemaversion="3">
<suite id="s1" name="TC02 Login" source="C:\Users\Acer\Documents\Miniproject_test\Project\Teedin\TestCases\TC02_Login.robot">
<test id="s1-t1" name="TC02_Login" line="8">
<kw name="Begin Webpage">
<kw name="Open Browser" library="SeleniumLibrary">
<arg>${Login URl}</arg>
<arg>${BROWSER}</arg>
<doc>Opens a new browser instance to the optional ``url``.</doc>
<msg timestamp="20220919 21:16:13.648" level="INFO">Opening browser 'chrome' to base url 'http://localhost:8086/TeeDin/login'.</msg>
<status status="PASS" starttime="20220919 21:16:13.646" endtime="20220919 21:16:17.280"/>
</kw>
<kw name="Maximize Browser Window" library="SeleniumLibrary">
<doc>Maximizes current browser window.</doc>
<status status="PASS" starttime="20220919 21:16:17.281" endtime="20220919 21:16:17.413"/>
</kw>
<kw name="Set Selenium Speed" library="SeleniumLibrary">
<arg>0.5s</arg>
<doc>Sets the delay that is waited after each Selenium command.</doc>
<status status="PASS" starttime="20220919 21:16:17.413" endtime="20220919 21:16:17.415"/>
</kw>
<status status="PASS" starttime="20220919 21:16:13.644" endtime="20220919 21:16:17.416"/>
</kw>
<kw name="Start Video Recording" library="ScreenCapLibrary">
<arg>alias=None</arg>
<arg>name=TC02_Login</arg>
<arg>fps=None</arg>
<arg>size_percentage=1</arg>
<arg>embed=True</arg>
<arg>embed_width=100px</arg>
<arg>monitor=1</arg>
<doc>Starts the recording of a video in the background with the specified ``name``.
The recording can be stopped by calling the `Stop Video Recording` keyword.</doc>
<msg timestamp="20220919 21:16:19.723" level="INFO">Automatically setting a fps of 6.5</msg>
<status status="PASS" starttime="20220919 21:16:17.417" endtime="20220919 21:16:19.726"/>
</kw>
<kw name="Open Excel Document" library="ExcelLibrary">
<arg>TestData//TC02_Login.xlsx</arg>
<arg>doc_id=TestData</arg>
<doc>Opens xlsx document file.</doc>
<status status="PASS" starttime="20220919 21:16:19.727" endtime="20220919 21:16:19.751"/>
</kw>
<kw name="Get Sheet" library="ExcelLibrary">
<var>${excel}</var>
<arg>TestData</arg>
<doc>Returns a page from the current document.</doc>
<msg timestamp="20220919 21:16:19.754" level="INFO">${excel} = &lt;Worksheet "TestData"&gt;</msg>
<status status="PASS" starttime="20220919 21:16:19.753" endtime="20220919 21:16:19.754"/>
</kw>
<for flavor="IN RANGE">
<var>${i}</var>
<value>2</value>
<value>${excel.max_row+1}</value>
<iter>
<var name="${i}">2</var>
<kw name="Set Variable If" library="BuiltIn">
<var>${tcid}</var>
<arg>'${excel.cell(${i},1).value}'=='None'</arg>
<arg>${Empty}</arg>
<arg>${excel.cell(${i},1).value}</arg>
<doc>Sets variable based on the given condition.</doc>
<msg timestamp="20220919 21:16:19.757" level="INFO">${tcid} = TD001</msg>
<status status="PASS" starttime="20220919 21:16:19.755" endtime="20220919 21:16:19.758"/>
</kw>
<kw name="Set Suite Variable" library="BuiltIn">
<arg>${testcaseData}</arg>
<arg>${tcid}</arg>
<doc>Makes a variable available everywhere within the scope of the current suite.</doc>
<msg timestamp="20220919 21:16:19.760" level="INFO">${testcaseData} = TD001</msg>
<status status="PASS" starttime="20220919 21:16:19.758" endtime="20220919 21:16:19.760"/>
</kw>
<kw name="Set Variable If" library="BuiltIn">
<var>${user}</var>
<arg>'${excel.cell(${i},2).value}'=='None'</arg>
<arg>${Empty}</arg>
<arg>${excel.cell(${i},2).value}</arg>
<doc>Sets variable based on the given condition.</doc>
<msg timestamp="20220919 21:16:19.761" level="INFO">${user} = jimin_1234</msg>
<status status="PASS" starttime="20220919 21:16:19.760" endtime="20220919 21:16:19.761"/>
</kw>
<kw name="Set Variable If" library="BuiltIn">
<var>${pass}</var>
<arg>'${excel.cell(${i},3).value}'=='None'</arg>
<arg>${Empty}</arg>
<arg>${excel.cell(${i},3).value}</arg>
<doc>Sets variable based on the given condition.</doc>
<msg timestamp="20220919 21:16:19.764" level="INFO">${pass} = minnie1234</msg>
<status status="PASS" starttime="20220919 21:16:19.762" endtime="20220919 21:16:19.765"/>
</kw>
<kw name="Login Page">
<arg>${user}</arg>
<arg>${pass}</arg>
<kw name="Input Text" library="SeleniumLibrary">
<arg>${user_locate}</arg>
<arg>${username}</arg>
<doc>Types the given ``text`` into the text field identified by ``locator``.</doc>
<msg timestamp="20220919 21:16:19.769" level="INFO">Typing text 'jimin_1234' into text field '//input[@id='user']'.</msg>
<status status="PASS" starttime="20220919 21:16:19.766" endtime="20220919 21:16:21.449"/>
</kw>
<kw name="Input Text" library="SeleniumLibrary">
<arg>${pass_locate}</arg>
<arg>${password}</arg>
<doc>Types the given ``text`` into the text field identified by ``locator``.</doc>
<msg timestamp="20220919 21:16:21.451" level="INFO">Typing text 'minnie1234' into text field '//input[@id='pass']'.</msg>
<status status="PASS" starttime="20220919 21:16:21.450" endtime="20220919 21:16:23.153"/>
</kw>
<kw name="Click Element" library="SeleniumLibrary">
<arg>${btn_login}</arg>
<doc>Click the element identified by ``locator``.</doc>
<msg timestamp="20220919 21:16:23.154" level="INFO">Clicking element '//input[@id='ok']'.</msg>
<status status="PASS" starttime="20220919 21:16:23.153" endtime="20220919 21:16:40.267"/>
</kw>
<status status="PASS" starttime="20220919 21:16:19.765" endtime="20220919 21:16:40.268"/>
</kw>
<kw name="Run Keyword If" library="BuiltIn">
<var>${Status_1}</var>
<var>${message_1}</var>
<arg>${i}&lt;=${excel.max_row}</arg>
<arg>Check Error page</arg>
<arg>${excel.cell(${i},4).value}</arg>
<doc>Runs the given keyword with the given arguments, if ``condition`` is true.</doc>
<kw name="Check Error page">
<arg>${excel.cell(${i},4).value}</arg>
<kw name="Log To Console" library="BuiltIn">
<arg>${testcaseData}</arg>
<doc>Logs the given message to the console.</doc>
<status status="PASS" starttime="20220919 21:16:40.272" endtime="20220919 21:16:40.274"/>
</kw>
<if>
<branch type="IF" condition="&quot;${testcaseData}&quot; == &quot;TD001&quot;">
<kw name="check text page">
<var>${message}</var>
<kw name="Check Page Login">
<var>${message}</var>
<arg>${text_page}</arg>
<kw name="Run Keyword And Return Status" library="BuiltIn">
<var>${Status}</var>
<arg>Wait Until Element Is Visible</arg>
<arg>${locator}</arg>
<arg>30s</arg>
<doc>Runs the given keyword with given arguments and returns the status as a Boolean value.</doc>
<kw name="Wait Until Element Is Visible" library="SeleniumLibrary">
<arg>${locator}</arg>
<arg>30s</arg>
<doc>Waits until the element ``locator`` is visible.</doc>
<status status="PASS" starttime="20220919 21:16:40.279" endtime="20220919 21:16:41.362"/>
</kw>
<msg timestamp="20220919 21:16:41.362" level="INFO">${Status} = True</msg>
<status status="PASS" starttime="20220919 21:16:40.278" endtime="20220919 21:16:41.362"/>
</kw>
<kw name="Set Variable If" library="BuiltIn">
<var>${Result}</var>
<arg>'${Status}'=='True'</arg>
<arg>เข้าสู่ระบบเรียบร้อยแล้ว</arg>
<arg>เข้าสู่ระบบไม่สำเร็จ</arg>
<doc>Sets variable based on the given condition.</doc>
<msg timestamp="20220919 21:16:41.363" level="INFO">${Result} = เข้าสู่ระบบเรียบร้อยแล้ว</msg>
<status status="PASS" starttime="20220919 21:16:41.362" endtime="20220919 21:16:41.363"/>
</kw>
<msg timestamp="20220919 21:16:41.364" level="INFO">${message} = เข้าสู่ระบบเรียบร้อยแล้ว</msg>
<status status="PASS" starttime="20220919 21:16:40.276" endtime="20220919 21:16:41.364"/>
</kw>
<kw name="Run Keyword And Ignore Error" library="BuiltIn">
<arg>LogOut</arg>
<doc>Runs the given keyword with the given arguments and ignores possible error.</doc>
<kw name="LogOut">
<kw name="Wait Until Element Is Visible" library="SeleniumLibrary">
<arg>${Cilk_LogOut}</arg>
<doc>Waits until the element ``locator`` is visible.</doc>
<status status="PASS" starttime="20220919 21:16:41.365" endtime="20220919 21:16:42.414"/>
</kw>
<kw name="Click Element" library="SeleniumLibrary">
<arg>${Cilk_LogOut}</arg>
<doc>Click the element identified by ``locator``.</doc>
<msg timestamp="20220919 21:16:42.416" level="INFO">Clicking element '//*[contains(text(),"ออกจากระบบ")]'.</msg>
<status status="PASS" starttime="20220919 21:16:42.415" endtime="20220919 21:16:44.683"/>
</kw>
<kw name="Run Keyword And Ignore Error" library="BuiltIn">
<arg>Handle Alert</arg>
<arg>timeout=5s</arg>
<arg>action=ACCEPT</arg>
<doc>Runs the given keyword with the given arguments and ignores possible error.</doc>
<kw name="Handle Alert" library="SeleniumLibrary">
<arg>timeout=5s</arg>
<arg>action=ACCEPT</arg>
<doc>Handles the current alert and returns its message.</doc>
<msg timestamp="20220919 21:16:44.685" level="INFO">HANDLE::&lt;class 'datetime.timedelta'&gt;::0:00:05</msg>
<status status="PASS" starttime="20220919 21:16:44.684" endtime="20220919 21:16:46.222"/>
</kw>
<status status="PASS" starttime="20220919 21:16:44.684" endtime="20220919 21:16:46.222"/>
</kw>
<kw name="Run Keyword And Ignore Error" library="BuiltIn">
<arg>Handle Alert</arg>
<arg>timeout=5s</arg>
<arg>action=ACCEPT</arg>
<doc>Runs the given keyword with the given arguments and ignores possible error.</doc>
<kw name="Handle Alert" library="SeleniumLibrary">
<arg>timeout=5s</arg>
<arg>action=ACCEPT</arg>
<doc>Handles the current alert and returns its message.</doc>
<msg timestamp="20220919 21:16:46.224" level="INFO">HANDLE::&lt;class 'datetime.timedelta'&gt;::0:00:05</msg>
<status status="PASS" starttime="20220919 21:16:46.224" endtime="20220919 21:16:47.762"/>
</kw>
<status status="PASS" starttime="20220919 21:16:46.223" endtime="20220919 21:16:47.762"/>
</kw>
<kw name="Go To" library="SeleniumLibrary">
<arg>${Login URl}</arg>
<doc>Navigates the current browser window to the provided ``url``.</doc>
<msg timestamp="20220919 21:16:47.763" level="INFO">Opening url 'http://localhost:8086/TeeDin/login'</msg>
<status status="PASS" starttime="20220919 21:16:47.762" endtime="20220919 21:16:49.191"/>
</kw>
<status status="PASS" starttime="20220919 21:16:41.364" endtime="20220919 21:16:49.191"/>
</kw>
<status status="PASS" starttime="20220919 21:16:41.364" endtime="20220919 21:16:49.191"/>
</kw>
<msg timestamp="20220919 21:16:49.192" level="INFO">${message} = เข้าสู่ระบบเรียบร้อยแล้ว</msg>
<status status="PASS" starttime="20220919 21:16:40.275" endtime="20220919 21:16:49.192"/>
</kw>
<status status="PASS" starttime="20220919 21:16:40.275" endtime="20220919 21:16:49.192"/>
</branch>
<branch type="ELSE IF" condition="&quot;${testcaseData}&quot; == &quot;TD002&quot;">
<kw name="check text page">
<var>${message}</var>
<status status="NOT RUN" starttime="20220919 21:16:49.192" endtime="20220919 21:16:49.192"/>
</kw>
<status status="NOT RUN" starttime="20220919 21:16:49.192" endtime="20220919 21:16:49.192"/>
</branch>
<branch type="ELSE IF" condition="&quot;${testcaseData}&quot; == &quot;TD003&quot;">
<kw name="check text page">
<var>${message}</var>
<status status="NOT RUN" starttime="20220919 21:16:49.192" endtime="20220919 21:16:49.192"/>
</kw>
<status status="NOT RUN" starttime="20220919 21:16:49.192" endtime="20220919 21:16:49.193"/>
</branch>
<branch type="ELSE IF" condition="&quot;${testcaseData}&quot; == &quot;TD004&quot;">
<kw name="check text page">
<var>${message}</var>
<status status="NOT RUN" starttime="20220919 21:16:49.193" endtime="20220919 21:16:49.193"/>
</kw>
<status status="NOT RUN" starttime="20220919 21:16:49.193" endtime="20220919 21:16:49.193"/>
</branch>
<branch type="ELSE IF" condition="&quot;${testcaseData}&quot; == &quot;TD006&quot;">
<kw name="check text page">
<var>${message}</var>
<status status="NOT RUN" starttime="20220919 21:16:49.193" endtime="20220919 21:16:49.193"/>
</kw>
<status status="NOT RUN" starttime="20220919 21:16:49.193" endtime="20220919 21:16:49.193"/>
</branch>
<branch type="ELSE IF" condition="&quot;${testcaseData}&quot; == &quot;TD007&quot;">
<kw name="check text page">
<var>${message}</var>
<status status="NOT RUN" starttime="20220919 21:16:49.193" endtime="20220919 21:16:49.194"/>
</kw>
<status status="NOT RUN" starttime="20220919 21:16:49.193" endtime="20220919 21:16:49.194"/>
</branch>
<branch type="ELSE IF" condition="&quot;${testcaseData}&quot; == &quot;TD010&quot;">
<kw name="check text page">
<var>${message}</var>
<status status="NOT RUN" starttime="20220919 21:16:49.194" endtime="20220919 21:16:49.194"/>
</kw>
<status status="NOT RUN" starttime="20220919 21:16:49.194" endtime="20220919 21:16:49.194"/>
</branch>
<branch type="ELSE IF" condition="&quot;${testcaseData}&quot; == &quot;TD012&quot;">
<kw name="check text page">
<var>${message}</var>
<status status="NOT RUN" starttime="20220919 21:16:49.194" endtime="20220919 21:16:49.194"/>
</kw>
<status status="NOT RUN" starttime="20220919 21:16:49.194" endtime="20220919 21:16:49.194"/>
</branch>
<branch type="ELSE IF" condition="&quot;${testcaseData}&quot; == &quot;TD013&quot;">
<kw name="check page message">
<var>${message}</var>
<status status="NOT RUN" starttime="20220919 21:16:49.194" endtime="20220919 21:16:49.195"/>
</kw>
<status status="NOT RUN" starttime="20220919 21:16:49.194" endtime="20220919 21:16:49.195"/>
</branch>
<branch type="ELSE IF" condition="&quot;${testcaseData}&quot; == &quot;TD015&quot;">
<kw name="check text page">
<var>${message}</var>
<status status="NOT RUN" starttime="20220919 21:16:49.195" endtime="20220919 21:16:49.195"/>
</kw>
<status status="NOT RUN" starttime="20220919 21:16:49.195" endtime="20220919 21:16:49.195"/>
</branch>
<branch type="ELSE IF" condition="&quot;${testcaseData}&quot; == &quot;TD016&quot;">
<kw name="check page message">
<var>${message}</var>
<status status="NOT RUN" starttime="20220919 21:16:49.195" endtime="20220919 21:16:49.195"/>
</kw>
<status status="NOT RUN" starttime="20220919 21:16:49.195" endtime="20220919 21:16:49.195"/>
</branch>
<branch type="ELSE IF" condition="&quot;${testcaseData}&quot; == &quot;TD018&quot;">
<kw name="check text page">
<var>${message}</var>
<status status="NOT RUN" starttime="20220919 21:16:49.196" endtime="20220919 21:16:49.196"/>
</kw>
<status status="NOT RUN" starttime="20220919 21:16:49.195" endtime="20220919 21:16:49.196"/>
</branch>
<branch type="ELSE IF" condition="&quot;${testcaseData}&quot; == &quot;TD019&quot;">
<kw name="check page message">
<var>${message}</var>
<status status="NOT RUN" starttime="20220919 21:16:49.196" endtime="20220919 21:16:49.196"/>
</kw>
<status status="NOT RUN" starttime="20220919 21:16:49.196" endtime="20220919 21:16:49.196"/>
</branch>
<branch type="ELSE IF" condition="&quot;${testcaseData}&quot; == &quot;TD021&quot;">
<kw name="check page message">
<var>${message}</var>
<status status="NOT RUN" starttime="20220919 21:16:49.196" endtime="20220919 21:16:49.196"/>
</kw>
<status status="NOT RUN" starttime="20220919 21:16:49.196" endtime="20220919 21:16:49.196"/>
</branch>
<branch type="ELSE IF" condition="&quot;${testcaseData}&quot; == &quot;TD008&quot;">
<kw name="check text page">
<var>${message}</var>
<status status="NOT RUN" starttime="20220919 21:16:49.197" endtime="20220919 21:16:49.197"/>
</kw>
<status status="NOT RUN" starttime="20220919 21:16:49.196" endtime="20220919 21:16:49.197"/>
</branch>
<branch type="ELSE IF" condition="&quot;${testcaseData}&quot; == &quot;TD009&quot;">
<kw name="check text page">
<var>${message}</var>
<status status="NOT RUN" starttime="20220919 21:16:49.197" endtime="20220919 21:16:49.197"/>
</kw>
<status status="NOT RUN" starttime="20220919 21:16:49.197" endtime="20220919 21:16:49.197"/>
</branch>
<branch type="ELSE IF" condition="&quot;${testcaseData}&quot; == &quot;TD010&quot;">
<kw name="check text page">
<var>${message}</var>
<status status="NOT RUN" starttime="20220919 21:16:49.197" endtime="20220919 21:16:49.197"/>
</kw>
<status status="NOT RUN" starttime="20220919 21:16:49.197" endtime="20220919 21:16:49.197"/>
</branch>
<branch type="ELSE IF" condition="&quot;${testcaseData}&quot; == &quot;TD013&quot;">
<kw name="check text page">
<var>${message}</var>
<status status="NOT RUN" starttime="20220919 21:16:49.197" endtime="20220919 21:16:49.198"/>
</kw>
<status status="NOT RUN" starttime="20220919 21:16:49.197" endtime="20220919 21:16:49.198"/>
</branch>
<branch type="ELSE IF" condition="&quot;${testcaseData}&quot; == &quot;TD017&quot;">
<kw name="check text page">
<var>${message}</var>
<status status="NOT RUN" starttime="20220919 21:16:49.198" endtime="20220919 21:16:49.198"/>
</kw>
<status status="NOT RUN" starttime="20220919 21:16:49.198" endtime="20220919 21:16:49.198"/>
</branch>
<branch type="ELSE IF" condition="&quot;${testcaseData}&quot; == &quot;TD020&quot;">
<kw name="check page message">
<var>${message}</var>
<status status="NOT RUN" starttime="20220919 21:16:49.198" endtime="20220919 21:16:49.198"/>
</kw>
<status status="NOT RUN" starttime="20220919 21:16:49.198" endtime="20220919 21:16:49.198"/>
</branch>
<branch type="ELSE">
<kw name="get text alert">
<var>${message}</var>
<status status="NOT RUN" starttime="20220919 21:16:49.198" endtime="20220919 21:16:49.198"/>
</kw>
<status status="NOT RUN" starttime="20220919 21:16:49.198" endtime="20220919 21:16:49.198"/>
</branch>
<status status="PASS" starttime="20220919 21:16:40.274" endtime="20220919 21:16:49.198"/>
</if>
<if>
<branch type="IF" condition="'${Actual_Result.strip()}' == '${message.strip()}'">
<kw name="Set Suite Variable" library="BuiltIn">
<arg>${Status}</arg>
<arg>True</arg>
<doc>Makes a variable available everywhere within the scope of the current suite.</doc>
<msg timestamp="20220919 21:16:49.202" level="INFO">${Status} = True</msg>
<status status="PASS" starttime="20220919 21:16:49.200" endtime="20220919 21:16:49.202"/>
</kw>
<status status="PASS" starttime="20220919 21:16:49.200" endtime="20220919 21:16:49.202"/>
</branch>
<branch type="ELSE">
<kw name="Set Suite Variable" library="BuiltIn">
<arg>${Status}</arg>
<arg>False</arg>
<doc>Makes a variable available everywhere within the scope of the current suite.</doc>
<status status="NOT RUN" starttime="20220919 21:16:49.203" endtime="20220919 21:16:49.203"/>
</kw>
<status status="NOT RUN" starttime="20220919 21:16:49.202" endtime="20220919 21:16:49.203"/>
</branch>
<status status="PASS" starttime="20220919 21:16:49.198" endtime="20220919 21:16:49.203"/>
</if>
<kw name="Log To Console" library="BuiltIn">
<arg>${Status}</arg>
<doc>Logs the given message to the console.</doc>
<status status="PASS" starttime="20220919 21:16:49.203" endtime="20220919 21:16:49.204"/>
</kw>
<status status="PASS" starttime="20220919 21:16:40.270" endtime="20220919 21:16:49.205"/>
</kw>
<msg timestamp="20220919 21:16:49.205" level="INFO">${Status_1} = True</msg>
<msg timestamp="20220919 21:16:49.205" level="INFO">${message_1} = เข้าสู่ระบบเรียบร้อยแล้ว</msg>
<status status="PASS" starttime="20220919 21:16:40.268" endtime="20220919 21:16:49.206"/>
</kw>
<kw name="Set Variable If" library="BuiltIn">
<var>${Status_Actual}</var>
<arg>${i}&lt;=${excel.max_row}</arg>
<arg>${Status_1}</arg>
<doc>Sets variable based on the given condition.</doc>
<msg timestamp="20220919 21:16:49.208" level="INFO">${Status_Actual} = True</msg>
<status status="PASS" starttime="20220919 21:16:49.206" endtime="20220919 21:16:49.208"/>
</kw>
<kw name="Set Variable If" library="BuiltIn">
<var>${Status}</var>
<arg>'${Status_Actual}' == 'True'</arg>
<arg>PASS</arg>
<arg>FAIL</arg>
<doc>Sets variable based on the given condition.</doc>
<msg timestamp="20220919 21:16:49.209" level="INFO">${Status} = PASS</msg>
<status status="PASS" starttime="20220919 21:16:49.208" endtime="20220919 21:16:49.209"/>
</kw>
<kw name="Run Keyword If" library="BuiltIn">
<arg>'${Status}' == 'FAIL'</arg>
<arg>Capture Page Screenshot</arg>
<arg>${EXECDIR}/Result/TC02_Login/Screenshot/${testcaseData}.png</arg>
<doc>Runs the given keyword with the given arguments, if ``condition`` is true.</doc>
<status status="PASS" starttime="20220919 21:16:49.209" endtime="20220919 21:16:49.209"/>
</kw>
<kw name="Set Variable If" library="BuiltIn">
<var>${get_message}</var>
<arg>${i}&lt;=${excel.max_row}</arg>
<arg>${message_1}</arg>
<doc>Sets variable based on the given condition.</doc>
<msg timestamp="20220919 21:16:49.211" level="INFO">${get_message} = เข้าสู่ระบบเรียบร้อยแล้ว</msg>
<status status="PASS" starttime="20220919 21:16:49.210" endtime="20220919 21:16:49.212"/>
</kw>
<kw name="Set Variable If" library="BuiltIn">
<var>${message}</var>
<arg>'${message_1}' == '${text_not_alert}'</arg>
<arg>${Empty}</arg>
<arg>${message_1}</arg>
<doc>Sets variable based on the given condition.</doc>
<msg timestamp="20220919 21:16:49.213" level="INFO">${message} = เข้าสู่ระบบเรียบร้อยแล้ว</msg>
<status status="PASS" starttime="20220919 21:16:49.212" endtime="20220919 21:16:49.213"/>
</kw>
<kw name="Set Variable If" library="BuiltIn">
<var>${Error}</var>
<arg>'${Status}' == 'FAIL'</arg>
<arg>Error</arg>
<arg>No Error</arg>
<doc>Sets variable based on the given condition.</doc>
<msg timestamp="20220919 21:16:49.215" level="INFO">${Error} = No Error</msg>
<status status="PASS" starttime="20220919 21:16:49.214" endtime="20220919 21:16:49.215"/>
</kw>
<kw name="Set Variable If" library="BuiltIn">
<var>${Suggestion}</var>
<arg>'${Error}' == 'Not Found Alert' or '${Status}' == 'FAIL'</arg>
<arg>ควรมีการแจ้งเตือนให้ผู้ใช้งาน "${excel.cell(${i},4).value}"</arg>
<arg>-</arg>
<doc>Sets variable based on the given condition.</doc>
<msg timestamp="20220919 21:16:49.216" level="INFO">${Suggestion} = -</msg>
<status status="PASS" starttime="20220919 21:16:49.215" endtime="20220919 21:16:49.216"/>
</kw>
<kw name="Write Excel Cell" library="ExcelLibrary">
<arg>${i}</arg>
<arg>5</arg>
<arg>value=${message}</arg>
<arg>sheet_name=TestData</arg>
<doc>Writes value to the cell.</doc>
<status status="PASS" starttime="20220919 21:16:49.217" endtime="20220919 21:16:49.218"/>
</kw>
<kw name="Write Excel Cell" library="ExcelLibrary">
<arg>${i}</arg>
<arg>6</arg>
<arg>value=${Status}</arg>
<arg>sheet_name=TestData</arg>
<doc>Writes value to the cell.</doc>
<status status="PASS" starttime="20220919 21:16:49.218" endtime="20220919 21:16:49.219"/>
</kw>
<kw name="Write Excel Cell" library="ExcelLibrary">
<arg>${i}</arg>
<arg>7</arg>
<arg>value=${Error}</arg>
<arg>sheet_name=TestData</arg>
<doc>Writes value to the cell.</doc>
<status status="PASS" starttime="20220919 21:16:49.220" endtime="20220919 21:16:49.221"/>
</kw>
<kw name="Write Excel Cell" library="ExcelLibrary">
<arg>${i}</arg>
<arg>8</arg>
<arg>value=${Suggestion}</arg>
<arg>sheet_name=TestData</arg>
<doc>Writes value to the cell.</doc>
<status status="PASS" starttime="20220919 21:16:49.221" endtime="20220919 21:16:49.222"/>
</kw>
<status status="PASS" starttime="20220919 21:16:19.755" endtime="20220919 21:16:49.222"/>
</iter>
<iter>
<var name="${i}">3</var>
<kw name="Set Variable If" library="BuiltIn">
<var>${tcid}</var>
<arg>'${excel.cell(${i},1).value}'=='None'</arg>
<arg>${Empty}</arg>
<arg>${excel.cell(${i},1).value}</arg>
<doc>Sets variable based on the given condition.</doc>
<msg timestamp="20220919 21:16:49.225" level="INFO">${tcid} = TD002</msg>
<status status="PASS" starttime="20220919 21:16:49.223" endtime="20220919 21:16:49.225"/>
</kw>
<kw name="Set Suite Variable" library="BuiltIn">
<arg>${testcaseData}</arg>
<arg>${tcid}</arg>
<doc>Makes a variable available everywhere within the scope of the current suite.</doc>
<msg timestamp="20220919 21:16:49.226" level="INFO">${testcaseData} = TD002</msg>
<status status="PASS" starttime="20220919 21:16:49.225" endtime="20220919 21:16:49.226"/>
</kw>
<kw name="Set Variable If" library="BuiltIn">
<var>${user}</var>
<arg>'${excel.cell(${i},2).value}'=='None'</arg>
<arg>${Empty}</arg>
<arg>${excel.cell(${i},2).value}</arg>
<doc>Sets variable based on the given condition.</doc>
<msg timestamp="20220919 21:16:49.228" level="INFO">${user} = Jimin.1235</msg>
<status status="PASS" starttime="20220919 21:16:49.226" endtime="20220919 21:16:49.228"/>
</kw>
<kw name="Set Variable If" library="BuiltIn">
<var>${pass}</var>
<arg>'${excel.cell(${i},3).value}'=='None'</arg>
<arg>${Empty}</arg>
<arg>${excel.cell(${i},3).value}</arg>
<doc>Sets variable based on the given condition.</doc>
<msg timestamp="20220919 21:16:49.229" level="INFO">${pass} = minnie1235</msg>
<status status="PASS" starttime="20220919 21:16:49.228" endtime="20220919 21:16:49.229"/>
</kw>
<kw name="Login Page">
<arg>${user}</arg>
<arg>${pass}</arg>
<kw name="Input Text" library="SeleniumLibrary">
<arg>${user_locate}</arg>
<arg>${username}</arg>
<doc>Types the given ``text`` into the text field identified by ``locator``.</doc>
<msg timestamp="20220919 21:16:49.230" level="INFO">Typing text 'Jimin.1235' into text field '//input[@id='user']'.</msg>
<status status="PASS" starttime="20220919 21:16:49.230" endtime="20220919 21:16:50.875"/>
</kw>
<kw name="Input Text" library="SeleniumLibrary">
<arg>${pass_locate}</arg>
<arg>${password}</arg>
<doc>Types the given ``text`` into the text field identified by ``locator``.</doc>
<msg timestamp="20220919 21:16:50.876" level="INFO">Typing text 'minnie1235' into text field '//input[@id='pass']'.</msg>
<status status="PASS" starttime="20220919 21:16:50.876" endtime="20220919 21:16:52.516"/>
</kw>
<kw name="Click Element" library="SeleniumLibrary">
<arg>${btn_login}</arg>
<doc>Click the element identified by ``locator``.</doc>
<msg timestamp="20220919 21:16:52.517" level="INFO">Clicking element '//input[@id='ok']'.</msg>
<status status="PASS" starttime="20220919 21:16:52.516" endtime="20220919 21:16:56.237"/>
</kw>
<status status="PASS" starttime="20220919 21:16:49.229" endtime="20220919 21:16:56.237"/>
</kw>
<kw name="Run Keyword If" library="BuiltIn">
<var>${Status_1}</var>
<var>${message_1}</var>
<arg>${i}&lt;=${excel.max_row}</arg>
<arg>Check Error page</arg>
<arg>${excel.cell(${i},4).value}</arg>
<doc>Runs the given keyword with the given arguments, if ``condition`` is true.</doc>
<kw name="Check Error page">
<arg>${excel.cell(${i},4).value}</arg>
<kw name="Log To Console" library="BuiltIn">
<arg>${testcaseData}</arg>
<doc>Logs the given message to the console.</doc>
<status status="PASS" starttime="20220919 21:16:56.243" endtime="20220919 21:16:56.244"/>
</kw>
<if>
<branch type="IF" condition="&quot;${testcaseData}&quot; == &quot;TD001&quot;">
<kw name="check text page">
<var>${message}</var>
<status status="NOT RUN" starttime="20220919 21:16:56.245" endtime="20220919 21:16:56.245"/>
</kw>
<status status="NOT RUN" starttime="20220919 21:16:56.245" endtime="20220919 21:16:56.245"/>
</branch>
<branch type="ELSE IF" condition="&quot;${testcaseData}&quot; == &quot;TD002&quot;">
<kw name="check text page">
<var>${message}</var>
<kw name="Check Page Login">
<var>${message}</var>
<arg>${text_page}</arg>
<kw name="Run Keyword And Return Status" library="BuiltIn">
<var>${Status}</var>
<arg>Wait Until Element Is Visible</arg>
<arg>${locator}</arg>
<arg>30s</arg>
<doc>Runs the given keyword with given arguments and returns the status as a Boolean value.</doc>
<kw name="Wait Until Element Is Visible" library="SeleniumLibrary">
<arg>${locator}</arg>
<arg>30s</arg>
<doc>Waits until the element ``locator`` is visible.</doc>
<status status="PASS" starttime="20220919 21:16:56.248" endtime="20220919 21:16:57.290"/>
</kw>
<msg timestamp="20220919 21:16:57.290" level="INFO">${Status} = True</msg>
<status status="PASS" starttime="20220919 21:16:56.247" endtime="20220919 21:16:57.290"/>
</kw>
<kw name="Set Variable If" library="BuiltIn">
<var>${Result}</var>
<arg>'${Status}'=='True'</arg>
<arg>เข้าสู่ระบบเรียบร้อยแล้ว</arg>
<arg>เข้าสู่ระบบไม่สำเร็จ</arg>
<doc>Sets variable based on the given condition.</doc>
<msg timestamp="20220919 21:16:57.291" level="INFO">${Result} = เข้าสู่ระบบเรียบร้อยแล้ว</msg>
<status status="PASS" starttime="20220919 21:16:57.290" endtime="20220919 21:16:57.291"/>
</kw>
<msg timestamp="20220919 21:16:57.291" level="INFO">${message} = เข้าสู่ระบบเรียบร้อยแล้ว</msg>
<status status="PASS" starttime="20220919 21:16:56.246" endtime="20220919 21:16:57.291"/>
</kw>
<kw name="Run Keyword And Ignore Error" library="BuiltIn">
<arg>LogOut</arg>
<doc>Runs the given keyword with the given arguments and ignores possible error.</doc>
<kw name="LogOut">
<kw name="Wait Until Element Is Visible" library="SeleniumLibrary">
<arg>${Cilk_LogOut}</arg>
<doc>Waits until the element ``locator`` is visible.</doc>
<status status="PASS" starttime="20220919 21:16:57.292" endtime="20220919 21:16:58.336"/>
</kw>
<kw name="Click Element" library="SeleniumLibrary">
<arg>${Cilk_LogOut}</arg>
<doc>Click the element identified by ``locator``.</doc>
<msg timestamp="20220919 21:16:58.340" level="INFO">Clicking element '//*[contains(text(),"ออกจากระบบ")]'.</msg>
<status status="PASS" starttime="20220919 21:16:58.338" endtime="20220919 21:17:00.496"/>
</kw>
<kw name="Run Keyword And Ignore Error" library="BuiltIn">
<arg>Handle Alert</arg>
<arg>timeout=5s</arg>
<arg>action=ACCEPT</arg>
<doc>Runs the given keyword with the given arguments and ignores possible error.</doc>
<kw name="Handle Alert" library="SeleniumLibrary">
<arg>timeout=5s</arg>
<arg>action=ACCEPT</arg>
<doc>Handles the current alert and returns its message.</doc>
<msg timestamp="20220919 21:17:00.497" level="INFO">HANDLE::&lt;class 'datetime.timedelta'&gt;::0:00:05</msg>
<status status="PASS" starttime="20220919 21:17:00.497" endtime="20220919 21:17:02.034"/>
</kw>
<status status="PASS" starttime="20220919 21:17:00.496" endtime="20220919 21:17:02.034"/>
</kw>
<kw name="Run Keyword And Ignore Error" library="BuiltIn">
<arg>Handle Alert</arg>
<arg>timeout=5s</arg>
<arg>action=ACCEPT</arg>
<doc>Runs the given keyword with the given arguments and ignores possible error.</doc>
<kw name="Handle Alert" library="SeleniumLibrary">
<arg>timeout=5s</arg>
<arg>action=ACCEPT</arg>
<doc>Handles the current alert and returns its message.</doc>
<msg timestamp="20220919 21:17:02.035" level="INFO">HANDLE::&lt;class 'datetime.timedelta'&gt;::0:00:05</msg>
<status status="PASS" starttime="20220919 21:17:02.034" endtime="20220919 21:17:03.563"/>
</kw>
<status status="PASS" starttime="20220919 21:17:02.034" endtime="20220919 21:17:03.563"/>
</kw>
<kw name="Go To" library="SeleniumLibrary">
<arg>${Login URl}</arg>
<doc>Navigates the current browser window to the provided ``url``.</doc>
<msg timestamp="20220919 21:17:03.563" level="INFO">Opening url 'http://localhost:8086/TeeDin/login'</msg>
<status status="PASS" starttime="20220919 21:17:03.563" endtime="20220919 21:17:04.582"/>
</kw>
<status status="PASS" starttime="20220919 21:16:57.291" endtime="20220919 21:17:04.582"/>
</kw>
<status status="PASS" starttime="20220919 21:16:57.291" endtime="20220919 21:17:04.583"/>
</kw>
<msg timestamp="20220919 21:17:04.583" level="INFO">${message} = เข้าสู่ระบบเรียบร้อยแล้ว</msg>
<status status="PASS" starttime="20220919 21:16:56.246" endtime="20220919 21:17:04.583"/>
</kw>
<status status="PASS" starttime="20220919 21:16:56.245" endtime="20220919 21:17:04.583"/>
</branch>
<branch type="ELSE IF" condition="&quot;${testcaseData}&quot; == &quot;TD003&quot;">
<kw name="check text page">
<var>${message}</var>
<status status="NOT RUN" starttime="20220919 21:17:04.584" endtime="20220919 21:17:04.584"/>
</kw>
<status status="NOT RUN" starttime="20220919 21:17:04.583" endtime="20220919 21:17:04.584"/>
</branch>
<branch type="ELSE IF" condition="&quot;${testcaseData}&quot; == &quot;TD004&quot;">
<kw name="check text page">
<var>${message}</var>
<status status="NOT RUN" starttime="20220919 21:17:04.584" endtime="20220919 21:17:04.584"/>
</kw>
<status status="NOT RUN" starttime="20220919 21:17:04.584" endtime="20220919 21:17:04.584"/>
</branch>
<branch type="ELSE IF" condition="&quot;${testcaseData}&quot; == &quot;TD006&quot;">
<kw name="check text page">
<var>${message}</var>
<status status="NOT RUN" starttime="20220919 21:17:04.584" endtime="20220919 21:17:04.584"/>
</kw>
<status status="NOT RUN" starttime="20220919 21:17:04.584" endtime="20220919 21:17:04.584"/>
</branch>
<branch type="ELSE IF" condition="&quot;${testcaseData}&quot; == &quot;TD007&quot;">
<kw name="check text page">
<var>${message}</var>
<status status="NOT RUN" starttime="20220919 21:17:04.585" endtime="20220919 21:17:04.585"/>
</kw>
<status status="NOT RUN" starttime="20220919 21:17:04.584" endtime="20220919 21:17:04.585"/>
</branch>
<branch type="ELSE IF" condition="&quot;${testcaseData}&quot; == &quot;TD010&quot;">
<kw name="check text page">
<var>${message}</var>
<status status="NOT RUN" starttime="20220919 21:17:04.585" endtime="20220919 21:17:04.585"/>
</kw>
<status status="NOT RUN" starttime="20220919 21:17:04.585" endtime="20220919 21:17:04.585"/>
</branch>
<branch type="ELSE IF" condition="&quot;${testcaseData}&quot; == &quot;TD012&quot;">
<kw name="check text page">
<var>${message}</var>
<status status="NOT RUN" starttime="20220919 21:17:04.585" endtime="20220919 21:17:04.585"/>
</kw>
<status status="NOT RUN" starttime="20220919 21:17:04.585" endtime="20220919 21:17:04.585"/>
</branch>
<branch type="ELSE IF" condition="&quot;${testcaseData}&quot; == &quot;TD013&quot;">
<kw name="check page message">
<var>${message}</var>
<status status="NOT RUN" starttime="20220919 21:17:04.585" endtime="20220919 21:17:04.585"/>
</kw>
<status status="NOT RUN" starttime="20220919 21:17:04.585" endtime="20220919 21:17:04.585"/>
</branch>
<branch type="ELSE IF" condition="&quot;${testcaseData}&quot; == &quot;TD015&quot;">
<kw name="check text page">
<var>${message}</var>
<status status="NOT RUN" starttime="20220919 21:17:04.585" endtime="20220919 21:17:04.585"/>
</kw>
<status status="NOT RUN" starttime="20220919 21:17:04.585" endtime="20220919 21:17:04.586"/>
</branch>
<branch type="ELSE IF" condition="&quot;${testcaseData}&quot; == &quot;TD016&quot;">
<kw name="check page message">
<var>${message}</var>
<status status="NOT RUN" starttime="20220919 21:17:04.586" endtime="20220919 21:17:04.586"/>
</kw>
<status status="NOT RUN" starttime="20220919 21:17:04.586" endtime="20220919 21:17:04.586"/>
</branch>
<branch type="ELSE IF" condition="&quot;${testcaseData}&quot; == &quot;TD018&quot;">
<kw name="check text page">
<var>${message}</var>
<status status="NOT RUN" starttime="20220919 21:17:04.586" endtime="20220919 21:17:04.586"/>
</kw>
<status status="NOT RUN" starttime="20220919 21:17:04.586" endtime="20220919 21:17:04.586"/>
</branch>
<branch type="ELSE IF" condition="&quot;${testcaseData}&quot; == &quot;TD019&quot;">
<kw name="check page message">
<var>${message}</var>
<status status="NOT RUN" starttime="20220919 21:17:04.586" endtime="20220919 21:17:04.586"/>
</kw>
<status status="NOT RUN" starttime="20220919 21:17:04.586" endtime="20220919 21:17:04.586"/>
</branch>
<branch type="ELSE IF" condition="&quot;${testcaseData}&quot; == &quot;TD021&quot;">
<kw name="check page message">
<var>${message}</var>
<status status="NOT RUN" starttime="20220919 21:17:04.586" endtime="20220919 21:17:04.586"/>
</kw>
<status status="NOT RUN" starttime="20220919 21:17:04.586" endtime="20220919 21:17:04.586"/>
</branch>
<branch type="ELSE IF" condition="&quot;${testcaseData}&quot; == &quot;TD008&quot;">
<kw name="check text page">
<var>${message}</var>
<status status="NOT RUN" starttime="20220919 21:17:04.587" endtime="20220919 21:17:04.587"/>
</kw>
<status status="NOT RUN" starttime="20220919 21:17:04.586" endtime="20220919 21:17:04.587"/>
</branch>
<branch type="ELSE IF" condition="&quot;${testcaseData}&quot; == &quot;TD009&quot;">
<kw name="check text page">
<var>${message}</var>
<status status="NOT RUN" starttime="20220919 21:17:04.587" endtime="20220919 21:17:04.587"/>
</kw>
<status status="NOT RUN" starttime="20220919 21:17:04.587" endtime="20220919 21:17:04.587"/>
</branch>
<branch type="ELSE IF" condition="&quot;${testcaseData}&quot; == &quot;TD010&quot;">
<kw name="check text page">
<var>${message}</var>
<status status="NOT RUN" starttime="20220919 21:17:04.587" endtime="20220919 21:17:04.587"/>
</kw>
<status status="NOT RUN" starttime="20220919 21:17:04.587" endtime="20220919 21:17:04.587"/>
</branch>
<branch type="ELSE IF" condition="&quot;${testcaseData}&quot; == &quot;TD013&quot;">
<kw name="check text page">
<var>${message}</var>
<status status="NOT RUN" starttime="20220919 21:17:04.587" endtime="20220919 21:17:04.587"/>
</kw>
<status status="NOT RUN" starttime="20220919 21:17:04.587" endtime="20220919 21:17:04.587"/>
</branch>
<branch type="ELSE IF" condition="&quot;${testcaseData}&quot; == &quot;TD017&quot;">
<kw name="check text page">
<var>${message}</var>
<status status="NOT RUN" starttime="20220919 21:17:04.587" endtime="20220919 21:17:04.587"/>
</kw>
<status status="NOT RUN" starttime="20220919 21:17:04.587" endtime="20220919 21:17:04.587"/>
</branch>
<branch type="ELSE IF" condition="&quot;${testcaseData}&quot; == &quot;TD020&quot;">
<kw name="check page message">
<var>${message}</var>
<status status="NOT RUN" starttime="20220919 21:17:04.588" endtime="20220919 21:17:04.588"/>
</kw>
<status status="NOT RUN" starttime="20220919 21:17:04.587" endtime="20220919 21:17:04.588"/>
</branch>
<branch type="ELSE">
<kw name="get text alert">
<var>${message}</var>
<status status="NOT RUN" starttime="20220919 21:17:04.588" endtime="20220919 21:17:04.588"/>
</kw>
<status status="NOT RUN" starttime="20220919 21:17:04.588" endtime="20220919 21:17:04.588"/>
</branch>
<status status="PASS" starttime="20220919 21:16:56.244" endtime="20220919 21:17:04.588"/>
</if>
<if>
<branch type="IF" condition="'${Actual_Result.strip()}' == '${message.strip()}'">
<kw name="Set Suite Variable" library="BuiltIn">
<arg>${Status}</arg>
<arg>True</arg>
<doc>Makes a variable available everywhere within the scope of the current suite.</doc>
<msg timestamp="20220919 21:17:04.591" level="INFO">${Status} = True</msg>
<status status="PASS" starttime="20220919 21:17:04.590" endtime="20220919 21:17:04.591"/>
</kw>
<status status="PASS" starttime="20220919 21:17:04.590" endtime="20220919 21:17:04.591"/>
</branch>
<branch type="ELSE">
<kw name="Set Suite Variable" library="BuiltIn">
<arg>${Status}</arg>
<arg>False</arg>
<doc>Makes a variable available everywhere within the scope of the current suite.</doc>
<status status="NOT RUN" starttime="20220919 21:17:04.591" endtime="20220919 21:17:04.591"/>
</kw>
<status status="NOT RUN" starttime="20220919 21:17:04.591" endtime="20220919 21:17:04.591"/>
</branch>
<status status="PASS" starttime="20220919 21:17:04.588" endtime="20220919 21:17:04.591"/>
</if>
<kw name="Log To Console" library="BuiltIn">
<arg>${Status}</arg>
<doc>Logs the given message to the console.</doc>
<status status="PASS" starttime="20220919 21:17:04.591" endtime="20220919 21:17:04.591"/>
</kw>
<status status="PASS" starttime="20220919 21:16:56.240" endtime="20220919 21:17:04.592"/>
</kw>
<msg timestamp="20220919 21:17:04.592" level="INFO">${Status_1} = True</msg>
<msg timestamp="20220919 21:17:04.592" level="INFO">${message_1} = เข้าสู่ระบบเรียบร้อยแล้ว</msg>
<status status="PASS" starttime="20220919 21:16:56.237" endtime="20220919 21:17:04.592"/>
</kw>
<kw name="Set Variable If" library="BuiltIn">
<var>${Status_Actual}</var>
<arg>${i}&lt;=${excel.max_row}</arg>
<arg>${Status_1}</arg>
<doc>Sets variable based on the given condition.</doc>
<msg timestamp="20220919 21:17:04.593" level="INFO">${Status_Actual} = True</msg>
<status status="PASS" starttime="20220919 21:17:04.592" endtime="20220919 21:17:04.594"/>
</kw>
<kw name="Set Variable If" library="BuiltIn">
<var>${Status}</var>
<arg>'${Status_Actual}' == 'True'</arg>
<arg>PASS</arg>
<arg>FAIL</arg>
<doc>Sets variable based on the given condition.</doc>
<msg timestamp="20220919 21:17:04.594" level="INFO">${Status} = PASS</msg>
<status status="PASS" starttime="20220919 21:17:04.594" endtime="20220919 21:17:04.594"/>
</kw>
<kw name="Run Keyword If" library="BuiltIn">
<arg>'${Status}' == 'FAIL'</arg>
<arg>Capture Page Screenshot</arg>
<arg>${EXECDIR}/Result/TC02_Login/Screenshot/${testcaseData}.png</arg>
<doc>Runs the given keyword with the given arguments, if ``condition`` is true.</doc>
<status status="PASS" starttime="20220919 21:17:04.594" endtime="20220919 21:17:04.595"/>
</kw>
<kw name="Set Variable If" library="BuiltIn">
<var>${get_message}</var>
<arg>${i}&lt;=${excel.max_row}</arg>
<arg>${message_1}</arg>
<doc>Sets variable based on the given condition.</doc>
<msg timestamp="20220919 21:17:04.596" level="INFO">${get_message} = เข้าสู่ระบบเรียบร้อยแล้ว</msg>
<status status="PASS" starttime="20220919 21:17:04.595" endtime="20220919 21:17:04.596"/>
</kw>
<kw name="Set Variable If" library="BuiltIn">
<var>${message}</var>
<arg>'${message_1}' == '${text_not_alert}'</arg>
<arg>${Empty}</arg>
<arg>${message_1}</arg>
<doc>Sets variable based on the given condition.</doc>
<msg timestamp="20220919 21:17:04.597" level="INFO">${message} = เข้าสู่ระบบเรียบร้อยแล้ว</msg>
<status status="PASS" starttime="20220919 21:17:04.596" endtime="20220919 21:17:04.597"/>
</kw>
<kw name="Set Variable If" library="BuiltIn">
<var>${Error}</var>
<arg>'${Status}' == 'FAIL'</arg>
<arg>Error</arg>
<arg>No Error</arg>
<doc>Sets variable based on the given condition.</doc>
<msg timestamp="20220919 21:17:04.597" level="INFO">${Error} = No Error</msg>
<status status="PASS" starttime="20220919 21:17:04.597" endtime="20220919 21:17:04.597"/>
</kw>
<kw name="Set Variable If" library="BuiltIn">
<var>${Suggestion}</var>
<arg>'${Error}' == 'Not Found Alert' or '${Status}' == 'FAIL'</arg>
<arg>ควรมีการแจ้งเตือนให้ผู้ใช้งาน "${excel.cell(${i},4).value}"</arg>
<arg>-</arg>
<doc>Sets variable based on the given condition.</doc>
<msg timestamp="20220919 21:17:04.598" level="INFO">${Suggestion} = -</msg>
<status status="PASS" starttime="20220919 21:17:04.597" endtime="20220919 21:17:04.598"/>
</kw>
<kw name="Write Excel Cell" library="ExcelLibrary">
<arg>${i}</arg>
<arg>5</arg>
<arg>value=${message}</arg>
<arg>sheet_name=TestData</arg>
<doc>Writes value to the cell.</doc>
<status status="PASS" starttime="20220919 21:17:04.598" endtime="20220919 21:17:04.600"/>
</kw>
<kw name="Write Excel Cell" library="ExcelLibrary">
<arg>${i}</arg>
<arg>6</arg>
<arg>value=${Status}</arg>
<arg>sheet_name=TestData</arg>
<doc>Writes value to the cell.</doc>
<status status="PASS" starttime="20220919 21:17:04.600" endtime="20220919 21:17:04.602"/>
</kw>
<kw name="Write Excel Cell" library="ExcelLibrary">
<arg>${i}</arg>
<arg>7</arg>
<arg>value=${Error}</arg>
<arg>sheet_name=TestData</arg>
<doc>Writes value to the cell.</doc>
<status status="PASS" starttime="20220919 21:17:04.602" endtime="20220919 21:17:04.603"/>
</kw>
<kw name="Write Excel Cell" library="ExcelLibrary">
<arg>${i}</arg>
<arg>8</arg>
<arg>value=${Suggestion}</arg>
<arg>sheet_name=TestData</arg>
<doc>Writes value to the cell.</doc>
<status status="PASS" starttime="20220919 21:17:04.604" endtime="20220919 21:17:04.605"/>
</kw>
<status status="PASS" starttime="20220919 21:16:49.222" endtime="20220919 21:17:04.605"/>
</iter>
<iter>
<var name="${i}">4</var>
<kw name="Set Variable If" library="BuiltIn">
<var>${tcid}</var>
<arg>'${excel.cell(${i},1).value}'=='None'</arg>
<arg>${Empty}</arg>
<arg>${excel.cell(${i},1).value}</arg>
<doc>Sets variable based on the given condition.</doc>
<msg timestamp="20220919 21:17:04.608" level="INFO">${tcid} = TD003</msg>
<status status="PASS" starttime="20220919 21:17:04.606" endtime="20220919 21:17:04.608"/>
</kw>
<kw name="Set Suite Variable" library="BuiltIn">
<arg>${testcaseData}</arg>
<arg>${tcid}</arg>
<doc>Makes a variable available everywhere within the scope of the current suite.</doc>
<msg timestamp="20220919 21:17:04.609" level="INFO">${testcaseData} = TD003</msg>
<status status="PASS" starttime="20220919 21:17:04.608" endtime="20220919 21:17:04.609"/>
</kw>
<kw name="Set Variable If" library="BuiltIn">
<var>${user}</var>
<arg>'${excel.cell(${i},2).value}'=='None'</arg>
<arg>${Empty}</arg>
<arg>${excel.cell(${i},2).value}</arg>
<doc>Sets variable based on the given condition.</doc>
<msg timestamp="20220919 21:17:04.612" level="INFO">${user} = jimin@&amp;!</msg>
<status status="PASS" starttime="20220919 21:17:04.609" endtime="20220919 21:17:04.612"/>
</kw>
<kw name="Set Variable If" library="BuiltIn">
<var>${pass}</var>
<arg>'${excel.cell(${i},3).value}'=='None'</arg>
<arg>${Empty}</arg>
<arg>${excel.cell(${i},3).value}</arg>
<doc>Sets variable based on the given condition.</doc>
<msg timestamp="20220919 21:17:04.614" level="INFO">${pass} = minnie1236</msg>
<status status="PASS" starttime="20220919 21:17:04.612" endtime="20220919 21:17:04.614"/>
</kw>
<kw name="Login Page">
<arg>${user}</arg>
<arg>${pass}</arg>
<kw name="Input Text" library="SeleniumLibrary">
<arg>${user_locate}</arg>
<arg>${username}</arg>
<doc>Types the given ``text`` into the text field identified by ``locator``.</doc>
<msg timestamp="20220919 21:17:04.616" level="INFO">Typing text 'jimin@&amp;!' into text field '//input[@id='user']'.</msg>
<status status="PASS" starttime="20220919 21:17:04.615" endtime="20220919 21:17:06.264"/>
</kw>
<kw name="Input Text" library="SeleniumLibrary">
<arg>${pass_locate}</arg>
<arg>${password}</arg>
<doc>Types the given ``text`` into the text field identified by ``locator``.</doc>
<msg timestamp="20220919 21:17:06.265" level="INFO">Typing text 'minnie1236' into text field '//input[@id='pass']'.</msg>
<status status="PASS" starttime="20220919 21:17:06.264" endtime="20220919 21:17:07.916"/>
</kw>
<kw name="Click Element" library="SeleniumLibrary">
<arg>${btn_login}</arg>
<doc>Click the element identified by ``locator``.</doc>
<msg timestamp="20220919 21:17:07.917" level="INFO">Clicking element '//input[@id='ok']'.</msg>
<status status="PASS" starttime="20220919 21:17:07.916" endtime="20220919 21:17:11.395"/>
</kw>
<status status="PASS" starttime="20220919 21:17:04.615" endtime="20220919 21:17:11.395"/>
</kw>
<kw name="Run Keyword If" library="BuiltIn">
<var>${Status_1}</var>
<var>${message_1}</var>
<arg>${i}&lt;=${excel.max_row}</arg>
<arg>Check Error page</arg>
<arg>${excel.cell(${i},4).value}</arg>
<doc>Runs the given keyword with the given arguments, if ``condition`` is true.</doc>
<kw name="Check Error page">
<arg>${excel.cell(${i},4).value}</arg>
<kw name="Log To Console" library="BuiltIn">
<arg>${testcaseData}</arg>
<doc>Logs the given message to the console.</doc>
<status status="PASS" starttime="20220919 21:17:11.399" endtime="20220919 21:17:11.399"/>
</kw>
<if>
<branch type="IF" condition="&quot;${testcaseData}&quot; == &quot;TD001&quot;">
<kw name="check text page">
<var>${message}</var>
<status status="NOT RUN" starttime="20220919 21:17:11.400" endtime="20220919 21:17:11.400"/>
</kw>
<status status="NOT RUN" starttime="20220919 21:17:11.400" endtime="20220919 21:17:11.400"/>
</branch>
<branch type="ELSE IF" condition="&quot;${testcaseData}&quot; == &quot;TD002&quot;">
<kw name="check text page">
<var>${message}</var>
<status status="NOT RUN" starttime="20220919 21:17:11.400" endtime="20220919 21:17:11.400"/>
</kw>
<status status="NOT RUN" starttime="20220919 21:17:11.400" endtime="20220919 21:17:11.401"/>
</branch>
<branch type="ELSE IF" condition="&quot;${testcaseData}&quot; == &quot;TD003&quot;">
<kw name="check text page">
<var>${message}</var>
<kw name="Check Page Login">
<var>${message}</var>
<arg>${text_page}</arg>
<kw name="Run Keyword And Return Status" library="BuiltIn">
<var>${Status}</var>
<arg>Wait Until Element Is Visible</arg>
<arg>${locator}</arg>
<arg>30s</arg>
<doc>Runs the given keyword with given arguments and returns the status as a Boolean value.</doc>
<kw name="Wait Until Element Is Visible" library="SeleniumLibrary">
<arg>${locator}</arg>
<arg>30s</arg>
<doc>Waits until the element ``locator`` is visible.</doc>
<status status="PASS" starttime="20220919 21:17:11.402" endtime="20220919 21:17:12.442"/>
</kw>
<msg timestamp="20220919 21:17:12.443" level="INFO">${Status} = True</msg>
<status status="PASS" starttime="20220919 21:17:11.402" endtime="20220919 21:17:12.443"/>
</kw>
<kw name="Set Variable If" library="BuiltIn">
<var>${Result}</var>
<arg>'${Status}'=='True'</arg>
<arg>เข้าสู่ระบบเรียบร้อยแล้ว</arg>
<arg>เข้าสู่ระบบไม่สำเร็จ</arg>
<doc>Sets variable based on the given condition.</doc>
<msg timestamp="20220919 21:17:12.445" level="INFO">${Result} = เข้าสู่ระบบเรียบร้อยแล้ว</msg>
<status status="PASS" starttime="20220919 21:17:12.444" endtime="20220919 21:17:12.445"/>
</kw>
<msg timestamp="20220919 21:17:12.446" level="INFO">${message} = เข้าสู่ระบบเรียบร้อยแล้ว</msg>
<status status="PASS" starttime="20220919 21:17:11.401" endtime="20220919 21:17:12.446"/>
</kw>
<kw name="Run Keyword And Ignore Error" library="BuiltIn">
<arg>LogOut</arg>
<doc>Runs the given keyword with the given arguments and ignores possible error.</doc>
<kw name="LogOut">
<kw name="Wait Until Element Is Visible" library="SeleniumLibrary">
<arg>${Cilk_LogOut}</arg>
<doc>Waits until the element ``locator`` is visible.</doc>
<status status="PASS" starttime="20220919 21:17:12.447" endtime="20220919 21:17:13.484"/>
</kw>
<kw name="Click Element" library="SeleniumLibrary">
<arg>${Cilk_LogOut}</arg>
<doc>Click the element identified by ``locator``.</doc>
<msg timestamp="20220919 21:17:13.485" level="INFO">Clicking element '//*[contains(text(),"ออกจากระบบ")]'.</msg>
<status status="PASS" starttime="20220919 21:17:13.484" endtime="20220919 21:17:15.484"/>
</kw>
<kw name="Run Keyword And Ignore Error" library="BuiltIn">
<arg>Handle Alert</arg>
<arg>timeout=5s</arg>
<arg>action=ACCEPT</arg>
<doc>Runs the given keyword with the given arguments and ignores possible error.</doc>
<kw name="Handle Alert" library="SeleniumLibrary">
<arg>timeout=5s</arg>
<arg>action=ACCEPT</arg>
<doc>Handles the current alert and returns its message.</doc>
<msg timestamp="20220919 21:17:15.487" level="INFO">HANDLE::&lt;class 'datetime.timedelta'&gt;::0:00:05</msg>
<status status="PASS" starttime="20220919 21:17:15.486" endtime="20220919 21:17:17.012"/>
</kw>
<status status="PASS" starttime="20220919 21:17:15.485" endtime="20220919 21:17:17.012"/>
</kw>
<kw name="Run Keyword And Ignore Error" library="BuiltIn">
<arg>Handle Alert</arg>
<arg>timeout=5s</arg>
<arg>action=ACCEPT</arg>
<doc>Runs the given keyword with the given arguments and ignores possible error.</doc>
<kw name="Handle Alert" library="SeleniumLibrary">
<arg>timeout=5s</arg>
<arg>action=ACCEPT</arg>
<doc>Handles the current alert and returns its message.</doc>
<msg timestamp="20220919 21:17:17.014" level="INFO">HANDLE::&lt;class 'datetime.timedelta'&gt;::0:00:05</msg>
<status status="PASS" starttime="20220919 21:17:17.013" endtime="20220919 21:17:18.560"/>
</kw>
<status status="PASS" starttime="20220919 21:17:17.012" endtime="20220919 21:17:18.561"/>
</kw>
<kw name="Go To" library="SeleniumLibrary">
<arg>${Login URl}</arg>
<doc>Navigates the current browser window to the provided ``url``.</doc>
<msg timestamp="20220919 21:17:18.562" level="INFO">Opening url 'http://localhost:8086/TeeDin/login'</msg>
<status status="PASS" starttime="20220919 21:17:18.561" endtime="20220919 21:17:19.593"/>
</kw>
<status status="PASS" starttime="20220919 21:17:12.447" endtime="20220919 21:17:19.593"/>
</kw>
<status status="PASS" starttime="20220919 21:17:12.446" endtime="20220919 21:17:19.593"/>
</kw>
<msg timestamp="20220919 21:17:19.593" level="INFO">${message} = เข้าสู่ระบบเรียบร้อยแล้ว</msg>
<status status="PASS" starttime="20220919 21:17:11.401" endtime="20220919 21:17:19.593"/>
</kw>
<status status="PASS" starttime="20220919 21:17:11.401" endtime="20220919 21:17:19.593"/>
</branch>
<branch type="ELSE IF" condition="&quot;${testcaseData}&quot; == &quot;TD004&quot;">
<kw name="check text page">
<var>${message}</var>
<status status="NOT RUN" starttime="20220919 21:17:19.594" endtime="20220919 21:17:19.594"/>
</kw>
<status status="NOT RUN" starttime="20220919 21:17:19.594" endtime="20220919 21:17:19.594"/>
</branch>
<branch type="ELSE IF" condition="&quot;${testcaseData}&quot; == &quot;TD006&quot;">
<kw name="check text page">
<var>${message}</var>
<status status="NOT RUN" starttime="20220919 21:17:19.594" endtime="20220919 21:17:19.594"/>
</kw>
<status status="NOT RUN" starttime="20220919 21:17:19.594" endtime="20220919 21:17:19.594"/>
</branch>
<branch type="ELSE IF" condition="&quot;${testcaseData}&quot; == &quot;TD007&quot;">
<kw name="check text page">
<var>${message}</var>
<status status="NOT RUN" starttime="20220919 21:17:19.594" endtime="20220919 21:17:19.594"/>
</kw>
<status status="NOT RUN" starttime="20220919 21:17:19.594" endtime="20220919 21:17:19.594"/>
</branch>
<branch type="ELSE IF" condition="&quot;${testcaseData}&quot; == &quot;TD010&quot;">
<kw name="check text page">
<var>${message}</var>
<status status="NOT RUN" starttime="20220919 21:17:19.594" endtime="20220919 21:17:19.594"/>
</kw>
<status status="NOT RUN" starttime="20220919 21:17:19.594" endtime="20220919 21:17:19.594"/>
</branch>
<branch type="ELSE IF" condition="&quot;${testcaseData}&quot; == &quot;TD012&quot;">
<kw name="check text page">
<var>${message}</var>
<status status="NOT RUN" starttime="20220919 21:17:19.594" endtime="20220919 21:17:19.594"/>
</kw>
<status status="NOT RUN" starttime="20220919 21:17:19.594" endtime="20220919 21:17:19.594"/>
</branch>
<branch type="ELSE IF" condition="&quot;${testcaseData}&quot; == &quot;TD013&quot;">
<kw name="check page message">
<var>${message}</var>
<status status="NOT RUN" starttime="20220919 21:17:19.595" endtime="20220919 21:17:19.595"/>
</kw>
<status status="NOT RUN" starttime="20220919 21:17:19.594" endtime="20220919 21:17:19.595"/>
</branch>
<branch type="ELSE IF" condition="&quot;${testcaseData}&quot; == &quot;TD015&quot;">
<kw name="check text page">
<var>${message}</var>
<status status="NOT RUN" starttime="20220919 21:17:19.595" endtime="20220919 21:17:19.595"/>
</kw>
<status status="NOT RUN" starttime="20220919 21:17:19.595" endtime="20220919 21:17:19.595"/>
</branch>
<branch type="ELSE IF" condition="&quot;${testcaseData}&quot; == &quot;TD016&quot;">
<kw name="check page message">
<var>${message}</var>
<status status="NOT RUN" starttime="20220919 21:17:19.595" endtime="20220919 21:17:19.595"/>
</kw>
<status status="NOT RUN" starttime="20220919 21:17:19.595" endtime="20220919 21:17:19.595"/>
</branch>
<branch type="ELSE IF" condition="&quot;${testcaseData}&quot; == &quot;TD018&quot;">
<kw name="check text page">
<var>${message}</var>
<status status="NOT RUN" starttime="20220919 21:17:19.595" endtime="20220919 21:17:19.595"/>
</kw>
<status status="NOT RUN" starttime="20220919 21:17:19.595" endtime="20220919 21:17:19.595"/>
</branch>
<branch type="ELSE IF" condition="&quot;${testcaseData}&quot; == &quot;TD019&quot;">
<kw name="check page message">
<var>${message}</var>
<status status="NOT RUN" starttime="20220919 21:17:19.595" endtime="20220919 21:17:19.595"/>
</kw>
<status status="NOT RUN" starttime="20220919 21:17:19.595" endtime="20220919 21:17:19.595"/>
</branch>
<branch type="ELSE IF" condition="&quot;${testcaseData}&quot; == &quot;TD021&quot;">
<kw name="check page message">
<var>${message}</var>
<status status="NOT RUN" starttime="20220919 21:17:19.595" endtime="20220919 21:17:19.595"/>
</kw>
<status status="NOT RUN" starttime="20220919 21:17:19.595" endtime="20220919 21:17:19.596"/>
</branch>
<branch type="ELSE IF" condition="&quot;${testcaseData}&quot; == &quot;TD008&quot;">
<kw name="check text page">
<var>${message}</var>
<status status="NOT RUN" starttime="20220919 21:17:19.596" endtime="20220919 21:17:19.596"/>
</kw>
<status status="NOT RUN" starttime="20220919 21:17:19.596" endtime="20220919 21:17:19.596"/>
</branch>
<branch type="ELSE IF" condition="&quot;${testcaseData}&quot; == &quot;TD009&quot;">
<kw name="check text page">
<var>${message}</var>
<status status="NOT RUN" starttime="20220919 21:17:19.596" endtime="20220919 21:17:19.596"/>
</kw>
<status status="NOT RUN" starttime="20220919 21:17:19.596" endtime="20220919 21:17:19.596"/>
</branch>
<branch type="ELSE IF" condition="&quot;${testcaseData}&quot; == &quot;TD010&quot;">
<kw name="check text page">
<var>${message}</var>
<status status="NOT RUN" starttime="20220919 21:17:19.596" endtime="20220919 21:17:19.596"/>
</kw>
<status status="NOT RUN" starttime="20220919 21:17:19.596" endtime="20220919 21:17:19.596"/>
</branch>
<branch type="ELSE IF" condition="&quot;${testcaseData}&quot; == &quot;TD013&quot;">
<kw name="check text page">
<var>${message}</var>
<status status="NOT RUN" starttime="20220919 21:17:19.596" endtime="20220919 21:17:19.596"/>
</kw>
<status status="NOT RUN" starttime="20220919 21:17:19.596" endtime="20220919 21:17:19.596"/>
</branch>
<branch type="ELSE IF" condition="&quot;${testcaseData}&quot; == &quot;TD017&quot;">
<kw name="check text page">
<var>${message}</var>
<status status="NOT RUN" starttime="20220919 21:17:19.596" endtime="20220919 21:17:19.596"/>
</kw>
<status status="NOT RUN" starttime="20220919 21:17:19.596" endtime="20220919 21:17:19.596"/>
</branch>
<branch type="ELSE IF" condition="&quot;${testcaseData}&quot; == &quot;TD020&quot;">
<kw name="check page message">
<var>${message}</var>
<status status="NOT RUN" starttime="20220919 21:17:19.597" endtime="20220919 21:17:19.597"/>
</kw>
<status status="NOT RUN" starttime="20220919 21:17:19.596" endtime="20220919 21:17:19.597"/>
</branch>
<branch type="ELSE">
<kw name="get text alert">
<var>${message}</var>
<status status="NOT RUN" starttime="20220919 21:17:19.597" endtime="20220919 21:17:19.597"/>
</kw>
<status status="NOT RUN" starttime="20220919 21:17:19.597" endtime="20220919 21:17:19.597"/>
</branch>
<status status="PASS" starttime="20220919 21:17:11.400" endtime="20220919 21:17:19.597"/>
</if>
<if>
<branch type="IF" condition="'${Actual_Result.strip()}' == '${message.strip()}'">
<kw name="Set Suite Variable" library="BuiltIn">
<arg>${Status}</arg>
<arg>True</arg>
<doc>Makes a variable available everywhere within the scope of the current suite.</doc>
<status status="NOT RUN" starttime="20220919 21:17:19.599" endtime="20220919 21:17:19.600"/>
</kw>
<status status="NOT RUN" starttime="20220919 21:17:19.599" endtime="20220919 21:17:19.600"/>
</branch>
<branch type="ELSE">
<kw name="Set Suite Variable" library="BuiltIn">
<arg>${Status}</arg>
<arg>False</arg>
<doc>Makes a variable available everywhere within the scope of the current suite.</doc>
<msg timestamp="20220919 21:17:19.600" level="INFO">${Status} = False</msg>
<status status="PASS" starttime="20220919 21:17:19.600" endtime="20220919 21:17:19.601"/>
</kw>
<status status="PASS" starttime="20220919 21:17:19.600" endtime="20220919 21:17:19.601"/>
</branch>
<status status="PASS" starttime="20220919 21:17:19.597" endtime="20220919 21:17:19.601"/>
</if>
<kw name="Log To Console" library="BuiltIn">
<arg>${Status}</arg>
<doc>Logs the given message to the console.</doc>
<status status="PASS" starttime="20220919 21:17:19.601" endtime="20220919 21:17:19.602"/>
</kw>
<status status="PASS" starttime="20220919 21:17:11.397" endtime="20220919 21:17:19.603"/>
</kw>
<msg timestamp="20220919 21:17:19.603" level="INFO">${Status_1} = False</msg>
<msg timestamp="20220919 21:17:19.603" level="INFO">${message_1} = เข้าสู่ระบบเรียบร้อยแล้ว</msg>
<status status="PASS" starttime="20220919 21:17:11.396" endtime="20220919 21:17:19.603"/>
</kw>
<kw name="Set Variable If" library="BuiltIn">
<var>${Status_Actual}</var>
<arg>${i}&lt;=${excel.max_row}</arg>
<arg>${Status_1}</arg>
<doc>Sets variable based on the given condition.</doc>
<msg timestamp="20220919 21:17:19.605" level="INFO">${Status_Actual} = False</msg>
<status status="PASS" starttime="20220919 21:17:19.603" endtime="20220919 21:17:19.605"/>
</kw>
<kw name="Set Variable If" library="BuiltIn">
<var>${Status}</var>
<arg>'${Status_Actual}' == 'True'</arg>
<arg>PASS</arg>
<arg>FAIL</arg>
<doc>Sets variable based on the given condition.</doc>
<msg timestamp="20220919 21:17:19.605" level="INFO">${Status} = FAIL</msg>
<status status="PASS" starttime="20220919 21:17:19.605" endtime="20220919 21:17:19.605"/>
</kw>
<kw name="Run Keyword If" library="BuiltIn">
<arg>'${Status}' == 'FAIL'</arg>
<arg>Capture Page Screenshot</arg>
<arg>${EXECDIR}/Result/TC02_Login/Screenshot/${testcaseData}.png</arg>
<doc>Runs the given keyword with the given arguments, if ``condition`` is true.</doc>
<kw name="Capture Page Screenshot" library="SeleniumLibrary">
<arg>${EXECDIR}/Result/TC02_Login/Screenshot/${testcaseData}.png</arg>
<doc>Takes a screenshot of the current page and embeds it into a log file.</doc>
<msg timestamp="20220919 21:17:20.277" level="INFO" html="true">&lt;/td&gt;&lt;/tr&gt;&lt;tr&gt;&lt;td colspan="3"&gt;&lt;a href="Screenshot/TD003.png"&gt;&lt;img src="Screenshot/TD003.png" width="800px"&gt;&lt;/a&gt;</msg>
<status status="PASS" starttime="20220919 21:17:19.606" endtime="20220919 21:17:20.278"/>
</kw>
<status status="PASS" starttime="20220919 21:17:19.605" endtime="20220919 21:17:20.278"/>
</kw>
<kw name="Set Variable If" library="BuiltIn">
<var>${get_message}</var>
<arg>${i}&lt;=${excel.max_row}</arg>
<arg>${message_1}</arg>
<doc>Sets variable based on the given condition.</doc>
<msg timestamp="20220919 21:17:20.280" level="INFO">${get_message} = เข้าสู่ระบบเรียบร้อยแล้ว</msg>
<status status="PASS" starttime="20220919 21:17:20.278" endtime="20220919 21:17:20.281"/>
</kw>
<kw name="Set Variable If" library="BuiltIn">
<var>${message}</var>
<arg>'${message_1}' == '${text_not_alert}'</arg>
<arg>${Empty}</arg>
<arg>${message_1}</arg>
<doc>Sets variable based on the given condition.</doc>
<msg timestamp="20220919 21:17:20.282" level="INFO">${message} = เข้าสู่ระบบเรียบร้อยแล้ว</msg>
<status status="PASS" starttime="20220919 21:17:20.281" endtime="20220919 21:17:20.282"/>
</kw>
<kw name="Set Variable If" library="BuiltIn">
<var>${Error}</var>
<arg>'${Status}' == 'FAIL'</arg>
<arg>Error</arg>
<arg>No Error</arg>
<doc>Sets variable based on the given condition.</doc>
<msg timestamp="20220919 21:17:20.282" level="INFO">${Error} = Error</msg>
<status status="PASS" starttime="20220919 21:17:20.282" endtime="20220919 21:17:20.282"/>
</kw>
<kw name="Set Variable If" library="BuiltIn">
<var>${Suggestion}</var>
<arg>'${Error}' == 'Not Found Alert' or '${Status}' == 'FAIL'</arg>
<arg>ควรมีการแจ้งเตือนให้ผู้ใช้งาน "${excel.cell(${i},4).value}"</arg>
<arg>-</arg>
<doc>Sets variable based on the given condition.</doc>
<msg timestamp="20220919 21:17:20.284" level="INFO">${Suggestion} = ควรมีการแจ้งเตือนให้ผู้ใช้งาน "กรุณากรอกชื่อผู้ใช้เป็นภาษาอังกฤษและตัวเลขและตัวอักขระพิเศษ ยกเว้น underscore (_) และ period (.) เท่านั้น"</msg>
<status status="PASS" starttime="20220919 21:17:20.282" endtime="20220919 21:17:20.284"/>
</kw>
<kw name="Write Excel Cell" library="ExcelLibrary">
<arg>${i}</arg>
<arg>5</arg>
<arg>value=${message}</arg>
<arg>sheet_name=TestData</arg>
<doc>Writes value to the cell.</doc>
<status status="PASS" starttime="20220919 21:17:20.284" endtime="20220919 21:17:20.285"/>
</kw>
<kw name="Write Excel Cell" library="ExcelLibrary">
<arg>${i}</arg>
<arg>6</arg>
<arg>value=${Status}</arg>
<arg>sheet_name=TestData</arg>
<doc>Writes value to the cell.</doc>
<status status="PASS" starttime="20220919 21:17:20.285" endtime="20220919 21:17:20.285"/>
</kw>
<kw name="Write Excel Cell" library="ExcelLibrary">
<arg>${i}</arg>
<arg>7</arg>
<arg>value=${Error}</arg>
<arg>sheet_name=TestData</arg>
<doc>Writes value to the cell.</doc>
<status status="PASS" starttime="20220919 21:17:20.285" endtime="20220919 21:17:20.286"/>
</kw>
<kw name="Write Excel Cell" library="ExcelLibrary">
<arg>${i}</arg>
<arg>8</arg>
<arg>value=${Suggestion}</arg>
<arg>sheet_name=TestData</arg>
<doc>Writes value to the cell.</doc>
<status status="PASS" starttime="20220919 21:17:20.286" endtime="20220919 21:17:20.286"/>
</kw>
<status status="PASS" starttime="20220919 21:17:04.606" endtime="20220919 21:17:20.286"/>
</iter>
<iter>
<var name="${i}">5</var>
<kw name="Set Variable If" library="BuiltIn">
<var>${tcid}</var>
<arg>'${excel.cell(${i},1).value}'=='None'</arg>
<arg>${Empty}</arg>
<arg>${excel.cell(${i},1).value}</arg>
<doc>Sets variable based on the given condition.</doc>
<msg timestamp="20220919 21:17:20.288" level="INFO">${tcid} = TD004</msg>
<status status="PASS" starttime="20220919 21:17:20.287" endtime="20220919 21:17:20.288"/>
</kw>
<kw name="Set Suite Variable" library="BuiltIn">
<arg>${testcaseData}</arg>
<arg>${tcid}</arg>
<doc>Makes a variable available everywhere within the scope of the current suite.</doc>
<msg timestamp="20220919 21:17:20.288" level="INFO">${testcaseData} = TD004</msg>
<status status="PASS" starttime="20220919 21:17:20.288" endtime="20220919 21:17:20.288"/>
</kw>
<kw name="Set Variable If" library="BuiltIn">
<var>${user}</var>
<arg>'${excel.cell(${i},2).value}'=='None'</arg>
<arg>${Empty}</arg>
<arg>${excel.cell(${i},2).value}</arg>
<doc>Sets variable based on the given condition.</doc>
<msg timestamp="20220919 21:17:20.290" level="INFO">${user} = JImIn 2234</msg>
<status status="PASS" starttime="20220919 21:17:20.289" endtime="20220919 21:17:20.290"/>
</kw>
<kw name="Set Variable If" library="BuiltIn">
<var>${pass}</var>
<arg>'${excel.cell(${i},3).value}'=='None'</arg>
<arg>${Empty}</arg>
<arg>${excel.cell(${i},3).value}</arg>
<doc>Sets variable based on the given condition.</doc>
<msg timestamp="20220919 21:17:20.292" level="INFO">${pass} = minnie1237</msg>
<status status="PASS" starttime="20220919 21:17:20.290" endtime="20220919 21:17:20.292"/>
</kw>
<kw name="Login Page">
<arg>${user}</arg>
<arg>${pass}</arg>
<kw name="Input Text" library="SeleniumLibrary">
<arg>${user_locate}</arg>
<arg>${username}</arg>
<doc>Types the given ``text`` into the text field identified by ``locator``.</doc>
<msg timestamp="20220919 21:17:20.293" level="INFO">Typing text 'JImIn 2234' into text field '//input[@id='user']'.</msg>
<status status="PASS" starttime="20220919 21:17:20.292" endtime="20220919 21:17:21.925"/>
</kw>
<kw name="Input Text" library="SeleniumLibrary">
<arg>${pass_locate}</arg>
<arg>${password}</arg>
<doc>Types the given ``text`` into the text field identified by ``locator``.</doc>
<msg timestamp="20220919 21:17:21.927" level="INFO">Typing text 'minnie1237' into text field '//input[@id='pass']'.</msg>
<status status="PASS" starttime="20220919 21:17:21.926" endtime="20220919 21:17:23.572"/>
</kw>
<kw name="Click Element" library="SeleniumLibrary">
<arg>${btn_login}</arg>
<doc>Click the element identified by ``locator``.</doc>
<msg timestamp="20220919 21:17:23.574" level="INFO">Clicking element '//input[@id='ok']'.</msg>
<status status="PASS" starttime="20220919 21:17:23.573" endtime="20220919 21:17:26.583"/>
</kw>
<status status="PASS" starttime="20220919 21:17:20.292" endtime="20220919 21:17:26.584"/>
</kw>
<kw name="Run Keyword If" library="BuiltIn">
<var>${Status_1}</var>
<var>${message_1}</var>
<arg>${i}&lt;=${excel.max_row}</arg>
<arg>Check Error page</arg>
<arg>${excel.cell(${i},4).value}</arg>
<doc>Runs the given keyword with the given arguments, if ``condition`` is true.</doc>
<kw name="Check Error page">
<arg>${excel.cell(${i},4).value}</arg>
<kw name="Log To Console" library="BuiltIn">
<arg>${testcaseData}</arg>
<doc>Logs the given message to the console.</doc>
<status status="PASS" starttime="20220919 21:17:26.588" endtime="20220919 21:17:26.588"/>
</kw>
<if>
<branch type="IF" condition="&quot;${testcaseData}&quot; == &quot;TD001&quot;">
<kw name="check text page">
<var>${message}</var>
<status status="NOT RUN" starttime="20220919 21:17:26.589" endtime="20220919 21:17:26.589"/>
</kw>
<status status="NOT RUN" starttime="20220919 21:17:26.589" endtime="20220919 21:17:26.589"/>
</branch>
<branch type="ELSE IF" condition="&quot;${testcaseData}&quot; == &quot;TD002&quot;">
<kw name="check text page">
<var>${message}</var>
<status status="NOT RUN" starttime="20220919 21:17:26.589" endtime="20220919 21:17:26.589"/>
</kw>
<status status="NOT RUN" starttime="20220919 21:17:26.589" endtime="20220919 21:17:26.589"/>
</branch>
<branch type="ELSE IF" condition="&quot;${testcaseData}&quot; == &quot;TD003&quot;">
<kw name="check text page">
<var>${message}</var>
<status status="NOT RUN" starttime="20220919 21:17:26.589" endtime="20220919 21:17:26.589"/>
</kw>
<status status="NOT RUN" starttime="20220919 21:17:26.589" endtime="20220919 21:17:26.589"/>
</branch>
<branch type="ELSE IF" condition="&quot;${testcaseData}&quot; == &quot;TD004&quot;">
<kw name="check text page">
<var>${message}</var>
<kw name="Check Page Login">
<var>${message}</var>
<arg>${text_page}</arg>
<kw name="Run Keyword And Return Status" library="BuiltIn">
<var>${Status}</var>
<arg>Wait Until Element Is Visible</arg>
<arg>${locator}</arg>
<arg>30s</arg>
<doc>Runs the given keyword with given arguments and returns the status as a Boolean value.</doc>
<kw name="Wait Until Element Is Visible" library="SeleniumLibrary">
<arg>${locator}</arg>
<arg>30s</arg>
<doc>Waits until the element ``locator`` is visible.</doc>
<status status="PASS" starttime="20220919 21:17:26.591" endtime="20220919 21:17:27.630"/>
</kw>
<msg timestamp="20220919 21:17:27.630" level="INFO">${Status} = True</msg>
<status status="PASS" starttime="20220919 21:17:26.590" endtime="20220919 21:17:27.630"/>
</kw>
<kw name="Set Variable If" library="BuiltIn">
<var>${Result}</var>
<arg>'${Status}'=='True'</arg>
<arg>เข้าสู่ระบบเรียบร้อยแล้ว</arg>
<arg>เข้าสู่ระบบไม่สำเร็จ</arg>
<doc>Sets variable based on the given condition.</doc>
<msg timestamp="20220919 21:17:27.631" level="INFO">${Result} = เข้าสู่ระบบเรียบร้อยแล้ว</msg>
<status status="PASS" starttime="20220919 21:17:27.630" endtime="20220919 21:17:27.631"/>
</kw>
<msg timestamp="20220919 21:17:27.631" level="INFO">${message} = เข้าสู่ระบบเรียบร้อยแล้ว</msg>
<status status="PASS" starttime="20220919 21:17:26.590" endtime="20220919 21:17:27.631"/>
</kw>
<kw name="Run Keyword And Ignore Error" library="BuiltIn">
<arg>LogOut</arg>
<doc>Runs the given keyword with the given arguments and ignores possible error.</doc>
<kw name="LogOut">
<kw name="Wait Until Element Is Visible" library="SeleniumLibrary">
<arg>${Cilk_LogOut}</arg>
<doc>Waits until the element ``locator`` is visible.</doc>
<status status="PASS" starttime="20220919 21:17:27.632" endtime="20220919 21:17:28.664"/>
</kw>
<kw name="Click Element" library="SeleniumLibrary">
<arg>${Cilk_LogOut}</arg>
<doc>Click the element identified by ``locator``.</doc>
<msg timestamp="20220919 21:17:28.665" level="INFO">Clicking element '//*[contains(text(),"ออกจากระบบ")]'.</msg>
<status status="PASS" starttime="20220919 21:17:28.664" endtime="20220919 21:17:30.631"/>
</kw>
<kw name="Run Keyword And Ignore Error" library="BuiltIn">
<arg>Handle Alert</arg>
<arg>timeout=5s</arg>
<arg>action=ACCEPT</arg>
<doc>Runs the given keyword with the given arguments and ignores possible error.</doc>
<kw name="Handle Alert" library="SeleniumLibrary">
<arg>timeout=5s</arg>
<arg>action=ACCEPT</arg>
<doc>Handles the current alert and returns its message.</doc>
<msg timestamp="20220919 21:17:30.632" level="INFO">HANDLE::&lt;class 'datetime.timedelta'&gt;::0:00:05</msg>
<status status="PASS" starttime="20220919 21:17:30.631" endtime="20220919 21:17:32.165"/>
</kw>
<status status="PASS" starttime="20220919 21:17:30.631" endtime="20220919 21:17:32.165"/>
</kw>
<kw name="Run Keyword And Ignore Error" library="BuiltIn">
<arg>Handle Alert</arg>
<arg>timeout=5s</arg>
<arg>action=ACCEPT</arg>
<doc>Runs the given keyword with the given arguments and ignores possible error.</doc>
<kw name="Handle Alert" library="SeleniumLibrary">
<arg>timeout=5s</arg>
<arg>action=ACCEPT</arg>
<doc>Handles the current alert and returns its message.</doc>
<msg timestamp="20220919 21:17:32.166" level="INFO">HANDLE::&lt;class 'datetime.timedelta'&gt;::0:00:05</msg>
<status status="PASS" starttime="20220919 21:17:32.165" endtime="20220919 21:17:33.691"/>
</kw>
<status status="PASS" starttime="20220919 21:17:32.165" endtime="20220919 21:17:33.691"/>
</kw>
<kw name="Go To" library="SeleniumLibrary">
<arg>${Login URl}</arg>
<doc>Navigates the current browser window to the provided ``url``.</doc>
<msg timestamp="20220919 21:17:33.691" level="INFO">Opening url 'http://localhost:8086/TeeDin/login'</msg>
<status status="PASS" starttime="20220919 21:17:33.691" endtime="20220919 21:17:34.821"/>
</kw>
<status status="PASS" starttime="20220919 21:17:27.631" endtime="20220919 21:17:34.821"/>
</kw>
<status status="PASS" starttime="20220919 21:17:27.631" endtime="20220919 21:17:34.821"/>
</kw>
<msg timestamp="20220919 21:17:34.821" level="INFO">${message} = เข้าสู่ระบบเรียบร้อยแล้ว</msg>
<status status="PASS" starttime="20220919 21:17:26.590" endtime="20220919 21:17:34.821"/>
</kw>
<status status="PASS" starttime="20220919 21:17:26.590" endtime="20220919 21:17:34.821"/>
</branch>
<branch type="ELSE IF" condition="&quot;${testcaseData}&quot; == &quot;TD006&quot;">
<kw name="check text page">
<var>${message}</var>
<status status="NOT RUN" starttime="20220919 21:17:34.822" endtime="20220919 21:17:34.822"/>
</kw>
<status status="NOT RUN" starttime="20220919 21:17:34.822" endtime="20220919 21:17:34.822"/>
</branch>
<branch type="ELSE IF" condition="&quot;${testcaseData}&quot; == &quot;TD007&quot;">
<kw name="check text page">
<var>${message}</var>
<status status="NOT RUN" starttime="20220919 21:17:34.822" endtime="20220919 21:17:34.822"/>
</kw>
<status status="NOT RUN" starttime="20220919 21:17:34.822" endtime="20220919 21:17:34.822"/>
</branch>
<branch type="ELSE IF" condition="&quot;${testcaseData}&quot; == &quot;TD010&quot;">
<kw name="check text page">
<var>${message}</var>
<status status="NOT RUN" starttime="20220919 21:17:34.822" endtime="20220919 21:17:34.822"/>
</kw>
<status status="NOT RUN" starttime="20220919 21:17:34.822" endtime="20220919 21:17:34.822"/>
</branch>
<branch type="ELSE IF" condition="&quot;${testcaseData}&quot; == &quot;TD012&quot;">
<kw name="check text page">
<var>${message}</var>
<status status="NOT RUN" starttime="20220919 21:17:34.822" endtime="20220919 21:17:34.822"/>
</kw>
<status status="NOT RUN" starttime="20220919 21:17:34.822" endtime="20220919 21:17:34.822"/>
</branch>
<branch type="ELSE IF" condition="&quot;${testcaseData}&quot; == &quot;TD013&quot;">
<kw name="check page message">
<var>${message}</var>
<status status="NOT RUN" starttime="20220919 21:17:34.822" endtime="20220919 21:17:34.822"/>
</kw>
<status status="NOT RUN" starttime="20220919 21:17:34.822" endtime="20220919 21:17:34.822"/>
</branch>
<branch type="ELSE IF" condition="&quot;${testcaseData}&quot; == &quot;TD015&quot;">
<kw name="check text page">
<var>${message}</var>
<status status="NOT RUN" starttime="20220919 21:17:34.823" endtime="20220919 21:17:34.823"/>
</kw>
<status status="NOT RUN" starttime="20220919 21:17:34.823" endtime="20220919 21:17:34.823"/>
</branch>
<branch type="ELSE IF" condition="&quot;${testcaseData}&quot; == &quot;TD016&quot;">
<kw name="check page message">
<var>${message}</var>
<status status="NOT RUN" starttime="20220919 21:17:34.823" endtime="20220919 21:17:34.823"/>
</kw>
<status status="NOT RUN" starttime="20220919 21:17:34.823" endtime="20220919 21:17:34.823"/>
</branch>
<branch type="ELSE IF" condition="&quot;${testcaseData}&quot; == &quot;TD018&quot;">
<kw name="check text page">
<var>${message}</var>
<status status="NOT RUN" starttime="20220919 21:17:34.823" endtime="20220919 21:17:34.823"/>
</kw>
<status status="NOT RUN" starttime="20220919 21:17:34.823" endtime="20220919 21:17:34.823"/>
</branch>
<branch type="ELSE IF" condition="&quot;${testcaseData}&quot; == &quot;TD019&quot;">
<kw name="check page message">
<var>${message}</var>
<status status="NOT RUN" starttime="20220919 21:17:34.823" endtime="20220919 21:17:34.823"/>
</kw>
<status status="NOT RUN" starttime="20220919 21:17:34.823" endtime="20220919 21:17:34.823"/>
</branch>
<branch type="ELSE IF" condition="&quot;${testcaseData}&quot; == &quot;TD021&quot;">
<kw name="check page message">
<var>${message}</var>
<status status="NOT RUN" starttime="20220919 21:17:34.823" endtime="20220919 21:17:34.823"/>
</kw>
<status status="NOT RUN" starttime="20220919 21:17:34.823" endtime="20220919 21:17:34.823"/>
</branch>
<branch type="ELSE IF" condition="&quot;${testcaseData}&quot; == &quot;TD008&quot;">
<kw name="check text page">
<var>${message}</var>
<status status="NOT RUN" starttime="20220919 21:17:34.823" endtime="20220919 21:17:34.823"/>
</kw>
<status status="NOT RUN" starttime="20220919 21:17:34.823" endtime="20220919 21:17:34.824"/>
</branch>
<branch type="ELSE IF" condition="&quot;${testcaseData}&quot; == &quot;TD009&quot;">
<kw name="check text page">
<var>${message}</var>
<status status="NOT RUN" starttime="20220919 21:17:34.824" endtime="20220919 21:17:34.824"/>
</kw>
<status status="NOT RUN" starttime="20220919 21:17:34.824" endtime="20220919 21:17:34.824"/>
</branch>
<branch type="ELSE IF" condition="&quot;${testcaseData}&quot; == &quot;TD010&quot;">
<kw name="check text page">
<var>${message}</var>
<status status="NOT RUN" starttime="20220919 21:17:34.824" endtime="20220919 21:17:34.824"/>
</kw>
<status status="NOT RUN" starttime="20220919 21:17:34.824" endtime="20220919 21:17:34.824"/>
</branch>
<branch type="ELSE IF" condition="&quot;${testcaseData}&quot; == &quot;TD013&quot;">
<kw name="check text page">
<var>${message}</var>
<status status="NOT RUN" starttime="20220919 21:17:34.824" endtime="20220919 21:17:34.824"/>
</kw>
<status status="NOT RUN" starttime="20220919 21:17:34.824" endtime="20220919 21:17:34.824"/>
</branch>
<branch type="ELSE IF" condition="&quot;${testcaseData}&quot; == &quot;TD017&quot;">
<kw name="check text page">
<var>${message}</var>
<status status="NOT RUN" starttime="20220919 21:17:34.824" endtime="20220919 21:17:34.824"/>
</kw>
<status status="NOT RUN" starttime="20220919 21:17:34.824" endtime="20220919 21:17:34.824"/>
</branch>
<branch type="ELSE IF" condition="&quot;${testcaseData}&quot; == &quot;TD020&quot;">
<kw name="check page message">
<var>${message}</var>
<status status="NOT RUN" starttime="20220919 21:17:34.824" endtime="20220919 21:17:34.824"/>
</kw>
<status status="NOT RUN" starttime="20220919 21:17:34.824" endtime="20220919 21:17:34.824"/>
</branch>
<branch type="ELSE">
<kw name="get text alert">
<var>${message}</var>
<status status="NOT RUN" starttime="20220919 21:17:34.824" endtime="20220919 21:17:34.824"/>
</kw>
<status status="NOT RUN" starttime="20220919 21:17:34.824" endtime="20220919 21:17:34.825"/>
</branch>
<status status="PASS" starttime="20220919 21:17:26.588" endtime="20220919 21:17:34.825"/>
</if>
<if>
<branch type="IF" condition="'${Actual_Result.strip()}' == '${message.strip()}'">
<kw name="Set Suite Variable" library="BuiltIn">
<arg>${Status}</arg>
<arg>True</arg>
<doc>Makes a variable available everywhere within the scope of the current suite.</doc>
<status status="NOT RUN" starttime="20220919 21:17:34.827" endtime="20220919 21:17:34.827"/>
</kw>
<status status="NOT RUN" starttime="20220919 21:17:34.827" endtime="20220919 21:17:34.828"/>
</branch>
<branch type="ELSE">
<kw name="Set Suite Variable" library="BuiltIn">
<arg>${Status}</arg>
<arg>False</arg>
<doc>Makes a variable available everywhere within the scope of the current suite.</doc>
<msg timestamp="20220919 21:17:34.828" level="INFO">${Status} = False</msg>
<status status="PASS" starttime="20220919 21:17:34.828" endtime="20220919 21:17:34.828"/>
</kw>
<status status="PASS" starttime="20220919 21:17:34.828" endtime="20220919 21:17:34.828"/>
</branch>
<status status="PASS" starttime="20220919 21:17:34.825" endtime="20220919 21:17:34.828"/>
</if>
<kw name="Log To Console" library="BuiltIn">
<arg>${Status}</arg>
<doc>Logs the given message to the console.</doc>
<status status="PASS" starttime="20220919 21:17:34.829" endtime="20220919 21:17:34.829"/>
</kw>
<status status="PASS" starttime="20220919 21:17:26.586" endtime="20220919 21:17:34.830"/>
</kw>
<msg timestamp="20220919 21:17:34.830" level="INFO">${Status_1} = False</msg>
[...]
<status status="PASS" starttime="20220919 21:22:07.322" endtime="20220919 21:22:07.324"/>
</kw>
<kw name="Login Page">
<arg>${user}</arg>
<arg>${pass}</arg>
<kw name="Input Text" library="SeleniumLibrary">
<arg>${user_locate}</arg>
<arg>${username}</arg>
<doc>Types the given ``text`` into the text field identified by ``locator``.</doc>
<msg timestamp="20220919 21:22:07.325" level="INFO">Typing text 'jimin_1245' into text field '//input[@id='user']'.</msg>
<status status="PASS" starttime="20220919 21:22:07.325" endtime="20220919 21:22:08.951"/>
</kw>
<kw name="Input Text" library="SeleniumLibrary">
<arg>${pass_locate}</arg>
<arg>${password}</arg>
<doc>Types the given ``text`` into the text field identified by ``locator``.</doc>
<msg timestamp="20220919 21:22:08.952" level="INFO">Typing text '' into text field '//input[@id='pass']'.</msg>
<status status="PASS" starttime="20220919 21:22:08.951" endtime="20220919 21:22:10.568"/>
</kw>
<kw name="Click Element" library="SeleniumLibrary">
<arg>${btn_login}</arg>
<doc>Click the element identified by ``locator``.</doc>
<msg timestamp="20220919 21:22:10.568" level="INFO">Clicking element '//input[@id='ok']'.</msg>
<status status="PASS" starttime="20220919 21:22:10.568" endtime="20220919 21:22:11.654"/>
</kw>
<status status="PASS" starttime="20220919 21:22:07.324" endtime="20220919 21:22:11.654"/>
</kw>
<kw name="Run Keyword If" library="BuiltIn">
<var>${Status_1}</var>
<var>${message_1}</var>
<arg>${i}&lt;=${excel.max_row}</arg>
<arg>Check Error page</arg>
<arg>${excel.cell(${i},4).value}</arg>
<doc>Runs the given keyword with the given arguments, if ``condition`` is true.</doc>
<kw name="Check Error page">
<arg>${excel.cell(${i},4).value}</arg>
<kw name="Log To Console" library="BuiltIn">
<arg>${testcaseData}</arg>
<doc>Logs the given message to the console.</doc>
<status status="PASS" starttime="20220919 21:22:11.658" endtime="20220919 21:22:11.659"/>
</kw>
<if>
<branch type="IF" condition="&quot;${testcaseData}&quot; == &quot;TD001&quot;">
<kw name="check text page">
<var>${message}</var>
<status status="NOT RUN" starttime="20220919 21:22:11.659" endtime="20220919 21:22:11.659"/>
</kw>
<status status="NOT RUN" starttime="20220919 21:22:11.659" endtime="20220919 21:22:11.659"/>
</branch>
<branch type="ELSE IF" condition="&quot;${testcaseData}&quot; == &quot;TD002&quot;">
<kw name="check text page">
<var>${message}</var>
<status status="NOT RUN" starttime="20220919 21:22:11.659" endtime="20220919 21:22:11.659"/>
</kw>
<status status="NOT RUN" starttime="20220919 21:22:11.659" endtime="20220919 21:22:11.659"/>
</branch>
<branch type="ELSE IF" condition="&quot;${testcaseData}&quot; == &quot;TD003&quot;">
<kw name="check text page">
<var>${message}</var>
<status status="NOT RUN" starttime="20220919 21:22:11.660" endtime="20220919 21:22:11.660"/>
</kw>
<status status="NOT RUN" starttime="20220919 21:22:11.659" endtime="20220919 21:22:11.660"/>
</branch>
<branch type="ELSE IF" condition="&quot;${testcaseData}&quot; == &quot;TD004&quot;">
<kw name="check text page">
<var>${message}</var>
<status status="NOT RUN" starttime="20220919 21:22:11.660" endtime="20220919 21:22:11.660"/>
</kw>
<status status="NOT RUN" starttime="20220919 21:22:11.660" endtime="20220919 21:22:11.660"/>
</branch>
<branch type="ELSE IF" condition="&quot;${testcaseData}&quot; == &quot;TD006&quot;">
<kw name="check text page">
<var>${message}</var>
<status status="NOT RUN" starttime="20220919 21:22:11.660" endtime="20220919 21:22:11.660"/>
</kw>
<status status="NOT RUN" starttime="20220919 21:22:11.660" endtime="20220919 21:22:11.660"/>
</branch>
<branch type="ELSE IF" condition="&quot;${testcaseData}&quot; == &quot;TD007&quot;">
<kw name="check text page">
<var>${message}</var>
<status status="NOT RUN" starttime="20220919 21:22:11.661" endtime="20220919 21:22:11.661"/>
</kw>
<status status="NOT RUN" starttime="20220919 21:22:11.661" endtime="20220919 21:22:11.661"/>
</branch>
<branch type="ELSE IF" condition="&quot;${testcaseData}&quot; == &quot;TD010&quot;">
<kw name="check text page">
<var>${message}</var>
<status status="NOT RUN" starttime="20220919 21:22:11.661" endtime="20220919 21:22:11.661"/>
</kw>
<status status="NOT RUN" starttime="20220919 21:22:11.661" endtime="20220919 21:22:11.661"/>
</branch>
<branch type="ELSE IF" condition="&quot;${testcaseData}&quot; == &quot;TD012&quot;">
<kw name="check text page">
<var>${message}</var>
<status status="NOT RUN" starttime="20220919 21:22:11.661" endtime="20220919 21:22:11.661"/>
</kw>
<status status="NOT RUN" starttime="20220919 21:22:11.661" endtime="20220919 21:22:11.661"/>
</branch>
<branch type="ELSE IF" condition="&quot;${testcaseData}&quot; == &quot;TD013&quot;">
<kw name="check page message">
<var>${message}</var>
<status status="NOT RUN" starttime="20220919 21:22:11.662" endtime="20220919 21:22:11.662"/>
</kw>
<status status="NOT RUN" starttime="20220919 21:22:11.662" endtime="20220919 21:22:11.662"/>
</branch>
<branch type="ELSE IF" condition="&quot;${testcaseData}&quot; == &quot;TD015&quot;">
<kw name="check text page">
<var>${message}</var>
<status status="NOT RUN" starttime="20220919 21:22:11.662" endtime="20220919 21:22:11.662"/>
</kw>
<status status="NOT RUN" starttime="20220919 21:22:11.662" endtime="20220919 21:22:11.662"/>
</branch>
<branch type="ELSE IF" condition="&quot;${testcaseData}&quot; == &quot;TD016&quot;">
<kw name="check page message">
<var>${message}</var>
<status status="NOT RUN" starttime="20220919 21:22:11.662" endtime="20220919 21:22:11.662"/>
</kw>
<status status="NOT RUN" starttime="20220919 21:22:11.662" endtime="20220919 21:22:11.662"/>
</branch>
<branch type="ELSE IF" condition="&quot;${testcaseData}&quot; == &quot;TD018&quot;">
<kw name="check text page">
<var>${message}</var>
<status status="NOT RUN" starttime="20220919 21:22:11.663" endtime="20220919 21:22:11.663"/>
</kw>
<status status="NOT RUN" starttime="20220919 21:22:11.662" endtime="20220919 21:22:11.663"/>
</branch>
<branch type="ELSE IF" condition="&quot;${testcaseData}&quot; == &quot;TD019&quot;">
<kw name="check page message">
<var>${message}</var>
<status status="NOT RUN" starttime="20220919 21:22:11.663" endtime="20220919 21:22:11.663"/>
</kw>
<status status="NOT RUN" starttime="20220919 21:22:11.663" endtime="20220919 21:22:11.663"/>
</branch>
<branch type="ELSE IF" condition="&quot;${testcaseData}&quot; == &quot;TD021&quot;">
<kw name="check page message">
<var>${message}</var>
<status status="NOT RUN" starttime="20220919 21:22:11.663" endtime="20220919 21:22:11.663"/>
</kw>
<status status="NOT RUN" starttime="20220919 21:22:11.663" endtime="20220919 21:22:11.663"/>
</branch>
<branch type="ELSE IF" condition="&quot;${testcaseData}&quot; == &quot;TD008&quot;">
<kw name="check text page">
<var>${message}</var>
<status status="NOT RUN" starttime="20220919 21:22:11.664" endtime="20220919 21:22:11.664"/>
</kw>
<status status="NOT RUN" starttime="20220919 21:22:11.663" endtime="20220919 21:22:11.664"/>
</branch>
<branch type="ELSE IF" condition="&quot;${testcaseData}&quot; == &quot;TD009&quot;">
<kw name="check text page">
<var>${message}</var>
<status status="NOT RUN" starttime="20220919 21:22:11.664" endtime="20220919 21:22:11.664"/>
</kw>
<status status="NOT RUN" starttime="20220919 21:22:11.664" endtime="20220919 21:22:11.664"/>
</branch>
<branch type="ELSE IF" condition="&quot;${testcaseData}&quot; == &quot;TD010&quot;">
<kw name="check text page">
<var>${message}</var>
<status status="NOT RUN" starttime="20220919 21:22:11.664" endtime="20220919 21:22:11.664"/>
</kw>
<status status="NOT RUN" starttime="20220919 21:22:11.664" endtime="20220919 21:22:11.664"/>
</branch>
<branch type="ELSE IF" condition="&quot;${testcaseData}&quot; == &quot;TD013&quot;">
<kw name="check text page">
<var>${message}</var>
<status status="NOT RUN" starttime="20220919 21:22:11.665" endtime="20220919 21:22:11.665"/>
</kw>
<status status="NOT RUN" starttime="20220919 21:22:11.664" endtime="20220919 21:22:11.665"/>
</branch>
<branch type="ELSE IF" condition="&quot;${testcaseData}&quot; == &quot;TD017&quot;">
<kw name="check text page">
<var>${message}</var>
<status status="NOT RUN" starttime="20220919 21:22:11.665" endtime="20220919 21:22:11.665"/>
</kw>
<status status="NOT RUN" starttime="20220919 21:22:11.665" endtime="20220919 21:22:11.665"/>
</branch>
<branch type="ELSE IF" condition="&quot;${testcaseData}&quot; == &quot;TD020&quot;">
<kw name="check page message">
<var>${message}</var>
<status status="NOT RUN" starttime="20220919 21:22:11.665" endtime="20220919 21:22:11.665"/>
</kw>
<status status="NOT RUN" starttime="20220919 21:22:11.665" endtime="20220919 21:22:11.665"/>
</branch>
<branch type="ELSE">
<kw name="get text alert">
<var>${message}</var>
<kw name="Run Keyword And Ignore Error" library="BuiltIn">
<var>${get_message}</var>
<arg>Handle Alert</arg>
<arg>timeout=5s</arg>
<doc>Runs the given keyword with the given arguments and ignores possible error.</doc>
<kw name="Handle Alert" library="SeleniumLibrary">
<arg>timeout=5s</arg>
<doc>Handles the current alert and returns its message.</doc>
<msg timestamp="20220919 21:22:11.667" level="INFO">HANDLE::&lt;class 'datetime.timedelta'&gt;::0:00:05</msg>
<status status="PASS" starttime="20220919 21:22:11.666" endtime="20220919 21:22:13.193"/>
</kw>
<msg timestamp="20220919 21:22:13.193" level="INFO">${get_message} = ('PASS', 'กรุณากรอกรหัสผ่าน')</msg>
<status status="PASS" starttime="20220919 21:22:11.666" endtime="20220919 21:22:13.193"/>
</kw>
<kw name="Convert To String" library="BuiltIn">
<var>${message}</var>
<arg>${get_message}[1]</arg>
<doc>Converts the given item to a Unicode string.</doc>
<msg timestamp="20220919 21:22:13.194" level="INFO">${message} = กรุณากรอกรหัสผ่าน</msg>
<status status="PASS" starttime="20220919 21:22:13.193" endtime="20220919 21:22:13.194"/>
</kw>
<kw name="Run Keyword And Ignore Error" library="BuiltIn">
<arg>LogOut</arg>
<doc>Runs the given keyword with the given arguments and ignores possible error.</doc>
<kw name="LogOut">
<kw name="Wait Until Element Is Visible" library="SeleniumLibrary">
<arg>${Cilk_LogOut}</arg>
<doc>Waits until the element ``locator`` is visible.</doc>
<msg timestamp="20220919 21:22:18.932" level="INFO" html="true">&lt;/td&gt;&lt;/tr&gt;&lt;tr&gt;&lt;td colspan="3"&gt;&lt;a href="selenium-screenshot-45.png"&gt;&lt;img src="selenium-screenshot-45.png" width="800px"&gt;&lt;/a&gt;</msg>
<msg timestamp="20220919 21:22:18.932" level="FAIL">Element '//*[contains(text(),"ออกจากระบบ")]' not visible after 5 seconds.</msg>
<status status="FAIL" starttime="20220919 21:22:13.194" endtime="20220919 21:22:18.933"/>
</kw>
<kw name="Click Element" library="SeleniumLibrary">
<arg>${Cilk_LogOut}</arg>
<doc>Click the element identified by ``locator``.</doc>
<status status="NOT RUN" starttime="20220919 21:22:18.934" endtime="20220919 21:22:18.935"/>
</kw>
<kw name="Run Keyword And Ignore Error" library="BuiltIn">
<arg>Handle Alert</arg>
<arg>timeout=5s</arg>
<arg>action=ACCEPT</arg>
<doc>Runs the given keyword with the given arguments and ignores possible error.</doc>
<status status="NOT RUN" starttime="20220919 21:22:18.935" endtime="20220919 21:22:18.935"/>
</kw>
<kw name="Run Keyword And Ignore Error" library="BuiltIn">
<arg>Handle Alert</arg>
<arg>timeout=5s</arg>
<arg>action=ACCEPT</arg>
<doc>Runs the given keyword with the given arguments and ignores possible error.</doc>
<status status="NOT RUN" starttime="20220919 21:22:18.935" endtime="20220919 21:22:18.935"/>
</kw>
<kw name="Go To" library="SeleniumLibrary">
<arg>${Login URl}</arg>
<doc>Navigates the current browser window to the provided ``url``.</doc>
<status status="NOT RUN" starttime="20220919 21:22:18.935" endtime="20220919 21:22:18.935"/>
</kw>
<status status="FAIL" starttime="20220919 21:22:13.194" endtime="20220919 21:22:18.937"/>
</kw>
<status status="PASS" starttime="20220919 21:22:13.194" endtime="20220919 21:22:18.937"/>
</kw>
<msg timestamp="20220919 21:22:18.937" level="INFO">${message} = กรุณากรอกรหัสผ่าน</msg>
<status status="PASS" starttime="20220919 21:22:11.665" endtime="20220919 21:22:18.937"/>
</kw>
<status status="PASS" starttime="20220919 21:22:11.665" endtime="20220919 21:22:18.938"/>
</branch>
<status status="PASS" starttime="20220919 21:22:11.659" endtime="20220919 21:22:18.938"/>
</if>
<if>
<branch type="IF" condition="'${Actual_Result.strip()}' == '${message.strip()}'">
<kw name="Set Suite Variable" library="BuiltIn">
<arg>${Status}</arg>
<arg>True</arg>
<doc>Makes a variable available everywhere within the scope of the current suite.</doc>
<msg timestamp="20220919 21:22:18.940" level="INFO">${Status} = True</msg>
<status status="PASS" starttime="20220919 21:22:18.940" endtime="20220919 21:22:18.940"/>
</kw>
<status status="PASS" starttime="20220919 21:22:18.939" endtime="20220919 21:22:18.940"/>
</branch>
<branch type="ELSE">
<kw name="Set Suite Variable" library="BuiltIn">
<arg>${Status}</arg>
<arg>False</arg>
<doc>Makes a variable available everywhere within the scope of the current suite.</doc>
<status status="NOT RUN" starttime="20220919 21:22:18.941" endtime="20220919 21:22:18.941"/>
</kw>
<status status="NOT RUN" starttime="20220919 21:22:18.940" endtime="20220919 21:22:18.941"/>
</branch>
<status status="PASS" starttime="20220919 21:22:18.938" endtime="20220919 21:22:18.941"/>
</if>
<kw name="Log To Console" library="BuiltIn">
<arg>${Status}</arg>
<doc>Logs the given message to the console.</doc>
<status status="PASS" starttime="20220919 21:22:18.941" endtime="20220919 21:22:18.942"/>
</kw>
<status status="PASS" starttime="20220919 21:22:11.656" endtime="20220919 21:22:18.943"/>
</kw>
<msg timestamp="20220919 21:22:18.943" level="INFO">${Status_1} = True</msg>
<msg timestamp="20220919 21:22:18.943" level="INFO">${message_1} = กรุณากรอกรหัสผ่าน</msg>
<status status="PASS" starttime="20220919 21:22:11.655" endtime="20220919 21:22:18.943"/>
</kw>
<kw name="Set Variable If" library="BuiltIn">
<var>${Status_Actual}</var>
<arg>${i}&lt;=${excel.max_row}</arg>
<arg>${Status_1}</arg>
<doc>Sets variable based on the given condition.</doc>
<msg timestamp="20220919 21:22:18.945" level="INFO">${Status_Actual} = True</msg>
<status status="PASS" starttime="20220919 21:22:18.943" endtime="20220919 21:22:18.945"/>
</kw>
<kw name="Set Variable If" library="BuiltIn">
<var>${Status}</var>
<arg>'${Status_Actual}' == 'True'</arg>
<arg>PASS</arg>
<arg>FAIL</arg>
<doc>Sets variable based on the given condition.</doc>
<msg timestamp="20220919 21:22:18.946" level="INFO">${Status} = PASS</msg>
<status status="PASS" starttime="20220919 21:22:18.945" endtime="20220919 21:22:18.946"/>
</kw>
<kw name="Run Keyword If" library="BuiltIn">
<arg>'${Status}' == 'FAIL'</arg>
<arg>Capture Page Screenshot</arg>
<arg>${EXECDIR}/Result/TC02_Login/Screenshot/${testcaseData}.png</arg>
<doc>Runs the given keyword with the given arguments, if ``condition`` is true.</doc>
<status status="PASS" starttime="20220919 21:22:18.946" endtime="20220919 21:22:18.946"/>
</kw>
<kw name="Set Variable If" library="BuiltIn">
<var>${get_message}</var>
<arg>${i}&lt;=${excel.max_row}</arg>
<arg>${message_1}</arg>
<doc>Sets variable based on the given condition.</doc>
<msg timestamp="20220919 21:22:18.947" level="INFO">${get_message} = กรุณากรอกรหัสผ่าน</msg>
<status status="PASS" starttime="20220919 21:22:18.946" endtime="20220919 21:22:18.947"/>
</kw>
<kw name="Set Variable If" library="BuiltIn">
<var>${message}</var>
<arg>'${message_1}' == '${text_not_alert}'</arg>
<arg>${Empty}</arg>
<arg>${message_1}</arg>
<doc>Sets variable based on the given condition.</doc>
<msg timestamp="20220919 21:22:18.949" level="INFO">${message} = กรุณากรอกรหัสผ่าน</msg>
<status status="PASS" starttime="20220919 21:22:18.948" endtime="20220919 21:22:18.949"/>
</kw>
<kw name="Set Variable If" library="BuiltIn">
<var>${Error}</var>
<arg>'${Status}' == 'FAIL'</arg>
<arg>Error</arg>
<arg>No Error</arg>
<doc>Sets variable based on the given condition.</doc>
<msg timestamp="20220919 21:22:18.950" level="INFO">${Error} = No Error</msg>
<status status="PASS" starttime="20220919 21:22:18.949" endtime="20220919 21:22:18.950"/>
</kw>
<kw name="Set Variable If" library="BuiltIn">
<var>${Suggestion}</var>
<arg>'${Error}' == 'Not Found Alert' or '${Status}' == 'FAIL'</arg>
<arg>ควรมีการแจ้งเตือนให้ผู้ใช้งาน "${excel.cell(${i},4).value}"</arg>
<arg>-</arg>
<doc>Sets variable based on the given condition.</doc>
<msg timestamp="20220919 21:22:18.951" level="INFO">${Suggestion} = -</msg>
<status status="PASS" starttime="20220919 21:22:18.950" endtime="20220919 21:22:18.951"/>
</kw>
<kw name="Write Excel Cell" library="ExcelLibrary">
<arg>${i}</arg>
<arg>5</arg>
<arg>value=${message}</arg>
<arg>sheet_name=TestData</arg>
<doc>Writes value to the cell.</doc>
<status status="PASS" starttime="20220919 21:22:18.952" endtime="20220919 21:22:18.953"/>
</kw>
<kw name="Write Excel Cell" library="ExcelLibrary">
<arg>${i}</arg>
<arg>6</arg>
<arg>value=${Status}</arg>
<arg>sheet_name=TestData</arg>
<doc>Writes value to the cell.</doc>
<status status="PASS" starttime="20220919 21:22:18.953" endtime="20220919 21:22:18.954"/>
</kw>
<kw name="Write Excel Cell" library="ExcelLibrary">
<arg>${i}</arg>
<arg>7</arg>
<arg>value=${Error}</arg>
<arg>sheet_name=TestData</arg>
<doc>Writes value to the cell.</doc>
<status status="PASS" starttime="20220919 21:22:18.954" endtime="20220919 21:22:18.955"/>
</kw>
<kw name="Write Excel Cell" library="ExcelLibrary">
<arg>${i}</arg>
<arg>8</arg>
<arg>value=${Suggestion}</arg>
<arg>sheet_name=TestData</arg>
<doc>Writes value to the cell.</doc>
<status status="PASS" starttime="20220919 21:22:18.955" endtime="20220919 21:22:18.956"/>
</kw>
<status status="PASS" starttime="20220919 21:22:07.315" endtime="20220919 21:22:18.956"/>
</iter>
<status status="PASS" starttime="20220919 21:16:19.754" endtime="20220919 21:22:18.956"/>
</for>
<kw name="Save Excel Document" library="ExcelLibrary">
<arg>Result/WriteExcel/TC02_Login_result.xlsx</arg>
<doc>Saves the current document to disk.</doc>
<status status="PASS" starttime="20220919 21:22:18.956" endtime="20220919 21:22:18.987"/>
</kw>
<kw name="Close All Excel Documents" library="ExcelLibrary">
<doc>Closes all opened documents.</doc>
<status status="PASS" starttime="20220919 21:22:18.988" endtime="20220919 21:22:18.988"/>
</kw>
<kw name="CloseWebBrowser" library="RS_Login">
<kw name="Close Browser" library="SeleniumLibrary">
<doc>Closes the current browser.</doc>
<status status="PASS" starttime="20220919 21:22:18.989" endtime="20220919 21:22:21.724"/>
</kw>
<status status="PASS" starttime="20220919 21:22:18.988" endtime="20220919 21:22:21.724"/>
</kw>
<kw name="Stop Video Recording" library="ScreenCapLibrary">
<arg>alias=None</arg>
<doc>Stops the video recording corresponding to the given ``alias`` and generates the file in WebM format. If no
``alias`` is specified, the last opened recording will be closed. If there are more recordings with the same
alias all of them will be closed. If ``embed`` argument was set to
``True`` the video will be displayed in the log file.
Furthermore, if the ``save_to_disk`` parameter is set to ``False``, the video will be embedded and available in
the log file only.</doc>
<msg timestamp="20220919 21:22:21.786" level="INFO" html="true">&lt;a href="TC02_Login_5.webm"&gt;&lt;video width="100px" autoplay&gt;&lt;source src="TC02_Login_5.webm" type="video/webm"&gt;&lt;/video&gt;&lt;/a&gt;</msg>
<status status="PASS" starttime="20220919 21:22:21.725" endtime="20220919 21:22:21.786"/>
</kw>
<status status="PASS" starttime="20220919 21:16:13.642" endtime="20220919 21:22:21.787"/>
</test>
<status status="PASS" starttime="20220919 21:16:11.565" endtime="20220919 21:22:21.788"/>
</suite>
<statistics>
<total>
<stat pass="1" fail="0" skip="0">All Tests</stat>
</total>
<tag>
</tag>
<suite>
<stat pass="1" fail="0" skip="0" id="s1" name="TC02 Login">TC02 Login</stat>
</suite>
</statistics>
<errors>
</errors>
</robot>
