<?xml version="1.0" encoding="UTF-8"?>
<robot generator="Robot 5.0.1 (Python 3.10.0 on win32)" generated="20220919 23:10:49.397" rpa="false" schemaversion="3">
<suite id="s1" name="TC07 Send Email Complaint" source="C:\Users\Acer\Documents\Miniproject_test\Project\Teedin\TestCases\TC07_Send_Email_Complaint.robot">
<test id="s1-t1" name="TC07_Send_Email_Complaint" line="11">
<kw name="Customer Login">
<kw name="Open Browser" library="SeleniumLibrary">
<arg>${Login URl}</arg>
<arg>${BROWSER}</arg>
<doc>Opens a new browser instance to the optional ``url``.</doc>
<msg timestamp="20220919 23:10:51.948" level="INFO">Opening browser 'chrome' to base url 'http://localhost:8086/TeeDin/login'.</msg>
<status status="PASS" starttime="20220919 23:10:51.947" endtime="20220919 23:10:58.751"/>
</kw>
<kw name="Maximize Browser Window" library="SeleniumLibrary">
<doc>Maximizes current browser window.</doc>
<status status="PASS" starttime="20220919 23:10:58.752" endtime="20220919 23:10:58.886"/>
</kw>
<kw name="Wait Until Element Is Visible" library="SeleniumLibrary">
<arg>${user_locate}</arg>
<arg>30s</arg>
<doc>Waits until the element ``locator`` is visible.</doc>
<status status="PASS" starttime="20220919 23:10:58.886" endtime="20220919 23:10:58.932"/>
</kw>
<kw name="Input Text" library="SeleniumLibrary">
<arg>${user_locate}</arg>
<arg>khun123</arg>
<doc>Types the given ``text`` into the text field identified by ``locator``.</doc>
<msg timestamp="20220919 23:10:58.933" level="INFO">Typing text 'khun123' into text field '//input[@id='user']'.</msg>
<status status="PASS" starttime="20220919 23:10:58.932" endtime="20220919 23:10:59.062"/>
</kw>
<kw name="Input Password" library="SeleniumLibrary">
<arg>${pass_locate}</arg>
<arg>123456</arg>
<doc>Types the given password into the text field identified by ``locator``.</doc>
<msg timestamp="20220919 23:10:59.063" level="INFO">Typing password into text field '//input[@id='pass']'.</msg>
<msg timestamp="20220919 23:10:59.102" level="INFO">Temporally setting log level to: NONE</msg>
<msg timestamp="20220919 23:10:59.150" level="INFO">Log level changed from NONE to INFO.</msg>
<status status="PASS" starttime="20220919 23:10:59.063" endtime="20220919 23:10:59.151"/>
</kw>
<kw name="Wait Until Element Is Visible" library="SeleniumLibrary">
<arg>${btn_login}</arg>
<arg>30s</arg>
<doc>Waits until the element ``locator`` is visible.</doc>
<status status="PASS" starttime="20220919 23:10:59.151" endtime="20220919 23:10:59.176"/>
</kw>
<kw name="Click Button" library="SeleniumLibrary">
<arg>${btn_login}</arg>
<doc>Clicks the button identified by ``locator``.</doc>
<msg timestamp="20220919 23:10:59.176" level="INFO">Clicking button '//input[@id='ok']'.</msg>
<status status="PASS" starttime="20220919 23:10:59.176" endtime="20220919 23:11:14.029"/>
</kw>
<kw name="Sleep" library="BuiltIn">
<arg>1s</arg>
<doc>Pauses the test executed for the given time.</doc>
<msg timestamp="20220919 23:11:15.035" level="INFO">Slept 1 second</msg>
<status status="PASS" starttime="20220919 23:11:14.030" endtime="20220919 23:11:15.036"/>
</kw>
<kw name="Go To" library="SeleniumLibrary">
<arg>${Email_URL}</arg>
<doc>Navigates the current browser window to the provided ``url``.</doc>
<msg timestamp="20220919 23:11:15.037" level="INFO">Opening url 'http://localhost:8086/TeeDin/sendemail'</msg>
<status status="PASS" starttime="20220919 23:11:15.036" endtime="20220919 23:11:15.569"/>
</kw>
<status status="PASS" starttime="20220919 23:10:51.946" endtime="20220919 23:11:15.569"/>
</kw>
<kw name="Start Video Recording" library="ScreenCapLibrary">
<arg>alias=None</arg>
<arg>name=TC07_Send_Email_Complaint</arg>
<arg>fps=None</arg>
<arg>size_percentage=1</arg>
<arg>embed=True</arg>
<arg>embed_width=100px</arg>
<arg>monitor=1</arg>
<doc>Starts the recording of a video in the background with the specified ``name``.
The recording can be stopped by calling the `Stop Video Recording` keyword.</doc>
<msg timestamp="20220919 23:11:17.919" level="INFO">Automatically setting a fps of 6.0</msg>
<status status="PASS" starttime="20220919 23:11:15.571" endtime="20220919 23:11:17.922"/>
</kw>
<kw name="Open Excel Document" library="ExcelLibrary">
<arg>TestData//TC07_Send_Email_Complaint.xlsx</arg>
<arg>doc_id=TestData</arg>
<doc>Opens xlsx document file.</doc>
<status status="PASS" starttime="20220919 23:11:17.923" endtime="20220919 23:11:17.944"/>
</kw>
<kw name="Get Sheet" library="ExcelLibrary">
<var>${eclin}</var>
<arg>TestData</arg>
<doc>Returns a page from the current document.</doc>
<msg timestamp="20220919 23:11:17.946" level="INFO">${eclin} = &lt;Worksheet "TestData"&gt;</msg>
<status status="PASS" starttime="20220919 23:11:17.945" endtime="20220919 23:11:17.946"/>
</kw>
<for flavor="IN RANGE">
<var>${i}</var>
<value>2</value>
<value>${eclin.max_row+1}</value>
<iter>
<var name="${i}">2</var>
<kw name="Set Variable If" library="BuiltIn">
<var>${tcid}</var>
<arg>'${eclin.cell(${i},1).value}'=='None'</arg>
<arg>${Empty}</arg>
<arg>${eclin.cell(${i},1).value}</arg>
<doc>Sets variable based on the given condition.</doc>
<msg timestamp="20220919 23:11:17.950" level="INFO">${tcid} = TD001</msg>
<status status="PASS" starttime="20220919 23:11:17.948" endtime="20220919 23:11:17.950"/>
</kw>
<kw name="Set Suite Variable" library="BuiltIn">
<arg>${testcaseData}</arg>
<arg>${tcid}</arg>
<doc>Makes a variable available everywhere within the scope of the current suite.</doc>
<msg timestamp="20220919 23:11:17.952" level="INFO">${testcaseData} = TD001</msg>
<status status="PASS" starttime="20220919 23:11:17.950" endtime="20220919 23:11:17.952"/>
</kw>
<kw name="Set Variable If" library="BuiltIn">
<var>${s_Office}</var>
<arg>'${eclin.cell(${i},2).value}'=='None'</arg>
<arg>${Empty}</arg>
<arg>${eclin.cell(${i},2).value}</arg>
<doc>Sets variable based on the given condition.</doc>
<msg timestamp="20220919 23:11:17.954" level="INFO">${s_Office} = สำนักงานที่ดินจังหวัดนครศรีธรรมราช สาขาทุ่งสง</msg>
<status status="PASS" starttime="20220919 23:11:17.953" endtime="20220919 23:11:17.954"/>
</kw>
<kw name="Set Variable If" library="BuiltIn">
<var>${s_emailMessage}</var>
<arg>'${eclin.cell(${i},3).value}'=='None'</arg>
<arg>${Empty}</arg>
<arg>${eclin.cell(${i},3).value}</arg>
<doc>Sets variable based on the given condition.</doc>
<msg timestamp="20220919 23:11:17.956" level="INFO">${s_emailMessage} = ค้นหางานรังวัดไม่พบค่ะ</msg>
<status status="PASS" starttime="20220919 23:11:17.955" endtime="20220919 23:11:17.957"/>
</kw>
<if>
<branch type="IF" condition="${i} &gt;= 3">
<kw name="Go To" library="SeleniumLibrary">
<arg>${Email_URL}</arg>
<doc>Navigates the current browser window to the provided ``url``.</doc>
<status status="NOT RUN" starttime="20220919 23:11:17.957" endtime="20220919 23:11:17.957"/>
</kw>
<status status="NOT RUN" starttime="20220919 23:11:17.957" endtime="20220919 23:11:17.957"/>
</branch>
<status status="PASS" starttime="20220919 23:11:17.957" endtime="20220919 23:11:17.957"/>
</if>
<kw name="Send Email Complaint Page">
<arg>${s_Office}</arg>
<arg>${s_emailMessage}</arg>
<kw name="Run Keyword If" library="BuiltIn">
<arg>'${s_Office}'!='${Empty}'</arg>
<arg>Select From List By Label</arg>
<arg>${Office}</arg>
<arg>${s_Office}</arg>
<doc>Runs the given keyword with the given arguments, if ``condition`` is true.</doc>
<kw name="Select From List By Label" library="SeleniumLibrary">
<arg>${Office}</arg>
<arg>${s_Office}</arg>
<doc>Selects options from selection list ``locator`` by ``labels``.</doc>
<msg timestamp="20220919 23:11:17.961" level="INFO">Selecting options from selection list '//select[@id='office_id']' by label สำนักงานที่ดินจังหวัดนครศรีธรรมราช สาขาทุ่งสง.</msg>
<status status="PASS" starttime="20220919 23:11:17.960" endtime="20220919 23:11:18.067"/>
</kw>
<status status="PASS" starttime="20220919 23:11:17.958" endtime="20220919 23:11:18.067"/>
</kw>
<kw name="Input Text" library="SeleniumLibrary">
<arg>${emailMessage}</arg>
<arg>${s_emailMessage}</arg>
<doc>Types the given ``text`` into the text field identified by ``locator``.</doc>
<msg timestamp="20220919 23:11:18.071" level="INFO">Typing text 'ค้นหางานรังวัดไม่พบค่ะ' into text field '//textarea[@id='emailMessage']'.</msg>
<status status="PASS" starttime="20220919 23:11:18.068" endtime="20220919 23:11:18.217"/>
</kw>
<kw name="Click Element" library="SeleniumLibrary">
<arg>${Cilk_button}</arg>
<doc>Click the element identified by ``locator``.</doc>
<msg timestamp="20220919 23:11:18.219" level="INFO">Clicking element '//button[@id='ok']'.</msg>
<status status="PASS" starttime="20220919 23:11:18.218" endtime="20220919 23:11:18.275"/>
</kw>
<kw name="Sleep" library="BuiltIn">
<arg>5s</arg>
<doc>Pauses the test executed for the given time.</doc>
<msg timestamp="20220919 23:11:23.279" level="INFO">Slept 5 seconds</msg>
<status status="PASS" starttime="20220919 23:11:18.275" endtime="20220919 23:11:23.279"/>
</kw>
<status status="PASS" starttime="20220919 23:11:17.958" endtime="20220919 23:11:23.280"/>
</kw>
<kw name="Run Keyword If" library="BuiltIn">
<var>${Status_1}</var>
<var>${message_1}</var>
<arg>${i}&lt;=${eclin.max_row}</arg>
<arg>Check Error page</arg>
<arg>${eclin.cell(${i},4).value}</arg>
<doc>Runs the given keyword with the given arguments, if ``condition`` is true.</doc>
<kw name="Check Error page">
<arg>${eclin.cell(${i},4).value}</arg>
<kw name="Log To Console" library="BuiltIn">
<arg>${testcaseData}</arg>
<doc>Logs the given message to the console.</doc>
<status status="PASS" starttime="20220919 23:11:23.286" endtime="20220919 23:11:23.288"/>
</kw>
<if>
<branch type="IF" condition="&quot;${testcaseData}&quot; == &quot;TD001&quot;">
<kw name="Check Home Page">
<var>${message}</var>
<arg>${text_error}</arg>
<kw name="Run Keyword And Return Status" library="BuiltIn">
<var>${Status}</var>
<arg>Wait Until Element Is Visible</arg>
<arg>${locator}</arg>
<arg>30s</arg>
<doc>Runs the given keyword with given arguments and returns the status as a Boolean value.</doc>
<kw name="Wait Until Element Is Visible" library="SeleniumLibrary">
<arg>${locator}</arg>
<arg>30s</arg>
<doc>Waits until the element ``locator`` is visible.</doc>
<status status="PASS" starttime="20220919 23:11:23.291" endtime="20220919 23:11:23.336"/>
</kw>
<msg timestamp="20220919 23:11:23.337" level="INFO">${Status} = True</msg>
<status status="PASS" starttime="20220919 23:11:23.290" endtime="20220919 23:11:23.337"/>
</kw>
<kw name="Set Variable If" library="BuiltIn">
<var>${Result}</var>
<arg>'${Status}'=='True'</arg>
<arg>ส่งเรื่องร้องเรียนสำเร็จ</arg>
<arg>ส่งเรื่องร้องเรียนไม่สำเร็จ</arg>
<doc>Sets variable based on the given condition.</doc>
<msg timestamp="20220919 23:11:23.338" level="INFO">${Result} = ส่งเรื่องร้องเรียนสำเร็จ</msg>
<status status="PASS" starttime="20220919 23:11:23.337" endtime="20220919 23:11:23.338"/>
</kw>
<msg timestamp="20220919 23:11:23.338" level="INFO">${message} = ส่งเรื่องร้องเรียนสำเร็จ</msg>
<status status="PASS" starttime="20220919 23:11:23.289" endtime="20220919 23:11:23.338"/>
</kw>
<status status="PASS" starttime="20220919 23:11:23.288" endtime="20220919 23:11:23.338"/>
</branch>
<branch type="ELSE IF" condition="&quot;${testcaseData}&quot; == &quot;TD002&quot;">
<kw name="Check Home Page">
<var>${message}</var>
<arg>${text_error}</arg>
<status status="NOT RUN" starttime="20220919 23:11:23.339" endtime="20220919 23:11:23.339"/>
</kw>
<status status="NOT RUN" starttime="20220919 23:11:23.338" endtime="20220919 23:11:23.339"/>
</branch>
<branch type="ELSE IF" condition="&quot;${testcaseData}&quot; == &quot;TD003&quot;">
<kw name="Check Home Page">
<var>${message}</var>
<arg>${text_error}</arg>
<status status="NOT RUN" starttime="20220919 23:11:23.339" endtime="20220919 23:11:23.339"/>
</kw>
<status status="NOT RUN" starttime="20220919 23:11:23.339" endtime="20220919 23:11:23.339"/>
</branch>
<branch type="ELSE IF" condition="&quot;${testcaseData}&quot; == &quot;TD004&quot;">
<kw name="Check Home Page">
<var>${message}</var>
<arg>${text_error}</arg>
<status status="NOT RUN" starttime="20220919 23:11:23.339" endtime="20220919 23:11:23.339"/>
</kw>
<status status="NOT RUN" starttime="20220919 23:11:23.339" endtime="20220919 23:11:23.340"/>
</branch>
<branch type="ELSE IF" condition="&quot;${testcaseData}&quot; == &quot;TD007&quot;">
<kw name="Check Home Page">
<var>${message}</var>
<arg>${text_error}</arg>
<status status="NOT RUN" starttime="20220919 23:11:23.340" endtime="20220919 23:11:23.340"/>
</kw>
<status status="NOT RUN" starttime="20220919 23:11:23.340" endtime="20220919 23:11:23.340"/>
</branch>
<branch type="ELSE IF" condition="&quot;${testcaseData}&quot; == &quot;TD008&quot;">
<kw name="Check Home Page">
<var>${message}</var>
<arg>${text_error}</arg>
<status status="NOT RUN" starttime="20220919 23:11:23.340" endtime="20220919 23:11:23.340"/>
</kw>
<status status="NOT RUN" starttime="20220919 23:11:23.340" endtime="20220919 23:11:23.340"/>
</branch>
<branch type="ELSE IF" condition="&quot;${testcaseData}&quot; == &quot;TD009&quot;">
<kw name="Check Home Page">
<var>${message}</var>
<arg>${text_error}</arg>
<status status="NOT RUN" starttime="20220919 23:11:23.340" endtime="20220919 23:11:23.341"/>
</kw>
<status status="NOT RUN" starttime="20220919 23:11:23.340" endtime="20220919 23:11:23.341"/>
</branch>
<branch type="ELSE IF" condition="&quot;${testcaseData}&quot; == &quot;TD010&quot;">
<kw name="Check Home Page">
<var>${message}</var>
<arg>${text_error}</arg>
<status status="NOT RUN" starttime="20220919 23:11:23.341" endtime="20220919 23:11:23.341"/>
</kw>
<status status="NOT RUN" starttime="20220919 23:11:23.341" endtime="20220919 23:11:23.341"/>
</branch>
<branch type="ELSE IF" condition="&quot;${testcaseData}&quot; == &quot;TD011&quot;">
<kw name="Check Home Page">
<var>${message}</var>
<arg>${text_error}</arg>
<status status="NOT RUN" starttime="20220919 23:11:23.341" endtime="20220919 23:11:23.341"/>
</kw>
<status status="NOT RUN" starttime="20220919 23:11:23.341" endtime="20220919 23:11:23.341"/>
</branch>
<branch type="ELSE">
<kw name="Run Keyword And Ignore Error" library="BuiltIn">
<var>${get_message}</var>
<arg>Handle Alert</arg>
<arg>timeout=5s</arg>
<doc>Runs the given keyword with the given arguments and ignores possible error.</doc>
<status status="NOT RUN" starttime="20220919 23:11:23.342" endtime="20220919 23:11:23.342"/>
</kw>
<kw name="Convert To String" library="BuiltIn">
<var>${message}</var>
<arg>${get_message}[1]</arg>
<doc>Converts the given item to a Unicode string.</doc>
<status status="NOT RUN" starttime="20220919 23:11:23.342" endtime="20220919 23:11:23.342"/>
</kw>
<status status="NOT RUN" starttime="20220919 23:11:23.341" endtime="20220919 23:11:23.342"/>
</branch>
<status status="PASS" starttime="20220919 23:11:23.288" endtime="20220919 23:11:23.342"/>
</if>
<if>
<branch type="IF" condition="'${Actual_Result.strip()}' == '${message.strip()}'">
<kw name="Set Suite Variable" library="BuiltIn">
<arg>${Status}</arg>
<arg>True</arg>
<doc>Makes a variable available everywhere within the scope of the current suite.</doc>
<msg timestamp="20220919 23:11:23.356" level="INFO">${Status} = True</msg>
<status status="PASS" starttime="20220919 23:11:23.352" endtime="20220919 23:11:23.356"/>
</kw>
<status status="PASS" starttime="20220919 23:11:23.351" endtime="20220919 23:11:23.356"/>
</branch>
<branch type="ELSE">
<kw name="Set Suite Variable" library="BuiltIn">
<arg>${Status}</arg>
<arg>False</arg>
<doc>Makes a variable available everywhere within the scope of the current suite.</doc>
<status status="NOT RUN" starttime="20220919 23:11:23.357" endtime="20220919 23:11:23.357"/>
</kw>
<status status="NOT RUN" starttime="20220919 23:11:23.356" endtime="20220919 23:11:23.358"/>
</branch>
<status status="PASS" starttime="20220919 23:11:23.343" endtime="20220919 23:11:23.359"/>
</if>
<kw name="Log To Console" library="BuiltIn">
<arg>${message}</arg>
<doc>Logs the given message to the console.</doc>
<status status="PASS" starttime="20220919 23:11:23.359" endtime="20220919 23:11:23.364"/>
</kw>
<kw name="Log To Console" library="BuiltIn">
<arg>${Status}</arg>
<doc>Logs the given message to the console.</doc>
<status status="PASS" starttime="20220919 23:11:23.364" endtime="20220919 23:11:23.365"/>
</kw>
<status status="PASS" starttime="20220919 23:11:23.283" endtime="20220919 23:11:23.366"/>
</kw>
<msg timestamp="20220919 23:11:23.367" level="INFO">${Status_1} = True</msg>
<msg timestamp="20220919 23:11:23.367" level="INFO">${message_1} = ส่งเรื่องร้องเรียนสำเร็จ</msg>
<status status="PASS" starttime="20220919 23:11:23.280" endtime="20220919 23:11:23.367"/>
</kw>
<kw name="Set Variable If" library="BuiltIn">
<var>${Status_Actual}</var>
<arg>${i}&lt;=${eclin.max_row}</arg>
<arg>${Status_1}</arg>
<doc>Sets variable based on the given condition.</doc>
<msg timestamp="20220919 23:11:23.372" level="INFO">${Status_Actual} = True</msg>
<status status="PASS" starttime="20220919 23:11:23.368" endtime="20220919 23:11:23.372"/>
</kw>
<kw name="Set Variable If" library="BuiltIn">
<var>${Status}</var>
<arg>'${Status_Actual}' == 'True'</arg>
<arg>PASS</arg>
<arg>FAIL</arg>
<doc>Sets variable based on the given condition.</doc>
<msg timestamp="20220919 23:11:23.374" level="INFO">${Status} = PASS</msg>
<status status="PASS" starttime="20220919 23:11:23.372" endtime="20220919 23:11:23.374"/>
</kw>
<kw name="Run Keyword If" library="BuiltIn">
<arg>'${Status}' == 'FAIL'</arg>
<arg>Capture Page Screenshot</arg>
<arg>${EXECDIR}/Result/TC07_Send_Email_Complaint/Screenshot/${testcaseData}.png</arg>
<doc>Runs the given keyword with the given arguments, if ``condition`` is true.</doc>
<status status="PASS" starttime="20220919 23:11:23.374" endtime="20220919 23:11:23.374"/>
</kw>
<kw name="Set Variable If" library="BuiltIn">
<var>${get_message}</var>
<arg>${i}&lt;=${eclin.max_row}</arg>
<arg>${message_1}</arg>
<doc>Sets variable based on the given condition.</doc>
<msg timestamp="20220919 23:11:23.378" level="INFO">${get_message} = ส่งเรื่องร้องเรียนสำเร็จ</msg>
<status status="PASS" starttime="20220919 23:11:23.375" endtime="20220919 23:11:23.378"/>
</kw>
<kw name="Set Variable If" library="BuiltIn">
<var>${message}</var>
<arg>'${message_1}' == '${text_not_alert}'</arg>
<arg>${Empty}</arg>
<arg>${message_1}</arg>
<doc>Sets variable based on the given condition.</doc>
<msg timestamp="20220919 23:11:23.381" level="INFO">${message} = ส่งเรื่องร้องเรียนสำเร็จ</msg>
<status status="PASS" starttime="20220919 23:11:23.379" endtime="20220919 23:11:23.381"/>
</kw>
<kw name="Set Variable If" library="BuiltIn">
<var>${Error}</var>
<arg>'${Status}' == 'FAIL'</arg>
<arg>Error</arg>
<arg>No Error</arg>
<doc>Sets variable based on the given condition.</doc>
<msg timestamp="20220919 23:11:23.384" level="INFO">${Error} = No Error</msg>
<status status="PASS" starttime="20220919 23:11:23.382" endtime="20220919 23:11:23.384"/>
</kw>
<kw name="Set Variable If" library="BuiltIn">
<var>${Suggestion}</var>
<arg>'${Error}' == 'Not Found Alert' or '${Status}' == 'FAIL'</arg>
<arg>ควรมีการแจ้งเตือนให้ผู้ใช้งาน "${eclin.cell(${i},4).value}"</arg>
<arg>-</arg>
<doc>Sets variable based on the given condition.</doc>
<msg timestamp="20220919 23:11:23.387" level="INFO">${Suggestion} = -</msg>
<status status="PASS" starttime="20220919 23:11:23.385" endtime="20220919 23:11:23.387"/>
</kw>
<kw name="Write Excel Cell" library="ExcelLibrary">
<arg>${i}</arg>
<arg>5</arg>
<arg>value=${message}</arg>
<arg>sheet_name=TestData</arg>
<doc>Writes value to the cell.</doc>
<status status="PASS" starttime="20220919 23:11:23.387" endtime="20220919 23:11:23.388"/>
</kw>
<kw name="Write Excel Cell" library="ExcelLibrary">
<arg>${i}</arg>
<arg>6</arg>
<arg>value=${Status}</arg>
<arg>sheet_name=TestData</arg>
<doc>Writes value to the cell.</doc>
<status status="PASS" starttime="20220919 23:11:23.388" endtime="20220919 23:11:23.389"/>
</kw>
<kw name="Write Excel Cell" library="ExcelLibrary">
<arg>${i}</arg>
<arg>7</arg>
<arg>value=${Error}</arg>
<arg>sheet_name=TestData</arg>
<doc>Writes value to the cell.</doc>
<status status="PASS" starttime="20220919 23:11:23.390" endtime="20220919 23:11:23.392"/>
</kw>
<kw name="Write Excel Cell" library="ExcelLibrary">
<arg>${i}</arg>
<arg>8</arg>
<arg>value=${Suggestion}</arg>
<arg>sheet_name=TestData</arg>
<doc>Writes value to the cell.</doc>
<status status="PASS" starttime="20220919 23:11:23.393" endtime="20220919 23:11:23.394"/>
</kw>
<status status="PASS" starttime="20220919 23:11:17.948" endtime="20220919 23:11:23.394"/>
</iter>
<iter>
<var name="${i}">3</var>
<kw name="Set Variable If" library="BuiltIn">
<var>${tcid}</var>
<arg>'${eclin.cell(${i},1).value}'=='None'</arg>
<arg>${Empty}</arg>
<arg>${eclin.cell(${i},1).value}</arg>
<doc>Sets variable based on the given condition.</doc>
<msg timestamp="20220919 23:11:23.397" level="INFO">${tcid} = TD002</msg>
<status status="PASS" starttime="20220919 23:11:23.394" endtime="20220919 23:11:23.397"/>
</kw>
<kw name="Set Suite Variable" library="BuiltIn">
<arg>${testcaseData}</arg>
<arg>${tcid}</arg>
<doc>Makes a variable available everywhere within the scope of the current suite.</doc>
<msg timestamp="20220919 23:11:23.397" level="INFO">${testcaseData} = TD002</msg>
<status status="PASS" starttime="20220919 23:11:23.397" endtime="20220919 23:11:23.397"/>
</kw>
<kw name="Set Variable If" library="BuiltIn">
<var>${s_Office}</var>
<arg>'${eclin.cell(${i},2).value}'=='None'</arg>
<arg>${Empty}</arg>
<arg>${eclin.cell(${i},2).value}</arg>
<doc>Sets variable based on the given condition.</doc>
<msg timestamp="20220919 23:11:23.401" level="INFO">${s_Office} = </msg>
<status status="PASS" starttime="20220919 23:11:23.398" endtime="20220919 23:11:23.401"/>
</kw>
<kw name="Set Variable If" library="BuiltIn">
<var>${s_emailMessage}</var>
<arg>'${eclin.cell(${i},3).value}'=='None'</arg>
<arg>${Empty}</arg>
<arg>${eclin.cell(${i},3).value}</arg>
<doc>Sets variable based on the given condition.</doc>
<msg timestamp="20220919 23:11:23.406" level="INFO">${s_emailMessage} = ค้นหางานรังวัดไม่พบค่ะ</msg>
<status status="PASS" starttime="20220919 23:11:23.402" endtime="20220919 23:11:23.407"/>
</kw>
<if>
<branch type="IF" condition="${i} &gt;= 3">
<kw name="Go To" library="SeleniumLibrary">
<arg>${Email_URL}</arg>
<doc>Navigates the current browser window to the provided ``url``.</doc>
<msg timestamp="20220919 23:11:23.411" level="INFO">Opening url 'http://localhost:8086/TeeDin/sendemail'</msg>
<status status="PASS" starttime="20220919 23:11:23.410" endtime="20220919 23:11:23.720"/>
</kw>
<status status="PASS" starttime="20220919 23:11:23.408" endtime="20220919 23:11:23.720"/>
</branch>
<status status="PASS" starttime="20220919 23:11:23.407" endtime="20220919 23:11:23.720"/>
</if>
<kw name="Send Email Complaint Page">
<arg>${s_Office}</arg>
<arg>${s_emailMessage}</arg>
<kw name="Run Keyword If" library="BuiltIn">
<arg>'${s_Office}'!='${Empty}'</arg>
<arg>Select From List By Label</arg>
<arg>${Office}</arg>
<arg>${s_Office}</arg>
<doc>Runs the given keyword with the given arguments, if ``condition`` is true.</doc>
<status status="PASS" starttime="20220919 23:11:23.722" endtime="20220919 23:11:23.724"/>
</kw>
<kw name="Input Text" library="SeleniumLibrary">
<arg>${emailMessage}</arg>
<arg>${s_emailMessage}</arg>
<doc>Types the given ``text`` into the text field identified by ``locator``.</doc>
<msg timestamp="20220919 23:11:23.727" level="INFO">Typing text 'ค้นหางานรังวัดไม่พบค่ะ' into text field '//textarea[@id='emailMessage']'.</msg>
<status status="PASS" starttime="20220919 23:11:23.724" endtime="20220919 23:11:23.901"/>
</kw>
<kw name="Click Element" library="SeleniumLibrary">
<arg>${Cilk_button}</arg>
<doc>Click the element identified by ``locator``.</doc>
<msg timestamp="20220919 23:11:23.903" level="INFO">Clicking element '//button[@id='ok']'.</msg>
<status status="PASS" starttime="20220919 23:11:23.901" endtime="20220919 23:11:23.993"/>
</kw>
<kw name="Sleep" library="BuiltIn">
<arg>5s</arg>
<doc>Pauses the test executed for the given time.</doc>
<msg timestamp="20220919 23:11:29.007" level="INFO">Slept 5 seconds</msg>
<status status="PASS" starttime="20220919 23:11:23.994" endtime="20220919 23:11:29.008"/>
</kw>
<status status="PASS" starttime="20220919 23:11:23.720" endtime="20220919 23:11:29.008"/>
</kw>
<kw name="Run Keyword If" library="BuiltIn">
<var>${Status_1}</var>
<var>${message_1}</var>
<arg>${i}&lt;=${eclin.max_row}</arg>
<arg>Check Error page</arg>
<arg>${eclin.cell(${i},4).value}</arg>
<doc>Runs the given keyword with the given arguments, if ``condition`` is true.</doc>
<kw name="Check Error page">
<arg>${eclin.cell(${i},4).value}</arg>
<kw name="Log To Console" library="BuiltIn">
<arg>${testcaseData}</arg>
<doc>Logs the given message to the console.</doc>
<status status="PASS" starttime="20220919 23:11:29.014" endtime="20220919 23:11:29.020"/>
</kw>
<if>
<branch type="IF" condition="&quot;${testcaseData}&quot; == &quot;TD001&quot;">
<kw name="Check Home Page">
<var>${message}</var>
<arg>${text_error}</arg>
<status status="NOT RUN" starttime="20220919 23:11:29.022" endtime="20220919 23:11:29.022"/>
</kw>
<status status="NOT RUN" starttime="20220919 23:11:29.021" endtime="20220919 23:11:29.023"/>
</branch>
<branch type="ELSE IF" condition="&quot;${testcaseData}&quot; == &quot;TD002&quot;">
<kw name="Check Home Page">
<var>${message}</var>
<arg>${text_error}</arg>
<kw name="Run Keyword And Return Status" library="BuiltIn">
<var>${Status}</var>
<arg>Wait Until Element Is Visible</arg>
<arg>${locator}</arg>
<arg>30s</arg>
<doc>Runs the given keyword with given arguments and returns the status as a Boolean value.</doc>
<kw name="Wait Until Element Is Visible" library="SeleniumLibrary">
<arg>${locator}</arg>
<arg>30s</arg>
<doc>Waits until the element ``locator`` is visible.</doc>
<status status="PASS" starttime="20220919 23:11:29.028" endtime="20220919 23:11:29.076"/>
</kw>
<msg timestamp="20220919 23:11:29.076" level="INFO">${Status} = True</msg>
<status status="PASS" starttime="20220919 23:11:29.026" endtime="20220919 23:11:29.076"/>
</kw>
<kw name="Set Variable If" library="BuiltIn">
<var>${Result}</var>
<arg>'${Status}'=='True'</arg>
<arg>ส่งเรื่องร้องเรียนสำเร็จ</arg>
<arg>ส่งเรื่องร้องเรียนไม่สำเร็จ</arg>
<doc>Sets variable based on the given condition.</doc>
<msg timestamp="20220919 23:11:29.077" level="INFO">${Result} = ส่งเรื่องร้องเรียนสำเร็จ</msg>
<status status="PASS" starttime="20220919 23:11:29.076" endtime="20220919 23:11:29.077"/>
</kw>
<msg timestamp="20220919 23:11:29.078" level="INFO">${message} = ส่งเรื่องร้องเรียนสำเร็จ</msg>
<status status="PASS" starttime="20220919 23:11:29.024" endtime="20220919 23:11:29.078"/>
</kw>
<status status="PASS" starttime="20220919 23:11:29.023" endtime="20220919 23:11:29.078"/>
</branch>
<branch type="ELSE IF" condition="&quot;${testcaseData}&quot; == &quot;TD003&quot;">
<kw name="Check Home Page">
<var>${message}</var>
<arg>${text_error}</arg>
<status status="NOT RUN" starttime="20220919 23:11:29.078" endtime="20220919 23:11:29.079"/>
</kw>
<status status="NOT RUN" starttime="20220919 23:11:29.078" endtime="20220919 23:11:29.079"/>
</branch>
<branch type="ELSE IF" condition="&quot;${testcaseData}&quot; == &quot;TD004&quot;">
<kw name="Check Home Page">
<var>${message}</var>
<arg>${text_error}</arg>
<status status="NOT RUN" starttime="20220919 23:11:29.079" endtime="20220919 23:11:29.080"/>
</kw>
<status status="NOT RUN" starttime="20220919 23:11:29.079" endtime="20220919 23:11:29.080"/>
</branch>
<branch type="ELSE IF" condition="&quot;${testcaseData}&quot; == &quot;TD007&quot;">
<kw name="Check Home Page">
<var>${message}</var>
<arg>${text_error}</arg>
<status status="NOT RUN" starttime="20220919 23:11:29.081" endtime="20220919 23:11:29.081"/>
</kw>
<status status="NOT RUN" starttime="20220919 23:11:29.080" endtime="20220919 23:11:29.081"/>
</branch>
<branch type="ELSE IF" condition="&quot;${testcaseData}&quot; == &quot;TD008&quot;">
<kw name="Check Home Page">
<var>${message}</var>
<arg>${text_error}</arg>
<status status="NOT RUN" starttime="20220919 23:11:29.082" endtime="20220919 23:11:29.082"/>
</kw>
<status status="NOT RUN" starttime="20220919 23:11:29.081" endtime="20220919 23:11:29.082"/>
</branch>
<branch type="ELSE IF" condition="&quot;${testcaseData}&quot; == &quot;TD009&quot;">
<kw name="Check Home Page">
<var>${message}</var>
<arg>${text_error}</arg>
<status status="NOT RUN" starttime="20220919 23:11:29.083" endtime="20220919 23:11:29.083"/>
</kw>
<status status="NOT RUN" starttime="20220919 23:11:29.082" endtime="20220919 23:11:29.083"/>
</branch>
<branch type="ELSE IF" condition="&quot;${testcaseData}&quot; == &quot;TD010&quot;">
<kw name="Check Home Page">
<var>${message}</var>
<arg>${text_error}</arg>
<status status="NOT RUN" starttime="20220919 23:11:29.083" endtime="20220919 23:11:29.084"/>
</kw>
<status status="NOT RUN" starttime="20220919 23:11:29.083" endtime="20220919 23:11:29.084"/>
</branch>
<branch type="ELSE IF" condition="&quot;${testcaseData}&quot; == &quot;TD011&quot;">
<kw name="Check Home Page">
<var>${message}</var>
<arg>${text_error}</arg>
<status status="NOT RUN" starttime="20220919 23:11:29.084" endtime="20220919 23:11:29.084"/>
</kw>
<status status="NOT RUN" starttime="20220919 23:11:29.084" endtime="20220919 23:11:29.084"/>
</branch>
<branch type="ELSE">
<kw name="Run Keyword And Ignore Error" library="BuiltIn">
<var>${get_message}</var>
<arg>Handle Alert</arg>
<arg>timeout=5s</arg>
<doc>Runs the given keyword with the given arguments and ignores possible error.</doc>
<status status="NOT RUN" starttime="20220919 23:11:29.085" endtime="20220919 23:11:29.085"/>
</kw>
<kw name="Convert To String" library="BuiltIn">
<var>${message}</var>
<arg>${get_message}[1]</arg>
<doc>Converts the given item to a Unicode string.</doc>
<status status="NOT RUN" starttime="20220919 23:11:29.085" endtime="20220919 23:11:29.085"/>
</kw>
<status status="NOT RUN" starttime="20220919 23:11:29.084" endtime="20220919 23:11:29.085"/>
</branch>
<status status="PASS" starttime="20220919 23:11:29.020" endtime="20220919 23:11:29.086"/>
</if>
<if>
<branch type="IF" condition="'${Actual_Result.strip()}' == '${message.strip()}'">
<kw name="Set Suite Variable" library="BuiltIn">
<arg>${Status}</arg>
<arg>True</arg>
<doc>Makes a variable available everywhere within the scope of the current suite.</doc>
<status status="NOT RUN" starttime="20220919 23:11:29.089" endtime="20220919 23:11:29.090"/>
</kw>
<status status="NOT RUN" starttime="20220919 23:11:29.088" endtime="20220919 23:11:29.090"/>
</branch>
<branch type="ELSE">
<kw name="Set Suite Variable" library="BuiltIn">
<arg>${Status}</arg>
<arg>False</arg>
<doc>Makes a variable available everywhere within the scope of the current suite.</doc>
<msg timestamp="20220919 23:11:29.094" level="INFO">${Status} = False</msg>
<status status="PASS" starttime="20220919 23:11:29.092" endtime="20220919 23:11:29.094"/>
</kw>
<status status="PASS" starttime="20220919 23:11:29.091" endtime="20220919 23:11:29.094"/>
</branch>
<status status="PASS" starttime="20220919 23:11:29.086" endtime="20220919 23:11:29.094"/>
</if>
<kw name="Log To Console" library="BuiltIn">
<arg>${message}</arg>
<doc>Logs the given message to the console.</doc>
<status status="PASS" starttime="20220919 23:11:29.095" endtime="20220919 23:11:29.097"/>
</kw>
<kw name="Log To Console" library="BuiltIn">
<arg>${Status}</arg>
<doc>Logs the given message to the console.</doc>
<status status="PASS" starttime="20220919 23:11:29.098" endtime="20220919 23:11:29.099"/>
</kw>
<status status="PASS" starttime="20220919 23:11:29.011" endtime="20220919 23:11:29.099"/>
</kw>
<msg timestamp="20220919 23:11:29.100" level="INFO">${Status_1} = False</msg>
<msg timestamp="20220919 23:11:29.100" level="INFO">${message_1} = ส่งเรื่องร้องเรียนสำเร็จ</msg>
<status status="PASS" starttime="20220919 23:11:29.008" endtime="20220919 23:11:29.100"/>
</kw>
<kw name="Set Variable If" library="BuiltIn">
<var>${Status_Actual}</var>
<arg>${i}&lt;=${eclin.max_row}</arg>
<arg>${Status_1}</arg>
<doc>Sets variable based on the given condition.</doc>
<msg timestamp="20220919 23:11:29.104" level="INFO">${Status_Actual} = False</msg>
<status status="PASS" starttime="20220919 23:11:29.100" endtime="20220919 23:11:29.104"/>
</kw>
<kw name="Set Variable If" library="BuiltIn">
<var>${Status}</var>
<arg>'${Status_Actual}' == 'True'</arg>
<arg>PASS</arg>
<arg>FAIL</arg>
<doc>Sets variable based on the given condition.</doc>
<msg timestamp="20220919 23:11:29.106" level="INFO">${Status} = FAIL</msg>
<status status="PASS" starttime="20220919 23:11:29.105" endtime="20220919 23:11:29.106"/>
</kw>
<kw name="Run Keyword If" library="BuiltIn">
<arg>'${Status}' == 'FAIL'</arg>
<arg>Capture Page Screenshot</arg>
<arg>${EXECDIR}/Result/TC07_Send_Email_Complaint/Screenshot/${testcaseData}.png</arg>
<doc>Runs the given keyword with the given arguments, if ``condition`` is true.</doc>
<kw name="Capture Page Screenshot" library="SeleniumLibrary">
<arg>${EXECDIR}/Result/TC07_Send_Email_Complaint/Screenshot/${testcaseData}.png</arg>
<doc>Takes a screenshot of the current page and embeds it into a log file.</doc>
<msg timestamp="20220919 23:11:29.738" level="INFO" html="true">&lt;/td&gt;&lt;/tr&gt;&lt;tr&gt;&lt;td colspan="3"&gt;&lt;a href="Screenshot/TD002.png"&gt;&lt;img src="Screenshot/TD002.png" width="800px"&gt;&lt;/a&gt;</msg>
<status status="PASS" starttime="20220919 23:11:29.109" endtime="20220919 23:11:29.740"/>
</kw>
<status status="PASS" starttime="20220919 23:11:29.107" endtime="20220919 23:11:29.741"/>
</kw>
<kw name="Set Variable If" library="BuiltIn">
<var>${get_message}</var>
<arg>${i}&lt;=${eclin.max_row}</arg>
<arg>${message_1}</arg>
<doc>Sets variable based on the given condition.</doc>
<msg timestamp="20220919 23:11:29.747" level="INFO">${get_message} = ส่งเรื่องร้องเรียนสำเร็จ</msg>
<status status="PASS" starttime="20220919 23:11:29.742" endtime="20220919 23:11:29.747"/>
</kw>
<kw name="Set Variable If" library="BuiltIn">
<var>${message}</var>
<arg>'${message_1}' == '${text_not_alert}'</arg>
<arg>${Empty}</arg>
<arg>${message_1}</arg>
<doc>Sets variable based on the given condition.</doc>
<msg timestamp="20220919 23:11:29.750" level="INFO">${message} = ส่งเรื่องร้องเรียนสำเร็จ</msg>
<status status="PASS" starttime="20220919 23:11:29.748" endtime="20220919 23:11:29.750"/>
</kw>
<kw name="Set Variable If" library="BuiltIn">
<var>${Error}</var>
<arg>'${Status}' == 'FAIL'</arg>
<arg>Error</arg>
<arg>No Error</arg>
<doc>Sets variable based on the given condition.</doc>
<msg timestamp="20220919 23:11:29.752" level="INFO">${Error} = Error</msg>
<status status="PASS" starttime="20220919 23:11:29.750" endtime="20220919 23:11:29.752"/>
</kw>
<kw name="Set Variable If" library="BuiltIn">
<var>${Suggestion}</var>
<arg>'${Error}' == 'Not Found Alert' or '${Status}' == 'FAIL'</arg>
<arg>ควรมีการแจ้งเตือนให้ผู้ใช้งาน "${eclin.cell(${i},4).value}"</arg>
<arg>-</arg>
<doc>Sets variable based on the given condition.</doc>
<msg timestamp="20220919 23:11:29.764" level="INFO">${Suggestion} = ควรมีการแจ้งเตือนให้ผู้ใช้งาน "กรุณาเลือกชื่อสำนักงาน"</msg>
<status status="PASS" starttime="20220919 23:11:29.752" endtime="20220919 23:11:29.764"/>
</kw>
<kw name="Write Excel Cell" library="ExcelLibrary">
<arg>${i}</arg>
<arg>5</arg>
<arg>value=${message}</arg>
<arg>sheet_name=TestData</arg>
<doc>Writes value to the cell.</doc>
<status status="PASS" starttime="20220919 23:11:29.765" endtime="20220919 23:11:29.767"/>
</kw>
<kw name="Write Excel Cell" library="ExcelLibrary">
<arg>${i}</arg>
<arg>6</arg>
<arg>value=${Status}</arg>
<arg>sheet_name=TestData</arg>
<doc>Writes value to the cell.</doc>
<status status="PASS" starttime="20220919 23:11:29.767" endtime="20220919 23:11:29.770"/>
</kw>
<kw name="Write Excel Cell" library="ExcelLibrary">
<arg>${i}</arg>
<arg>7</arg>
<arg>value=${Error}</arg>
<arg>sheet_name=TestData</arg>
<doc>Writes value to the cell.</doc>
<status status="PASS" starttime="20220919 23:11:29.770" endtime="20220919 23:11:29.772"/>
</kw>
<kw name="Write Excel Cell" library="ExcelLibrary">
<arg>${i}</arg>
<arg>8</arg>
<arg>value=${Suggestion}</arg>
<arg>sheet_name=TestData</arg>
<doc>Writes value to the cell.</doc>
<status status="PASS" starttime="20220919 23:11:29.773" endtime="20220919 23:11:29.774"/>
</kw>
<status status="PASS" starttime="20220919 23:11:23.394" endtime="20220919 23:11:29.774"/>
</iter>
<iter>
<var name="${i}">4</var>
<kw name="Set Variable If" library="BuiltIn">
<var>${tcid}</var>
<arg>'${eclin.cell(${i},1).value}'=='None'</arg>
<arg>${Empty}</arg>
<arg>${eclin.cell(${i},1).value}</arg>
<doc>Sets variable based on the given condition.</doc>
<msg timestamp="20220919 23:11:29.779" level="INFO">${tcid} = TD003</msg>
<status status="PASS" starttime="20220919 23:11:29.775" endtime="20220919 23:11:29.779"/>
</kw>
<kw name="Set Suite Variable" library="BuiltIn">
<arg>${testcaseData}</arg>
<arg>${tcid}</arg>
<doc>Makes a variable available everywhere within the scope of the current suite.</doc>
<msg timestamp="20220919 23:11:29.781" level="INFO">${testcaseData} = TD003</msg>
<status status="PASS" starttime="20220919 23:11:29.779" endtime="20220919 23:11:29.781"/>
</kw>
<kw name="Set Variable If" library="BuiltIn">
<var>${s_Office}</var>
<arg>'${eclin.cell(${i},2).value}'=='None'</arg>
<arg>${Empty}</arg>
<arg>${eclin.cell(${i},2).value}</arg>
<doc>Sets variable based on the given condition.</doc>
<msg timestamp="20220919 23:11:29.787" level="INFO">${s_Office} = สำนักงานที่ดินจังหวัดนครศรีธรรมราช สาขาทุ่งสง</msg>
<status status="PASS" starttime="20220919 23:11:29.782" endtime="20220919 23:11:29.787"/>
</kw>
<kw name="Set Variable If" library="BuiltIn">
<var>${s_emailMessage}</var>
<arg>'${eclin.cell(${i},3).value}'=='None'</arg>
<arg>${Empty}</arg>
<arg>${eclin.cell(${i},3).value}</arg>
<doc>Sets variable based on the given condition.</doc>
<msg timestamp="20220919 23:11:29.793" level="INFO">${s_emailMessage} = ค้นหางานรังวัดไม่พบค่ะ</msg>
<status status="PASS" starttime="20220919 23:11:29.788" endtime="20220919 23:11:29.793"/>
</kw>
<if>
<branch type="IF" condition="${i} &gt;= 3">
<kw name="Go To" library="SeleniumLibrary">
<arg>${Email_URL}</arg>
<doc>Navigates the current browser window to the provided ``url``.</doc>
<msg timestamp="20220919 23:11:29.797" level="INFO">Opening url 'http://localhost:8086/TeeDin/sendemail'</msg>
<status status="PASS" starttime="20220919 23:11:29.795" endtime="20220919 23:11:30.078"/>
</kw>
<status status="PASS" starttime="20220919 23:11:29.794" endtime="20220919 23:11:30.078"/>
</branch>
<status status="PASS" starttime="20220919 23:11:29.793" endtime="20220919 23:11:30.078"/>
</if>
<kw name="Send Email Complaint Page">
<arg>${s_Office}</arg>
<arg>${s_emailMessage}</arg>
<kw name="Run Keyword If" library="BuiltIn">
<arg>'${s_Office}'!='${Empty}'</arg>
<arg>Select From List By Label</arg>
<arg>${Office}</arg>
<arg>${s_Office}</arg>
<doc>Runs the given keyword with the given arguments, if ``condition`` is true.</doc>
<kw name="Select From List By Label" library="SeleniumLibrary">
<arg>${Office}</arg>
<arg>${s_Office}</arg>
<doc>Selects options from selection list ``locator`` by ``labels``.</doc>
<msg timestamp="20220919 23:11:30.083" level="INFO">Selecting options from selection list '//select[@id='office_id']' by label สำนักงานที่ดินจังหวัดนครศรีธรรมราช สาขาทุ่งสง.</msg>
<status status="PASS" starttime="20220919 23:11:30.082" endtime="20220919 23:11:30.169"/>
</kw>
<status status="PASS" starttime="20220919 23:11:30.080" endtime="20220919 23:11:30.169"/>
</kw>
<kw name="Input Text" library="SeleniumLibrary">
<arg>${emailMessage}</arg>
<arg>${s_emailMessage}</arg>
<doc>Types the given ``text`` into the text field identified by ``locator``.</doc>
<msg timestamp="20220919 23:11:30.171" level="INFO">Typing text 'ค้นหางานรังวัดไม่พบค่ะ' into text field '//textarea[@id='emailMessage']'.</msg>
<status status="PASS" starttime="20220919 23:11:30.170" endtime="20220919 23:11:30.304"/>
</kw>
<kw name="Click Element" library="SeleniumLibrary">
<arg>${Cilk_button}</arg>
<doc>Click the element identified by ``locator``.</doc>
<msg timestamp="20220919 23:11:30.306" level="INFO">Clicking element '//button[@id='ok']'.</msg>
<status status="PASS" starttime="20220919 23:11:30.305" endtime="20220919 23:11:30.411"/>
</kw>
<kw name="Sleep" library="BuiltIn">
<arg>5s</arg>
<doc>Pauses the test executed for the given time.</doc>
<msg timestamp="20220919 23:11:35.413" level="INFO">Slept 5 seconds</msg>
<status status="PASS" starttime="20220919 23:11:30.411" endtime="20220919 23:11:35.413"/>
</kw>
<status status="PASS" starttime="20220919 23:11:30.078" endtime="20220919 23:11:35.413"/>
</kw>
<kw name="Run Keyword If" library="BuiltIn">
<var>${Status_1}</var>
<var>${message_1}</var>
<arg>${i}&lt;=${eclin.max_row}</arg>
<arg>Check Error page</arg>
<arg>${eclin.cell(${i},4).value}</arg>
<doc>Runs the given keyword with the given arguments, if ``condition`` is true.</doc>
<kw name="Check Error page">
<arg>${eclin.cell(${i},4).value}</arg>
<kw name="Log To Console" library="BuiltIn">
<arg>${testcaseData}</arg>
<doc>Logs the given message to the console.</doc>
<status status="PASS" starttime="20220919 23:11:35.417" endtime="20220919 23:11:35.418"/>
</kw>
<if>
<branch type="IF" condition="&quot;${testcaseData}&quot; == &quot;TD001&quot;">
<kw name="Check Home Page">
<var>${message}</var>
<arg>${text_error}</arg>
<status status="NOT RUN" starttime="20220919 23:11:35.419" endtime="20220919 23:11:35.419"/>
</kw>
<status status="NOT RUN" starttime="20220919 23:11:35.419" endtime="20220919 23:11:35.419"/>
</branch>
<branch type="ELSE IF" condition="&quot;${testcaseData}&quot; == &quot;TD002&quot;">
<kw name="Check Home Page">
<var>${message}</var>
<arg>${text_error}</arg>
<status status="NOT RUN" starttime="20220919 23:11:35.420" endtime="20220919 23:11:35.420"/>
</kw>
<status status="NOT RUN" starttime="20220919 23:11:35.420" endtime="20220919 23:11:35.420"/>
</branch>
<branch type="ELSE IF" condition="&quot;${testcaseData}&quot; == &quot;TD003&quot;">
<kw name="Check Home Page">
<var>${message}</var>
<arg>${text_error}</arg>
<kw name="Run Keyword And Return Status" library="BuiltIn">
<var>${Status}</var>
<arg>Wait Until Element Is Visible</arg>
<arg>${locator}</arg>
<arg>30s</arg>
<doc>Runs the given keyword with given arguments and returns the status as a Boolean value.</doc>
<kw name="Wait Until Element Is Visible" library="SeleniumLibrary">
<arg>${locator}</arg>
<arg>30s</arg>
<doc>Waits until the element ``locator`` is visible.</doc>
<status status="PASS" starttime="20220919 23:11:35.421" endtime="20220919 23:11:35.443"/>
</kw>
<msg timestamp="20220919 23:11:35.443" level="INFO">${Status} = True</msg>
<status status="PASS" starttime="20220919 23:11:35.421" endtime="20220919 23:11:35.443"/>
</kw>
<kw name="Set Variable If" library="BuiltIn">
<var>${Result}</var>
<arg>'${Status}'=='True'</arg>
<arg>ส่งเรื่องร้องเรียนสำเร็จ</arg>
<arg>ส่งเรื่องร้องเรียนไม่สำเร็จ</arg>
<doc>Sets variable based on the given condition.</doc>
<msg timestamp="20220919 23:11:35.444" level="INFO">${Result} = ส่งเรื่องร้องเรียนสำเร็จ</msg>
<status status="PASS" starttime="20220919 23:11:35.444" endtime="20220919 23:11:35.444"/>
</kw>
<msg timestamp="20220919 23:11:35.445" level="INFO">${message} = ส่งเรื่องร้องเรียนสำเร็จ</msg>
<status status="PASS" starttime="20220919 23:11:35.420" endtime="20220919 23:11:35.445"/>
</kw>
<status status="PASS" starttime="20220919 23:11:35.420" endtime="20220919 23:11:35.445"/>
</branch>
<branch type="ELSE IF" condition="&quot;${testcaseData}&quot; == &quot;TD004&quot;">
<kw name="Check Home Page">
<var>${message}</var>
<arg>${text_error}</arg>
<status status="NOT RUN" starttime="20220919 23:11:35.445" endtime="20220919 23:11:35.445"/>
</kw>
<status status="NOT RUN" starttime="20220919 23:11:35.445" endtime="20220919 23:11:35.445"/>
</branch>
<branch type="ELSE IF" condition="&quot;${testcaseData}&quot; == &quot;TD007&quot;">
<kw name="Check Home Page">
<var>${message}</var>
<arg>${text_error}</arg>
<status status="NOT RUN" starttime="20220919 23:11:35.445" endtime="20220919 23:11:35.446"/>
</kw>
<status status="NOT RUN" starttime="20220919 23:11:35.445" endtime="20220919 23:11:35.446"/>
</branch>
<branch type="ELSE IF" condition="&quot;${testcaseData}&quot; == &quot;TD008&quot;">
<kw name="Check Home Page">
<var>${message}</var>
<arg>${text_error}</arg>
<status status="NOT RUN" starttime="20220919 23:11:35.446" endtime="20220919 23:11:35.446"/>
</kw>
<status status="NOT RUN" starttime="20220919 23:11:35.446" endtime="20220919 23:11:35.446"/>
</branch>
<branch type="ELSE IF" condition="&quot;${testcaseData}&quot; == &quot;TD009&quot;">
<kw name="Check Home Page">
<var>${message}</var>
<arg>${text_error}</arg>
<status status="NOT RUN" starttime="20220919 23:11:35.446" endtime="20220919 23:11:35.446"/>
</kw>
<status status="NOT RUN" starttime="20220919 23:11:35.446" endtime="20220919 23:11:35.446"/>
</branch>
<branch type="ELSE IF" condition="&quot;${testcaseData}&quot; == &quot;TD010&quot;">
<kw name="Check Home Page">
<var>${message}</var>
<arg>${text_error}</arg>
<status status="NOT RUN" starttime="20220919 23:11:35.447" endtime="20220919 23:11:35.447"/>
</kw>
<status status="NOT RUN" starttime="20220919 23:11:35.446" endtime="20220919 23:11:35.447"/>
</branch>
<branch type="ELSE IF" condition="&quot;${testcaseData}&quot; == &quot;TD011&quot;">
<kw name="Check Home Page">
<var>${message}</var>
<arg>${text_error}</arg>
<status status="NOT RUN" starttime="20220919 23:11:35.447" endtime="20220919 23:11:35.448"/>
</kw>
<status status="NOT RUN" starttime="20220919 23:11:35.447" endtime="20220919 23:11:35.448"/>
</branch>
<branch type="ELSE">
<kw name="Run Keyword And Ignore Error" library="BuiltIn">
<var>${get_message}</var>
<arg>Handle Alert</arg>
<arg>timeout=5s</arg>
<doc>Runs the given keyword with the given arguments and ignores possible error.</doc>
<status status="NOT RUN" starttime="20220919 23:11:35.448" endtime="20220919 23:11:35.448"/>
</kw>
<kw name="Convert To String" library="BuiltIn">
<var>${message}</var>
<arg>${get_message}[1]</arg>
<doc>Converts the given item to a Unicode string.</doc>
<status status="NOT RUN" starttime="20220919 23:11:35.448" endtime="20220919 23:11:35.448"/>
</kw>
<status status="NOT RUN" starttime="20220919 23:11:35.448" endtime="20220919 23:11:35.448"/>
</branch>
<status status="PASS" starttime="20220919 23:11:35.418" endtime="20220919 23:11:35.448"/>
</if>
<if>
<branch type="IF" condition="'${Actual_Result.strip()}' == '${message.strip()}'">
<kw name="Set Suite Variable" library="BuiltIn">
<arg>${Status}</arg>
<arg>True</arg>
<doc>Makes a variable available everywhere within the scope of the current suite.</doc>
<msg timestamp="20220919 23:11:35.453" level="INFO">${Status} = True</msg>
<status status="PASS" starttime="20220919 23:11:35.452" endtime="20220919 23:11:35.453"/>
</kw>
<status status="PASS" starttime="20220919 23:11:35.451" endtime="20220919 23:11:35.453"/>
</branch>
<branch type="ELSE">
<kw name="Set Suite Variable" library="BuiltIn">
<arg>${Status}</arg>
<arg>False</arg>
<doc>Makes a variable available everywhere within the scope of the current suite.</doc>
<status status="NOT RUN" starttime="20220919 23:11:35.453" endtime="20220919 23:11:35.453"/>
</kw>
<status status="NOT RUN" starttime="20220919 23:11:35.453" endtime="20220919 23:11:35.453"/>
</branch>
<status status="PASS" starttime="20220919 23:11:35.449" endtime="20220919 23:11:35.453"/>
</if>
<kw name="Log To Console" library="BuiltIn">
<arg>${message}</arg>
<doc>Logs the given message to the console.</doc>
<status status="PASS" starttime="20220919 23:11:35.453" endtime="20220919 23:11:35.454"/>
</kw>
<kw name="Log To Console" library="BuiltIn">
<arg>${Status}</arg>
<doc>Logs the given message to the console.</doc>
<status status="PASS" starttime="20220919 23:11:35.454" endtime="20220919 23:11:35.455"/>
</kw>
<status status="PASS" starttime="20220919 23:11:35.415" endtime="20220919 23:11:35.456"/>
</kw>
<msg timestamp="20220919 23:11:35.456" level="INFO">${Status_1} = True</msg>
<msg timestamp="20220919 23:11:35.456" level="INFO">${message_1} = ส่งเรื่องร้องเรียนสำเร็จ</msg>
<status status="PASS" starttime="20220919 23:11:35.414" endtime="20220919 23:11:35.456"/>
</kw>
<kw name="Set Variable If" library="BuiltIn">
<var>${Status_Actual}</var>
<arg>${i}&lt;=${eclin.max_row}</arg>
<arg>${Status_1}</arg>
<doc>Sets variable based on the given condition.</doc>
<msg timestamp="20220919 23:11:35.458" level="INFO">${Status_Actual} = True</msg>
<status status="PASS" starttime="20220919 23:11:35.456" endtime="20220919 23:11:35.458"/>
</kw>
<kw name="Set Variable If" library="BuiltIn">
<var>${Status}</var>
<arg>'${Status_Actual}' == 'True'</arg>
<arg>PASS</arg>
<arg>FAIL</arg>
<doc>Sets variable based on the given condition.</doc>
<msg timestamp="20220919 23:11:35.459" level="INFO">${Status} = PASS</msg>
<status status="PASS" starttime="20220919 23:11:35.459" endtime="20220919 23:11:35.459"/>
</kw>
<kw name="Run Keyword If" library="BuiltIn">
<arg>'${Status}' == 'FAIL'</arg>
<arg>Capture Page Screenshot</arg>
<arg>${EXECDIR}/Result/TC07_Send_Email_Complaint/Screenshot/${testcaseData}.png</arg>
<doc>Runs the given keyword with the given arguments, if ``condition`` is true.</doc>
<status status="PASS" starttime="20220919 23:11:35.459" endtime="20220919 23:11:35.460"/>
</kw>
<kw name="Set Variable If" library="BuiltIn">
<var>${get_message}</var>
<arg>${i}&lt;=${eclin.max_row}</arg>
<arg>${message_1}</arg>
<doc>Sets variable based on the given condition.</doc>
<msg timestamp="20220919 23:11:35.461" level="INFO">${get_message} = ส่งเรื่องร้องเรียนสำเร็จ</msg>
<status status="PASS" starttime="20220919 23:11:35.460" endtime="20220919 23:11:35.462"/>
</kw>
<kw name="Set Variable If" library="BuiltIn">
<var>${message}</var>
<arg>'${message_1}' == '${text_not_alert}'</arg>
<arg>${Empty}</arg>
<arg>${message_1}</arg>
<doc>Sets variable based on the given condition.</doc>
<msg timestamp="20220919 23:11:35.463" level="INFO">${message} = ส่งเรื่องร้องเรียนสำเร็จ</msg>
<status status="PASS" starttime="20220919 23:11:35.462" endtime="20220919 23:11:35.463"/>
</kw>
<kw name="Set Variable If" library="BuiltIn">
<var>${Error}</var>
<arg>'${Status}' == 'FAIL'</arg>
<arg>Error</arg>
<arg>No Error</arg>
<doc>Sets variable based on the given condition.</doc>
<msg timestamp="20220919 23:11:35.463" level="INFO">${Error} = No Error</msg>
<status status="PASS" starttime="20220919 23:11:35.463" endtime="20220919 23:11:35.463"/>
</kw>
<kw name="Set Variable If" library="BuiltIn">
<var>${Suggestion}</var>
<arg>'${Error}' == 'Not Found Alert' or '${Status}' == 'FAIL'</arg>
<arg>ควรมีการแจ้งเตือนให้ผู้ใช้งาน "${eclin.cell(${i},4).value}"</arg>
<arg>-</arg>
<doc>Sets variable based on the given condition.</doc>
<msg timestamp="20220919 23:11:35.464" level="INFO">${Suggestion} = -</msg>
<status status="PASS" starttime="20220919 23:11:35.463" endtime="20220919 23:11:35.464"/>
</kw>
<kw name="Write Excel Cell" library="ExcelLibrary">
<arg>${i}</arg>
<arg>5</arg>
<arg>value=${message}</arg>
<arg>sheet_name=TestData</arg>
<doc>Writes value to the cell.</doc>
<status status="PASS" starttime="20220919 23:11:35.464" endtime="20220919 23:11:35.465"/>
</kw>
<kw name="Write Excel Cell" library="ExcelLibrary">
<arg>${i}</arg>
<arg>6</arg>
<arg>value=${Status}</arg>
<arg>sheet_name=TestData</arg>
<doc>Writes value to the cell.</doc>
<status status="PASS" starttime="20220919 23:11:35.465" endtime="20220919 23:11:35.465"/>
</kw>
<kw name="Write Excel Cell" library="ExcelLibrary">
<arg>${i}</arg>
<arg>7</arg>
<arg>value=${Error}</arg>
<arg>sheet_name=TestData</arg>
<doc>Writes value to the cell.</doc>
<status status="PASS" starttime="20220919 23:11:35.466" endtime="20220919 23:11:35.466"/>
</kw>
<kw name="Write Excel Cell" library="ExcelLibrary">
<arg>${i}</arg>
<arg>8</arg>
<arg>value=${Suggestion}</arg>
<arg>sheet_name=TestData</arg>
<doc>Writes value to the cell.</doc>
<status status="PASS" starttime="20220919 23:11:35.466" endtime="20220919 23:11:35.467"/>
</kw>
<status status="PASS" starttime="20220919 23:11:29.774" endtime="20220919 23:11:35.467"/>
</iter>
<iter>
<var name="${i}">5</var>
<kw name="Set Variable If" library="BuiltIn">
<var>${tcid}</var>
<arg>'${eclin.cell(${i},1).value}'=='None'</arg>
<arg>${Empty}</arg>
<arg>${eclin.cell(${i},1).value}</arg>
<doc>Sets variable based on the given condition.</doc>
<msg timestamp="20220919 23:11:35.470" level="INFO">${tcid} = TD004</msg>
<status status="PASS" starttime="20220919 23:11:35.467" endtime="20220919 23:11:35.470"/>
</kw>
<kw name="Set Suite Variable" library="BuiltIn">
<arg>${testcaseData}</arg>
<arg>${tcid}</arg>
<doc>Makes a variable available everywhere within the scope of the current suite.</doc>
<msg timestamp="20220919 23:11:35.471" level="INFO">${testcaseData} = TD004</msg>
<status status="PASS" starttime="20220919 23:11:35.470" endtime="20220919 23:11:35.471"/>
</kw>
<kw name="Set Variable If" library="BuiltIn">
<var>${s_Office}</var>
<arg>'${eclin.cell(${i},2).value}'=='None'</arg>
<arg>${Empty}</arg>
<arg>${eclin.cell(${i},2).value}</arg>
<doc>Sets variable based on the given condition.</doc>
<msg timestamp="20220919 23:11:35.475" level="INFO">${s_Office} = สำนักงานที่ดินจังหวัดนครศรีธรรมราช สาขาทุ่งสง</msg>
<status status="PASS" starttime="20220919 23:11:35.472" endtime="20220919 23:11:35.476"/>
</kw>
<kw name="Set Variable If" library="BuiltIn">
<var>${s_emailMessage}</var>
<arg>'${eclin.cell(${i},3).value}'=='None'</arg>
<arg>${Empty}</arg>
<arg>${eclin.cell(${i},3).value}</arg>
<doc>Sets variable based on the given condition.</doc>
<msg timestamp="20220919 23:11:35.481" level="INFO">${s_emailMessage} = I can not find survey work</msg>
<status status="PASS" starttime="20220919 23:11:35.476" endtime="20220919 23:11:35.481"/>
</kw>
<if>
<branch type="IF" condition="${i} &gt;= 3">
<kw name="Go To" library="SeleniumLibrary">
<arg>${Email_URL}</arg>
<doc>Navigates the current browser window to the provided ``url``.</doc>
<msg timestamp="20220919 23:11:35.484" level="INFO">Opening url 'http://localhost:8086/TeeDin/sendemail'</msg>
<status status="PASS" starttime="20220919 23:11:35.483" endtime="20220919 23:11:35.688"/>
</kw>
<status status="PASS" starttime="20220919 23:11:35.482" endtime="20220919 23:11:35.688"/>
</branch>
<status status="PASS" starttime="20220919 23:11:35.481" endtime="20220919 23:11:35.688"/>
</if>
<kw name="Send Email Complaint Page">
<arg>${s_Office}</arg>
<arg>${s_emailMessage}</arg>
<kw name="Run Keyword If" library="BuiltIn">
<arg>'${s_Office}'!='${Empty}'</arg>
<arg>Select From List By Label</arg>
<arg>${Office}</arg>
<arg>${s_Office}</arg>
<doc>Runs the given keyword with the given arguments, if ``condition`` is true.</doc>
<kw name="Select From List By Label" library="SeleniumLibrary">
<arg>${Office}</arg>
<arg>${s_Office}</arg>
<doc>Selects options from selection list ``locator`` by ``labels``.</doc>
<msg timestamp="20220919 23:11:35.692" level="INFO">Selecting options from selection list '//select[@id='office_id']' by label สำนักงานที่ดินจังหวัดนครศรีธรรมราช สาขาทุ่งสง.</msg>
<status status="PASS" starttime="20220919 23:11:35.691" endtime="20220919 23:11:35.792"/>
</kw>
<status status="PASS" starttime="20220919 23:11:35.689" endtime="20220919 23:11:35.792"/>
</kw>
<kw name="Input Text" library="SeleniumLibrary">
<arg>${emailMessage}</arg>
<arg>${s_emailMessage}</arg>
<doc>Types the given ``text`` into the text field identified by ``locator``.</doc>
<msg timestamp="20220919 23:11:35.793" level="INFO">Typing text 'I can not find survey work' into text field '//textarea[@id='emailMessage']'.</msg>
<status status="PASS" starttime="20220919 23:11:35.792" endtime="20220919 23:11:35.910"/>
</kw>
<kw name="Click Element" library="SeleniumLibrary">
<arg>${Cilk_button}</arg>
<doc>Click the element identified by ``locator``.</doc>
<msg timestamp="20220919 23:11:35.912" level="INFO">Clicking element '//button[@id='ok']'.</msg>
<status status="PASS" starttime="20220919 23:11:35.911" endtime="20220919 23:11:35.981"/>
</kw>
<kw name="Sleep" library="BuiltIn">
<arg>5s</arg>
<doc>Pauses the test executed for the given time.</doc>
<msg timestamp="20220919 23:11:40.992" level="INFO">Slept 5 seconds</msg>
<status status="PASS" starttime="20220919 23:11:35.982" endtime="20220919 23:11:40.992"/>
</kw>
<status status="PASS" starttime="20220919 23:11:35.688" endtime="20220919 23:11:40.992"/>
</kw>
<kw name="Run Keyword If" library="BuiltIn">
<var>${Status_1}</var>
<var>${message_1}</var>
<arg>${i}&lt;=${eclin.max_row}</arg>
<arg>Check Error page</arg>
<arg>${eclin.cell(${i},4).value}</arg>
<doc>Runs the given keyword with the given arguments, if ``condition`` is true.</doc>
<kw name="Check Error page">
<arg>${eclin.cell(${i},4).value}</arg>
<kw name="Log To Console" library="BuiltIn">
<arg>${testcaseData}</arg>
<doc>Logs the given message to the console.</doc>
<status status="PASS" starttime="20220919 23:11:40.995" endtime="20220919 23:11:40.996"/>
</kw>
<if>
<branch type="IF" condition="&quot;${testcaseData}&quot; == &quot;TD001&quot;">
<kw name="Check Home Page">
<var>${message}</var>
<arg>${text_error}</arg>
<status status="NOT RUN" starttime="20220919 23:11:40.997" endtime="20220919 23:11:40.997"/>
</kw>
<status status="NOT RUN" starttime="20220919 23:11:40.997" endtime="20220919 23:11:40.997"/>
</branch>
<branch type="ELSE IF" condition="&quot;${testcaseData}&quot; == &quot;TD002&quot;">
<kw name="Check Home Page">
<var>${message}</var>
<arg>${text_error}</arg>
<status status="NOT RUN" starttime="20220919 23:11:40.997" endtime="20220919 23:11:40.997"/>
</kw>
<status status="NOT RUN" starttime="20220919 23:11:40.997" endtime="20220919 23:11:40.997"/>
</branch>
<branch type="ELSE IF" condition="&quot;${testcaseData}&quot; == &quot;TD003&quot;">
<kw name="Check Home Page">
<var>${message}</var>
<arg>${text_error}</arg>
<status status="NOT RUN" starttime="20220919 23:11:40.998" endtime="20220919 23:11:40.998"/>
</kw>
<status status="NOT RUN" starttime="20220919 23:11:40.997" endtime="20220919 23:11:40.998"/>
</branch>
<branch type="ELSE IF" condition="&quot;${testcaseData}&quot; == &quot;TD004&quot;">
<kw name="Check Home Page">
<var>${message}</var>
<arg>${text_error}</arg>
<kw name="Run Keyword And Return Status" library="BuiltIn">
<var>${Status}</var>
<arg>Wait Until Element Is Visible</arg>
<arg>${locator}</arg>
<arg>30s</arg>
<doc>Runs the given keyword with given arguments and returns the status as a Boolean value.</doc>
<kw name="Wait Until Element Is Visible" library="SeleniumLibrary">
<arg>${locator}</arg>
<arg>30s</arg>
<doc>Waits until the element ``locator`` is visible.</doc>
<status status="PASS" starttime="20220919 23:11:40.999" endtime="20220919 23:11:41.036"/>
</kw>
<msg timestamp="20220919 23:11:41.036" level="INFO">${Status} = True</msg>
<status status="PASS" starttime="20220919 23:11:40.998" endtime="20220919 23:11:41.036"/>
</kw>
<kw name="Set Variable If" library="BuiltIn">
<var>${Result}</var>
<arg>'${Status}'=='True'</arg>
<arg>ส่งเรื่องร้องเรียนสำเร็จ</arg>
<arg>ส่งเรื่องร้องเรียนไม่สำเร็จ</arg>
<doc>Sets variable based on the given condition.</doc>
<msg timestamp="20220919 23:11:41.039" level="INFO">${Result} = ส่งเรื่องร้องเรียนสำเร็จ</msg>
<status status="PASS" starttime="20220919 23:11:41.037" endtime="20220919 23:11:41.039"/>
</kw>
<msg timestamp="20220919 23:11:41.039" level="INFO">${message} = ส่งเรื่องร้องเรียนสำเร็จ</msg>
<status status="PASS" starttime="20220919 23:11:40.998" endtime="20220919 23:11:41.039"/>
</kw>
<status status="PASS" starttime="20220919 23:11:40.998" endtime="20220919 23:11:41.039"/>
</branch>
<branch type="ELSE IF" condition="&quot;${testcaseData}&quot; == &quot;TD007&quot;">
<kw name="Check Home Page">
<var>${message}</var>
<arg>${text_error}</arg>
<status status="NOT RUN" starttime="20220919 23:11:41.040" endtime="20220919 23:11:41.040"/>
</kw>
<status status="NOT RUN" starttime="20220919 23:11:41.040" endtime="20220919 23:11:41.040"/>
</branch>
<branch type="ELSE IF" condition="&quot;${testcaseData}&quot; == &quot;TD008&quot;">
<kw name="Check Home Page">
<var>${message}</var>
<arg>${text_error}</arg>
<status status="NOT RUN" starttime="20220919 23:11:41.040" endtime="20220919 23:11:41.041"/>
</kw>
<status status="NOT RUN" starttime="20220919 23:11:41.040" endtime="20220919 23:11:41.041"/>
</branch>
<branch type="ELSE IF" condition="&quot;${testcaseData}&quot; == &quot;TD009&quot;">
<kw name="Check Home Page">
<var>${message}</var>
<arg>${text_error}</arg>
<status status="NOT RUN" starttime="20220919 23:11:41.041" endtime="20220919 23:11:41.041"/>
</kw>
<status status="NOT RUN" starttime="20220919 23:11:41.041" endtime="20220919 23:11:41.041"/>
</branch>
<branch type="ELSE IF" condition="&quot;${testcaseData}&quot; == &quot;TD010&quot;">
<kw name="Check Home Page">
<var>${message}</var>
<arg>${text_error}</arg>
<status status="NOT RUN" starttime="20220919 23:11:41.041" endtime="20220919 23:11:41.041"/>
</kw>
<status status="NOT RUN" starttime="20220919 23:11:41.041" endtime="20220919 23:11:41.041"/>
</branch>
<branch type="ELSE IF" condition="&quot;${testcaseData}&quot; == &quot;TD011&quot;">
<kw name="Check Home Page">
<var>${message}</var>
<arg>${text_error}</arg>
<status status="NOT RUN" starttime="20220919 23:11:41.042" endtime="20220919 23:11:41.042"/>
</kw>
<status status="NOT RUN" starttime="20220919 23:11:41.042" endtime="20220919 23:11:41.042"/>
</branch>
<branch type="ELSE">
<kw name="Run Keyword And Ignore Error" library="BuiltIn">
<var>${get_message}</var>
<arg>Handle Alert</arg>
<arg>timeout=5s</arg>
<doc>Runs the given keyword with the given arguments and ignores possible error.</doc>
<status status="NOT RUN" starttime="20220919 23:11:41.042" endtime="20220919 23:11:41.047"/>
</kw>
<kw name="Convert To String" library="BuiltIn">
<var>${message}</var>
<arg>${get_message}[1]</arg>
<doc>Converts the given item to a Unicode string.</doc>
<status status="NOT RUN" starttime="20220919 23:11:41.047" endtime="20220919 23:11:41.048"/>
</kw>
<status status="NOT RUN" starttime="20220919 23:11:41.042" endtime="20220919 23:11:41.048"/>
</branch>
<status status="PASS" starttime="20220919 23:11:40.996" endtime="20220919 23:11:41.048"/>
</if>
<if>
<branch type="IF" condition="'${Actual_Result.strip()}' == '${message.strip()}'">
<kw name="Set Suite Variable" library="BuiltIn">
<arg>${Status}</arg>
<arg>True</arg>
<doc>Makes a variable available everywhere within the scope of the current suite.</doc>
<msg timestamp="20220919 23:11:41.054" level="INFO">${Status} = True</msg>
<status status="PASS" starttime="20220919 23:11:41.053" endtime="20220919 23:11:41.054"/>
</kw>
<status status="PASS" starttime="20220919 23:11:41.052" endtime="20220919 23:11:41.054"/>
</branch>
<branch type="ELSE">
<kw name="Set Suite Variable" library="BuiltIn">
<arg>${Status}</arg>
<arg>False</arg>
<doc>Makes a variable available everywhere within the scope of the current suite.</doc>
<status status="NOT RUN" starttime="20220919 23:11:41.054" endtime="20220919 23:11:41.054"/>
</kw>
<status status="NOT RUN" starttime="20220919 23:11:41.054" endtime="20220919 23:11:41.054"/>
</branch>
<status status="PASS" starttime="20220919 23:11:41.048" endtime="20220919 23:11:41.054"/>
</if>
<kw name="Log To Console" library="BuiltIn">
<arg>${message}</arg>
<doc>Logs the given message to the console.</doc>
<status status="PASS" starttime="20220919 23:11:41.054" endtime="20220919 23:11:41.058"/>
</kw>
<kw name="Log To Console" library="BuiltIn">
<arg>${Status}</arg>
<doc>Logs the given message to the console.</doc>
<status status="PASS" starttime="20220919 23:11:41.059" endtime="20220919 23:11:41.060"/>
</kw>
<status status="PASS" starttime="20220919 23:11:40.994" endtime="20220919 23:11:41.060"/>
</kw>
<msg timestamp="20220919 23:11:41.061" level="INFO">${Status_1} = True</msg>
<msg timestamp="20220919 23:11:41.061" level="INFO">${message_1} = ส่งเรื่องร้องเรียนสำเร็จ</msg>
<status status="PASS" starttime="20220919 23:11:40.992" endtime="20220919 23:11:41.061"/>
</kw>
<kw name="Set Variable If" library="BuiltIn">
<var>${Status_Actual}</var>
<arg>${i}&lt;=${eclin.max_row}</arg>
<arg>${Status_1}</arg>
<doc>Sets variable based on the given condition.</doc>
<msg timestamp="20220919 23:11:41.063" level="INFO">${Status_Actual} = True</msg>
<status status="PASS" starttime="20220919 23:11:41.061" endtime="20220919 23:11:41.063"/>
</kw>
<kw name="Set Variable If" library="BuiltIn">
<var>${Status}</var>
<arg>'${Status_Actual}' == 'True'</arg>
<arg>PASS</arg>
<arg>FAIL</arg>
<doc>Sets variable based on the given condition.</doc>
<msg timestamp="20220919 23:11:41.064" level="INFO">${Status} = PASS</msg>
<status status="PASS" starttime="20220919 23:11:41.064" endtime="20220919 23:11:41.065"/>
</kw>
<kw name="Run Keyword If" library="BuiltIn">
<arg>'${Status}' == 'FAIL'</arg>
<arg>Capture Page Screenshot</arg>
<arg>${EXECDIR}/Result/TC07_Send_Email_Complaint/Screenshot/${testcaseData}.png</arg>
<doc>Runs the given keyword with the given arguments, if ``condition`` is true.</doc>
<status status="PASS" starttime="20220919 23:11:41.065" endtime="20220919 23:11:41.066"/>
</kw>
<kw name="Set Variable If" library="BuiltIn">
<var>${get_message}</var>
<arg>${i}&lt;=${eclin.max_row}</arg>
<arg>${message_1}</arg>
<doc>Sets variable based on the given condition.</doc>
<msg timestamp="20220919 23:11:41.068" level="INFO">${get_message} = ส่งเรื่องร้องเรียนสำเร็จ</msg>
<status status="PASS" starttime="20220919 23:11:41.066" endtime="20220919 23:11:41.068"/>
</kw>
<kw name="Set Variable If" library="BuiltIn">
<var>${message}</var>
<arg>'${message_1}' == '${text_not_alert}'</arg>
<arg>${Empty}</arg>
<arg>${message_1}</arg>
<doc>Sets variable based on the given condition.</doc>
<msg timestamp="20220919 23:11:41.069" level="INFO">${message} = ส่งเรื่องร้องเรียนสำเร็จ</msg>
<status status="PASS" starttime="20220919 23:11:41.069" endtime="20220919 23:11:41.069"/>
</kw>
<kw name="Set Variable If" library="BuiltIn">
<var>${Error}</var>
<arg>'${Status}' == 'FAIL'</arg>
<arg>Error</arg>
<arg>No Error</arg>
<doc>Sets variable based on the given condition.</doc>
<msg timestamp="20220919 23:11:41.070" level="INFO">${Error} = No Error</msg>
<status status="PASS" starttime="20220919 23:11:41.069" endtime="20220919 23:11:41.070"/>
</kw>
<kw name="Set Variable If" library="BuiltIn">
<var>${Suggestion}</var>
<arg>'${Error}' == 'Not Found Alert' or '${Status}' == 'FAIL'</arg>
<arg>ควรมีการแจ้งเตือนให้ผู้ใช้งาน "${eclin.cell(${i},4).value}"</arg>
<arg>-</arg>
<doc>Sets variable based on the given condition.</doc>
<msg timestamp="20220919 23:11:41.070" level="INFO">${Suggestion} = -</msg>
<status status="PASS" starttime="20220919 23:11:41.070" endtime="20220919 23:11:41.070"/>
</kw>
<kw name="Write Excel Cell" library="ExcelLibrary">
<arg>${i}</arg>
<arg>5</arg>
<arg>value=${message}</arg>
<arg>sheet_name=TestData</arg>
<doc>Writes value to the cell.</doc>
<status status="PASS" starttime="20220919 23:11:41.071" endtime="20220919 23:11:41.072"/>
</kw>
<kw name="Write Excel Cell" library="ExcelLibrary">
<arg>${i}</arg>
<arg>6</arg>
<arg>value=${Status}</arg>
<arg>sheet_name=TestData</arg>
<doc>Writes value to the cell.</doc>
<status status="PASS" starttime="20220919 23:11:41.073" endtime="20220919 23:11:41.074"/>
</kw>
<kw name="Write Excel Cell" library="ExcelLibrary">
<arg>${i}</arg>
<arg>7</arg>
<arg>value=${Error}</arg>
<arg>sheet_name=TestData</arg>
<doc>Writes value to the cell.</doc>
<status status="PASS" starttime="20220919 23:11:41.075" endtime="20220919 23:11:41.076"/>
</kw>
<kw name="Write Excel Cell" library="ExcelLibrary">
<arg>${i}</arg>
<arg>8</arg>
<arg>value=${Suggestion}</arg>
<arg>sheet_name=TestData</arg>
<doc>Writes value to the cell.</doc>
<status status="PASS" starttime="20220919 23:11:41.076" endtime="20220919 23:11:41.077"/>
</kw>
<status status="PASS" starttime="20220919 23:11:35.467" endtime="20220919 23:11:41.077"/>
</iter>
<iter>
<var name="${i}">6</var>
<kw name="Set Variable If" library="BuiltIn">
<var>${tcid}</var>
<arg>'${eclin.cell(${i},1).value}'=='None'</arg>
<arg>${Empty}</arg>
<arg>${eclin.cell(${i},1).value}</arg>
<doc>Sets variable based on the given condition.</doc>
<msg timestamp="20220919 23:11:41.079" level="INFO">${tcid} = TD005</msg>
<status status="PASS" starttime="20220919 23:11:41.077" endtime="20220919 23:11:41.079"/>
</kw>
<kw name="Set Suite Variable" library="BuiltIn">
<arg>${testcaseData}</arg>
<arg>${tcid}</arg>
<doc>Makes a variable available everywhere within the scope of the current suite.</doc>
<msg timestamp="20220919 23:11:41.081" level="INFO">${testcaseData} = TD005</msg>
<status status="PASS" starttime="20220919 23:11:41.080" endtime="20220919 23:11:41.081"/>
</kw>
<kw name="Set Variable If" library="BuiltIn">
<var>${s_Office}</var>
<arg>'${eclin.cell(${i},2).value}'=='None'</arg>
<arg>${Empty}</arg>
<arg>${eclin.cell(${i},2).value}</arg>
<doc>Sets variable based on the given condition.</doc>
<msg timestamp="20220919 23:11:41.085" level="INFO">${s_Office} = สำนักงานที่ดินจังหวัดนครศรีธรรมราช สาขาทุ่งสง</msg>
<status status="PASS" starttime="20220919 23:11:41.081" endtime="20220919 23:11:41.085"/>
</kw>
<kw name="Set Variable If" library="BuiltIn">
<var>${s_emailMessage}</var>
<arg>'${eclin.cell(${i},3).value}'=='None'</arg>
<arg>${Empty}</arg>
<arg>${eclin.cell(${i},3).value}</arg>
<doc>Sets variable based on the given condition.</doc>
<msg timestamp="20220919 23:11:41.097" level="INFO">${s_emailMessage} = 참조</msg>
<status status="PASS" starttime="20220919 23:11:41.085" endtime="20220919 23:11:41.097"/>
</kw>
<if>
<branch type="IF" condition="${i} &gt;= 3">
<kw name="Go To" library="SeleniumLibrary">
<arg>${Email_URL}</arg>
<doc>Navigates the current browser window to the provided ``url``.</doc>
<msg timestamp="20220919 23:11:41.098" level="INFO">Opening url 'http://localhost:8086/TeeDin/sendemail'</msg>
<status status="PASS" starttime="20220919 23:11:41.098" endtime="20220919 23:11:41.324"/>
</kw>
<status status="PASS" starttime="20220919 23:11:41.097" endtime="20220919 23:11:41.324"/>
</branch>
<status status="PASS" starttime="20220919 23:11:41.097" endtime="20220919 23:11:41.324"/>
</if>
<kw name="Send Email Complaint Page">
<arg>${s_Office}</arg>
<arg>${s_emailMessage}</arg>
<kw name="Run Keyword If" library="BuiltIn">
<arg>'${s_Office}'!='${Empty}'</arg>
<arg>Select From List By Label</arg>
<arg>${Office}</arg>
<arg>${s_Office}</arg>
<doc>Runs the given keyword with the given arguments, if ``condition`` is true.</doc>
<kw name="Select From List By Label" library="SeleniumLibrary">
<arg>${Office}</arg>
<arg>${s_Office}</arg>
<doc>Selects options from selection list ``locator`` by ``labels``.</doc>
<msg timestamp="20220919 23:11:41.329" level="INFO">Selecting options from selection list '//select[@id='office_id']' by label สำนักงานที่ดินจังหวัดนครศรีธรรมราช สาขาทุ่งสง.</msg>
<status status="PASS" starttime="20220919 23:11:41.328" endtime="20220919 23:11:41.405"/>
</kw>
<status status="PASS" starttime="20220919 23:11:41.326" endtime="20220919 23:11:41.405"/>
</kw>
<kw name="Input Text" library="SeleniumLibrary">
<arg>${emailMessage}</arg>
<arg>${s_emailMessage}</arg>
<doc>Types the given ``text`` into the text field identified by ``locator``.</doc>
<msg timestamp="20220919 23:11:41.407" level="INFO">Typing text '참조' into text field '//textarea[@id='emailMessage']'.</msg>
<status status="PASS" starttime="20220919 23:11:41.406" endtime="20220919 23:11:41.514"/>
</kw>
<kw name="Click Element" library="SeleniumLibrary">
<arg>${Cilk_button}</arg>
<doc>Click the element identified by ``locator``.</doc>
<msg timestamp="20220919 23:11:41.515" level="INFO">Clicking element '//button[@id='ok']'.</msg>
<status status="PASS" starttime="20220919 23:11:41.515" endtime="20220919 23:11:41.611"/>
</kw>
<kw name="Sleep" library="BuiltIn">
<arg>5s</arg>
<doc>Pauses the test executed for the given time.</doc>
<msg timestamp="20220919 23:11:46.613" level="INFO">Slept 5 seconds</msg>
<status status="PASS" starttime="20220919 23:11:41.611" endtime="20220919 23:11:46.614"/>
</kw>
<status status="PASS" starttime="20220919 23:11:41.325" endtime="20220919 23:11:46.615"/>
</kw>
<kw name="Run Keyword If" library="BuiltIn">
<var>${Status_1}</var>
<var>${message_1}</var>
<arg>${i}&lt;=${eclin.max_row}</arg>
<arg>Check Error page</arg>
<arg>${eclin.cell(${i},4).value}</arg>
<doc>Runs the given keyword with the given arguments, if ``condition`` is true.</doc>
<kw name="Check Error page">
<arg>${eclin.cell(${i},4).value}</arg>
<kw name="Log To Console" library="BuiltIn">
<arg>${testcaseData}</arg>
<doc>Logs the given message to the console.</doc>
<status status="PASS" starttime="20220919 23:11:46.620" endtime="20220919 23:11:46.621"/>
</kw>
<if>
<branch type="IF" condition="&quot;${testcaseData}&quot; == &quot;TD001&quot;">
<kw name="Check Home Page">
<var>${message}</var>
<arg>${text_error}</arg>
<status status="NOT RUN" starttime="20220919 23:11:46.622" endtime="20220919 23:11:46.623"/>
</kw>
<status status="NOT RUN" starttime="20220919 23:11:46.622" endtime="20220919 23:11:46.623"/>
</branch>
<branch type="ELSE IF" condition="&quot;${testcaseData}&quot; == &quot;TD002&quot;">
<kw name="Check Home Page">
<var>${message}</var>
<arg>${text_error}</arg>
<status status="NOT RUN" starttime="20220919 23:11:46.623" endtime="20220919 23:11:46.623"/>
</kw>
<status status="NOT RUN" starttime="20220919 23:11:46.623" endtime="20220919 23:11:46.623"/>
</branch>
<branch type="ELSE IF" condition="&quot;${testcaseData}&quot; == &quot;TD003&quot;">
<kw name="Check Home Page">
<var>${message}</var>
<arg>${text_error}</arg>
<status status="NOT RUN" starttime="20220919 23:11:46.624" endtime="20220919 23:11:46.624"/>
</kw>
<status status="NOT RUN" starttime="20220919 23:11:46.623" endtime="20220919 23:11:46.624"/>
</branch>
<branch type="ELSE IF" condition="&quot;${testcaseData}&quot; == &quot;TD004&quot;">
<kw name="Check Home Page">
<var>${message}</var>
<arg>${text_error}</arg>
<status status="NOT RUN" starttime="20220919 23:11:46.624" endtime="20220919 23:11:46.624"/>
</kw>
<status status="NOT RUN" starttime="20220919 23:11:46.624" endtime="20220919 23:11:46.624"/>
</branch>
<branch type="ELSE IF" condition="&quot;${testcaseData}&quot; == &quot;TD007&quot;">
<kw name="Check Home Page">
<var>${message}</var>
<arg>${text_error}</arg>
<status status="NOT RUN" starttime="20220919 23:11:46.625" endtime="20220919 23:11:46.625"/>
</kw>
<status status="NOT RUN" starttime="20220919 23:11:46.624" endtime="20220919 23:11:46.625"/>
</branch>
<branch type="ELSE IF" condition="&quot;${testcaseData}&quot; == &quot;TD008&quot;">
<kw name="Check Home Page">
<var>${message}</var>
<arg>${text_error}</arg>
<status status="NOT RUN" starttime="20220919 23:11:46.625" endtime="20220919 23:11:46.626"/>
</kw>
<status status="NOT RUN" starttime="20220919 23:11:46.625" endtime="20220919 23:11:46.626"/>
</branch>
<branch type="ELSE IF" condition="&quot;${testcaseData}&quot; == &quot;TD009&quot;">
<kw name="Check Home Page">
<var>${message}</var>
<arg>${text_error}</arg>
<status status="NOT RUN" starttime="20220919 23:11:46.626" endtime="20220919 23:11:46.626"/>
</kw>
<status status="NOT RUN" starttime="20220919 23:11:46.626" endtime="20220919 23:11:46.626"/>
</branch>
<branch type="ELSE IF" condition="&quot;${testcaseData}&quot; == &quot;TD010&quot;">
<kw name="Check Home Page">
<var>${message}</var>
<arg>${text_error}</arg>
<status status="NOT RUN" starttime="20220919 23:11:46.627" endtime="20220919 23:11:46.627"/>
</kw>
<status status="NOT RUN" starttime="20220919 23:11:46.627" endtime="20220919 23:11:46.627"/>
</branch>
<branch type="ELSE IF" condition="&quot;${testcaseData}&quot; == &quot;TD011&quot;">
<kw name="Check Home Page">
<var>${message}</var>
<arg>${text_error}</arg>
<status status="NOT RUN" starttime="20220919 23:11:46.628" endtime="20220919 23:11:46.628"/>
</kw>
<status status="NOT RUN" starttime="20220919 23:11:46.627" endtime="20220919 23:11:46.628"/>
</branch>
<branch type="ELSE">
<kw name="Run Keyword And Ignore Error" library="BuiltIn">
<var>${get_message}</var>
<arg>Handle Alert</arg>
<arg>timeout=5s</arg>
<doc>Runs the given keyword with the given arguments and ignores possible error.</doc>
<kw name="Handle Alert" library="SeleniumLibrary">
<arg>timeout=5s</arg>
<doc>Handles the current alert and returns its message.</doc>
<msg timestamp="20220919 23:11:46.629" level="INFO">HANDLE::&lt;class 'datetime.timedelta'&gt;::0:00:05</msg>
<status status="PASS" starttime="20220919 23:11:46.629" endtime="20220919 23:11:46.644"/>
</kw>
<msg timestamp="20220919 23:11:46.645" level="INFO">${get_message} = ('PASS', 'กรุณากรอกข้อมูลอย่างน้อย 10 ตัวอักษร')</msg>
<status status="PASS" starttime="20220919 23:11:46.628" endtime="20220919 23:11:46.645"/>
</kw>
<kw name="Convert To String" library="BuiltIn">
<var>${message}</var>
<arg>${get_message}[1]</arg>
<doc>Converts the given item to a Unicode string.</doc>
<msg timestamp="20220919 23:11:46.647" level="INFO">${message} = กรุณากรอกข้อมูลอย่างน้อย 10 ตัวอักษร</msg>
<status status="PASS" starttime="20220919 23:11:46.646" endtime="20220919 23:11:46.648"/>
</kw>
<status status="PASS" starttime="20220919 23:11:46.628" endtime="20220919 23:11:46.648"/>
</branch>
<status status="PASS" starttime="20220919 23:11:46.622" endtime="20220919 23:11:46.648"/>
</if>
<if>
<branch type="IF" condition="'${Actual_Result.strip()}' == '${message.strip()}'">
<kw name="Set Suite Variable" library="BuiltIn">
<arg>${Status}</arg>
<arg>True</arg>
<doc>Makes a variable available everywhere within the scope of the current suite.</doc>
<status status="NOT RUN" starttime="20220919 23:11:46.655" endtime="20220919 23:11:46.655"/>
</kw>
<status status="NOT RUN" starttime="20220919 23:11:46.654" endtime="20220919 23:11:46.655"/>
</branch>
<branch type="ELSE">
<kw name="Set Suite Variable" library="BuiltIn">
<arg>${Status}</arg>
<arg>False</arg>
<doc>Makes a variable available everywhere within the scope of the current suite.</doc>
<msg timestamp="20220919 23:11:46.658" level="INFO">${Status} = False</msg>
<status status="PASS" starttime="20220919 23:11:46.656" endtime="20220919 23:11:46.658"/>
</kw>
<status status="PASS" starttime="20220919 23:11:46.655" endtime="20220919 23:11:46.658"/>
</branch>
<status status="PASS" starttime="20220919 23:11:46.648" endtime="20220919 23:11:46.658"/>
</if>
<kw name="Log To Console" library="BuiltIn">
<arg>${message}</arg>
<doc>Logs the given message to the console.</doc>
<status status="PASS" starttime="20220919 23:11:46.659" endtime="20220919 23:11:46.666"/>
</kw>
<kw name="Log To Console" library="BuiltIn">
<arg>${Status}</arg>
<doc>Logs the given message to the console.</doc>
<status status="PASS" starttime="20220919 23:11:46.667" endtime="20220919 23:11:46.669"/>
</kw>
<status status="PASS" starttime="20220919 23:11:46.617" endtime="20220919 23:11:46.670"/>
</kw>
<msg timestamp="20220919 23:11:46.670" level="INFO">${Status_1} = False</msg>
<msg timestamp="20220919 23:11:46.670" level="INFO">${message_1} = กรุณากรอกข้อมูลอย่างน้อย 10 ตัวอักษร</msg>
<status status="PASS" starttime="20220919 23:11:46.615" endtime="20220919 23:11:46.671"/>
</kw>
<kw name="Set Variable If" library="BuiltIn">
<var>${Status_Actual}</var>
<arg>${i}&lt;=${eclin.max_row}</arg>
<arg>${Status_1}</arg>
<doc>Sets variable based on the given condition.</doc>
<msg timestamp="20220919 23:11:46.677" level="INFO">${Status_Actual} = False</msg>
<status status="PASS" starttime="20220919 23:11:46.671" endtime="20220919 23:11:46.677"/>
</kw>
<kw name="Set Variable If" library="BuiltIn">
<var>${Status}</var>
<arg>'${Status_Actual}' == 'True'</arg>
<arg>PASS</arg>
<arg>FAIL</arg>
<doc>Sets variable based on the given condition.</doc>
[...]
</kw>
<kw name="Set Variable If" library="BuiltIn">
<var>${Error}</var>
<arg>'${Status}' == 'FAIL'</arg>
<arg>Error</arg>
<arg>No Error</arg>
<doc>Sets variable based on the given condition.</doc>
<msg timestamp="20220919 23:12:28.594" level="INFO">${Error} = No Error</msg>
<status status="PASS" starttime="20220919 23:12:28.594" endtime="20220919 23:12:28.594"/>
</kw>
<kw name="Set Variable If" library="BuiltIn">
<var>${Suggestion}</var>
<arg>'${Error}' == 'Not Found Alert' or '${Status}' == 'FAIL'</arg>
<arg>ควรมีการแจ้งเตือนให้ผู้ใช้งาน "${eclin.cell(${i},4).value}"</arg>
<arg>-</arg>
<doc>Sets variable based on the given condition.</doc>
<msg timestamp="20220919 23:12:28.595" level="INFO">${Suggestion} = -</msg>
<status status="PASS" starttime="20220919 23:12:28.595" endtime="20220919 23:12:28.595"/>
</kw>
<kw name="Write Excel Cell" library="ExcelLibrary">
<arg>${i}</arg>
<arg>5</arg>
<arg>value=${message}</arg>
<arg>sheet_name=TestData</arg>
<doc>Writes value to the cell.</doc>
<status status="PASS" starttime="20220919 23:12:28.596" endtime="20220919 23:12:28.596"/>
</kw>
<kw name="Write Excel Cell" library="ExcelLibrary">
<arg>${i}</arg>
<arg>6</arg>
<arg>value=${Status}</arg>
<arg>sheet_name=TestData</arg>
<doc>Writes value to the cell.</doc>
<status status="PASS" starttime="20220919 23:12:28.596" endtime="20220919 23:12:28.597"/>
</kw>
<kw name="Write Excel Cell" library="ExcelLibrary">
<arg>${i}</arg>
<arg>7</arg>
<arg>value=${Error}</arg>
<arg>sheet_name=TestData</arg>
<doc>Writes value to the cell.</doc>
<status status="PASS" starttime="20220919 23:12:28.597" endtime="20220919 23:12:28.598"/>
</kw>
<kw name="Write Excel Cell" library="ExcelLibrary">
<arg>${i}</arg>
<arg>8</arg>
<arg>value=${Suggestion}</arg>
<arg>sheet_name=TestData</arg>
<doc>Writes value to the cell.</doc>
<status status="PASS" starttime="20220919 23:12:28.598" endtime="20220919 23:12:28.598"/>
</kw>
<status status="PASS" starttime="20220919 23:12:20.489" endtime="20220919 23:12:28.598"/>
</iter>
<iter>
<var name="${i}">13</var>
<kw name="Set Variable If" library="BuiltIn">
<var>${tcid}</var>
<arg>'${eclin.cell(${i},1).value}'=='None'</arg>
<arg>${Empty}</arg>
<arg>${eclin.cell(${i},1).value}</arg>
<doc>Sets variable based on the given condition.</doc>
<msg timestamp="20220919 23:12:28.602" level="INFO">${tcid} = TD012</msg>
<status status="PASS" starttime="20220919 23:12:28.599" endtime="20220919 23:12:28.602"/>
</kw>
<kw name="Set Suite Variable" library="BuiltIn">
<arg>${testcaseData}</arg>
<arg>${tcid}</arg>
<doc>Makes a variable available everywhere within the scope of the current suite.</doc>
<msg timestamp="20220919 23:12:28.604" level="INFO">${testcaseData} = TD012</msg>
<status status="PASS" starttime="20220919 23:12:28.603" endtime="20220919 23:12:28.604"/>
</kw>
<kw name="Set Variable If" library="BuiltIn">
<var>${s_Office}</var>
<arg>'${eclin.cell(${i},2).value}'=='None'</arg>
<arg>${Empty}</arg>
<arg>${eclin.cell(${i},2).value}</arg>
<doc>Sets variable based on the given condition.</doc>
<msg timestamp="20220919 23:12:28.610" level="INFO">${s_Office} = สำนักงานที่ดินจังหวัดนครศรีธรรมราช สาขาทุ่งสง</msg>
<status status="PASS" starttime="20220919 23:12:28.605" endtime="20220919 23:12:28.610"/>
</kw>
<kw name="Set Variable If" library="BuiltIn">
<var>${s_emailMessage}</var>
<arg>'${eclin.cell(${i},3).value}'=='None'</arg>
<arg>${Empty}</arg>
<arg>${eclin.cell(${i},3).value}</arg>
<doc>Sets variable based on the given condition.</doc>
<msg timestamp="20220919 23:12:28.614" level="INFO">${s_emailMessage} = </msg>
<status status="PASS" starttime="20220919 23:12:28.610" endtime="20220919 23:12:28.614"/>
</kw>
<if>
<branch type="IF" condition="${i} &gt;= 3">
<kw name="Go To" library="SeleniumLibrary">
<arg>${Email_URL}</arg>
<doc>Navigates the current browser window to the provided ``url``.</doc>
<msg timestamp="20220919 23:12:28.616" level="INFO">Opening url 'http://localhost:8086/TeeDin/sendemail'</msg>
<status status="PASS" starttime="20220919 23:12:28.615" endtime="20220919 23:12:28.840"/>
</kw>
<status status="PASS" starttime="20220919 23:12:28.615" endtime="20220919 23:12:28.840"/>
</branch>
<status status="PASS" starttime="20220919 23:12:28.614" endtime="20220919 23:12:28.841"/>
</if>
<kw name="Send Email Complaint Page">
<arg>${s_Office}</arg>
<arg>${s_emailMessage}</arg>
<kw name="Run Keyword If" library="BuiltIn">
<arg>'${s_Office}'!='${Empty}'</arg>
<arg>Select From List By Label</arg>
<arg>${Office}</arg>
<arg>${s_Office}</arg>
<doc>Runs the given keyword with the given arguments, if ``condition`` is true.</doc>
<kw name="Select From List By Label" library="SeleniumLibrary">
<arg>${Office}</arg>
<arg>${s_Office}</arg>
<doc>Selects options from selection list ``locator`` by ``labels``.</doc>
<msg timestamp="20220919 23:12:28.846" level="INFO">Selecting options from selection list '//select[@id='office_id']' by label สำนักงานที่ดินจังหวัดนครศรีธรรมราช สาขาทุ่งสง.</msg>
<status status="PASS" starttime="20220919 23:12:28.845" endtime="20220919 23:12:28.925"/>
</kw>
<status status="PASS" starttime="20220919 23:12:28.843" endtime="20220919 23:12:28.925"/>
</kw>
<kw name="Input Text" library="SeleniumLibrary">
<arg>${emailMessage}</arg>
<arg>${s_emailMessage}</arg>
<doc>Types the given ``text`` into the text field identified by ``locator``.</doc>
<msg timestamp="20220919 23:12:28.926" level="INFO">Typing text '' into text field '//textarea[@id='emailMessage']'.</msg>
<status status="PASS" starttime="20220919 23:12:28.925" endtime="20220919 23:12:28.997"/>
</kw>
<kw name="Click Element" library="SeleniumLibrary">
<arg>${Cilk_button}</arg>
<doc>Click the element identified by ``locator``.</doc>
<msg timestamp="20220919 23:12:28.998" level="INFO">Clicking element '//button[@id='ok']'.</msg>
<status status="PASS" starttime="20220919 23:12:28.997" endtime="20220919 23:12:29.062"/>
</kw>
<kw name="Sleep" library="BuiltIn">
<arg>5s</arg>
<doc>Pauses the test executed for the given time.</doc>
<msg timestamp="20220919 23:12:34.066" level="INFO">Slept 5 seconds</msg>
<status status="PASS" starttime="20220919 23:12:29.063" endtime="20220919 23:12:34.066"/>
</kw>
<status status="PASS" starttime="20220919 23:12:28.841" endtime="20220919 23:12:34.066"/>
</kw>
<kw name="Run Keyword If" library="BuiltIn">
<var>${Status_1}</var>
<var>${message_1}</var>
<arg>${i}&lt;=${eclin.max_row}</arg>
<arg>Check Error page</arg>
<arg>${eclin.cell(${i},4).value}</arg>
<doc>Runs the given keyword with the given arguments, if ``condition`` is true.</doc>
<kw name="Check Error page">
<arg>${eclin.cell(${i},4).value}</arg>
<kw name="Log To Console" library="BuiltIn">
<arg>${testcaseData}</arg>
<doc>Logs the given message to the console.</doc>
<status status="PASS" starttime="20220919 23:12:34.071" endtime="20220919 23:12:34.073"/>
</kw>
<if>
<branch type="IF" condition="&quot;${testcaseData}&quot; == &quot;TD001&quot;">
<kw name="Check Home Page">
<var>${message}</var>
<arg>${text_error}</arg>
<status status="NOT RUN" starttime="20220919 23:12:34.074" endtime="20220919 23:12:34.074"/>
</kw>
<status status="NOT RUN" starttime="20220919 23:12:34.073" endtime="20220919 23:12:34.074"/>
</branch>
<branch type="ELSE IF" condition="&quot;${testcaseData}&quot; == &quot;TD002&quot;">
<kw name="Check Home Page">
<var>${message}</var>
<arg>${text_error}</arg>
<status status="NOT RUN" starttime="20220919 23:12:34.074" endtime="20220919 23:12:34.075"/>
</kw>
<status status="NOT RUN" starttime="20220919 23:12:34.074" endtime="20220919 23:12:34.075"/>
</branch>
<branch type="ELSE IF" condition="&quot;${testcaseData}&quot; == &quot;TD003&quot;">
<kw name="Check Home Page">
<var>${message}</var>
<arg>${text_error}</arg>
<status status="NOT RUN" starttime="20220919 23:12:34.075" endtime="20220919 23:12:34.075"/>
</kw>
<status status="NOT RUN" starttime="20220919 23:12:34.075" endtime="20220919 23:12:34.075"/>
</branch>
<branch type="ELSE IF" condition="&quot;${testcaseData}&quot; == &quot;TD004&quot;">
<kw name="Check Home Page">
<var>${message}</var>
<arg>${text_error}</arg>
<status status="NOT RUN" starttime="20220919 23:12:34.076" endtime="20220919 23:12:34.076"/>
</kw>
<status status="NOT RUN" starttime="20220919 23:12:34.075" endtime="20220919 23:12:34.076"/>
</branch>
<branch type="ELSE IF" condition="&quot;${testcaseData}&quot; == &quot;TD007&quot;">
<kw name="Check Home Page">
<var>${message}</var>
<arg>${text_error}</arg>
<status status="NOT RUN" starttime="20220919 23:12:34.076" endtime="20220919 23:12:34.076"/>
</kw>
<status status="NOT RUN" starttime="20220919 23:12:34.076" endtime="20220919 23:12:34.076"/>
</branch>
<branch type="ELSE IF" condition="&quot;${testcaseData}&quot; == &quot;TD008&quot;">
<kw name="Check Home Page">
<var>${message}</var>
<arg>${text_error}</arg>
<status status="NOT RUN" starttime="20220919 23:12:34.077" endtime="20220919 23:12:34.077"/>
</kw>
<status status="NOT RUN" starttime="20220919 23:12:34.077" endtime="20220919 23:12:34.078"/>
</branch>
<branch type="ELSE IF" condition="&quot;${testcaseData}&quot; == &quot;TD009&quot;">
<kw name="Check Home Page">
<var>${message}</var>
<arg>${text_error}</arg>
<status status="NOT RUN" starttime="20220919 23:12:34.078" endtime="20220919 23:12:34.078"/>
</kw>
<status status="NOT RUN" starttime="20220919 23:12:34.078" endtime="20220919 23:12:34.078"/>
</branch>
<branch type="ELSE IF" condition="&quot;${testcaseData}&quot; == &quot;TD010&quot;">
<kw name="Check Home Page">
<var>${message}</var>
<arg>${text_error}</arg>
<status status="NOT RUN" starttime="20220919 23:12:34.079" endtime="20220919 23:12:34.079"/>
</kw>
<status status="NOT RUN" starttime="20220919 23:12:34.078" endtime="20220919 23:12:34.079"/>
</branch>
<branch type="ELSE IF" condition="&quot;${testcaseData}&quot; == &quot;TD011&quot;">
<kw name="Check Home Page">
<var>${message}</var>
<arg>${text_error}</arg>
<status status="NOT RUN" starttime="20220919 23:12:34.079" endtime="20220919 23:12:34.079"/>
</kw>
<status status="NOT RUN" starttime="20220919 23:12:34.079" endtime="20220919 23:12:34.080"/>
</branch>
<branch type="ELSE">
<kw name="Run Keyword And Ignore Error" library="BuiltIn">
<var>${get_message}</var>
<arg>Handle Alert</arg>
<arg>timeout=5s</arg>
<doc>Runs the given keyword with the given arguments and ignores possible error.</doc>
<kw name="Handle Alert" library="SeleniumLibrary">
<arg>timeout=5s</arg>
<doc>Handles the current alert and returns its message.</doc>
<msg timestamp="20220919 23:12:34.083" level="INFO">HANDLE::&lt;class 'datetime.timedelta'&gt;::0:00:05</msg>
<status status="PASS" starttime="20220919 23:12:34.081" endtime="20220919 23:12:34.097"/>
</kw>
<msg timestamp="20220919 23:12:34.105" level="INFO">${get_message} = ('PASS', 'กรุณากรอกคำร้องเรียน')</msg>
<status status="PASS" starttime="20220919 23:12:34.080" endtime="20220919 23:12:34.105"/>
</kw>
<kw name="Convert To String" library="BuiltIn">
<var>${message}</var>
<arg>${get_message}[1]</arg>
<doc>Converts the given item to a Unicode string.</doc>
<msg timestamp="20220919 23:12:34.108" level="INFO">${message} = กรุณากรอกคำร้องเรียน</msg>
<status status="PASS" starttime="20220919 23:12:34.106" endtime="20220919 23:12:34.108"/>
</kw>
<status status="PASS" starttime="20220919 23:12:34.080" endtime="20220919 23:12:34.108"/>
</branch>
<status status="PASS" starttime="20220919 23:12:34.073" endtime="20220919 23:12:34.108"/>
</if>
<if>
<branch type="IF" condition="'${Actual_Result.strip()}' == '${message.strip()}'">
<kw name="Set Suite Variable" library="BuiltIn">
<arg>${Status}</arg>
<arg>True</arg>
<doc>Makes a variable available everywhere within the scope of the current suite.</doc>
<status status="NOT RUN" starttime="20220919 23:12:34.114" endtime="20220919 23:12:34.114"/>
</kw>
<status status="NOT RUN" starttime="20220919 23:12:34.113" endtime="20220919 23:12:34.114"/>
</branch>
<branch type="ELSE">
<kw name="Set Suite Variable" library="BuiltIn">
<arg>${Status}</arg>
<arg>False</arg>
<doc>Makes a variable available everywhere within the scope of the current suite.</doc>
<msg timestamp="20220919 23:12:34.117" level="INFO">${Status} = False</msg>
<status status="PASS" starttime="20220919 23:12:34.115" endtime="20220919 23:12:34.117"/>
</kw>
<status status="PASS" starttime="20220919 23:12:34.114" endtime="20220919 23:12:34.117"/>
</branch>
<status status="PASS" starttime="20220919 23:12:34.108" endtime="20220919 23:12:34.118"/>
</if>
<kw name="Log To Console" library="BuiltIn">
<arg>${message}</arg>
<doc>Logs the given message to the console.</doc>
<status status="PASS" starttime="20220919 23:12:34.118" endtime="20220919 23:12:34.120"/>
</kw>
<kw name="Log To Console" library="BuiltIn">
<arg>${Status}</arg>
<doc>Logs the given message to the console.</doc>
<status status="PASS" starttime="20220919 23:12:34.121" endtime="20220919 23:12:34.123"/>
</kw>
<status status="PASS" starttime="20220919 23:12:34.069" endtime="20220919 23:12:34.124"/>
</kw>
<msg timestamp="20220919 23:12:34.124" level="INFO">${Status_1} = False</msg>
<msg timestamp="20220919 23:12:34.124" level="INFO">${message_1} = กรุณากรอกคำร้องเรียน</msg>
<status status="PASS" starttime="20220919 23:12:34.067" endtime="20220919 23:12:34.125"/>
</kw>
<kw name="Set Variable If" library="BuiltIn">
<var>${Status_Actual}</var>
<arg>${i}&lt;=${eclin.max_row}</arg>
<arg>${Status_1}</arg>
<doc>Sets variable based on the given condition.</doc>
<msg timestamp="20220919 23:12:34.128" level="INFO">${Status_Actual} = False</msg>
<status status="PASS" starttime="20220919 23:12:34.125" endtime="20220919 23:12:34.128"/>
</kw>
<kw name="Set Variable If" library="BuiltIn">
<var>${Status}</var>
<arg>'${Status_Actual}' == 'True'</arg>
<arg>PASS</arg>
<arg>FAIL</arg>
<doc>Sets variable based on the given condition.</doc>
<msg timestamp="20220919 23:12:34.131" level="INFO">${Status} = FAIL</msg>
<status status="PASS" starttime="20220919 23:12:34.129" endtime="20220919 23:12:34.131"/>
</kw>
<kw name="Run Keyword If" library="BuiltIn">
<arg>'${Status}' == 'FAIL'</arg>
<arg>Capture Page Screenshot</arg>
<arg>${EXECDIR}/Result/TC07_Send_Email_Complaint/Screenshot/${testcaseData}.png</arg>
<doc>Runs the given keyword with the given arguments, if ``condition`` is true.</doc>
<kw name="Capture Page Screenshot" library="SeleniumLibrary">
<arg>${EXECDIR}/Result/TC07_Send_Email_Complaint/Screenshot/${testcaseData}.png</arg>
<doc>Takes a screenshot of the current page and embeds it into a log file.</doc>
<msg timestamp="20220919 23:12:34.485" level="INFO" html="true">&lt;/td&gt;&lt;/tr&gt;&lt;tr&gt;&lt;td colspan="3"&gt;&lt;a href="Screenshot/TD012.png"&gt;&lt;img src="Screenshot/TD012.png" width="800px"&gt;&lt;/a&gt;</msg>
<status status="PASS" starttime="20220919 23:12:34.133" endtime="20220919 23:12:34.486"/>
</kw>
<status status="PASS" starttime="20220919 23:12:34.131" endtime="20220919 23:12:34.486"/>
</kw>
<kw name="Set Variable If" library="BuiltIn">
<var>${get_message}</var>
<arg>${i}&lt;=${eclin.max_row}</arg>
<arg>${message_1}</arg>
<doc>Sets variable based on the given condition.</doc>
<msg timestamp="20220919 23:12:34.490" level="INFO">${get_message} = กรุณากรอกคำร้องเรียน</msg>
<status status="PASS" starttime="20220919 23:12:34.487" endtime="20220919 23:12:34.490"/>
</kw>
<kw name="Set Variable If" library="BuiltIn">
<var>${message}</var>
<arg>'${message_1}' == '${text_not_alert}'</arg>
<arg>${Empty}</arg>
<arg>${message_1}</arg>
<doc>Sets variable based on the given condition.</doc>
<msg timestamp="20220919 23:12:34.491" level="INFO">${message} = กรุณากรอกคำร้องเรียน</msg>
<status status="PASS" starttime="20220919 23:12:34.490" endtime="20220919 23:12:34.491"/>
</kw>
<kw name="Set Variable If" library="BuiltIn">
<var>${Error}</var>
<arg>'${Status}' == 'FAIL'</arg>
<arg>Error</arg>
<arg>No Error</arg>
<doc>Sets variable based on the given condition.</doc>
<msg timestamp="20220919 23:12:34.493" level="INFO">${Error} = Error</msg>
<status status="PASS" starttime="20220919 23:12:34.492" endtime="20220919 23:12:34.493"/>
</kw>
<kw name="Set Variable If" library="BuiltIn">
<var>${Suggestion}</var>
<arg>'${Error}' == 'Not Found Alert' or '${Status}' == 'FAIL'</arg>
<arg>ควรมีการแจ้งเตือนให้ผู้ใช้งาน "${eclin.cell(${i},4).value}"</arg>
<arg>-</arg>
<doc>Sets variable based on the given condition.</doc>
<msg timestamp="20220919 23:12:34.497" level="INFO">${Suggestion} = ควรมีการแจ้งเตือนให้ผู้ใช้งาน "กรุณากรอกข้อความ"</msg>
<status status="PASS" starttime="20220919 23:12:34.493" endtime="20220919 23:12:34.497"/>
</kw>
<kw name="Write Excel Cell" library="ExcelLibrary">
<arg>${i}</arg>
<arg>5</arg>
<arg>value=${message}</arg>
<arg>sheet_name=TestData</arg>
<doc>Writes value to the cell.</doc>
<status status="PASS" starttime="20220919 23:12:34.497" endtime="20220919 23:12:34.499"/>
</kw>
<kw name="Write Excel Cell" library="ExcelLibrary">
<arg>${i}</arg>
<arg>6</arg>
<arg>value=${Status}</arg>
<arg>sheet_name=TestData</arg>
<doc>Writes value to the cell.</doc>
<status status="PASS" starttime="20220919 23:12:34.499" endtime="20220919 23:12:34.501"/>
</kw>
<kw name="Write Excel Cell" library="ExcelLibrary">
<arg>${i}</arg>
<arg>7</arg>
<arg>value=${Error}</arg>
<arg>sheet_name=TestData</arg>
<doc>Writes value to the cell.</doc>
<status status="PASS" starttime="20220919 23:12:34.501" endtime="20220919 23:12:34.503"/>
</kw>
<kw name="Write Excel Cell" library="ExcelLibrary">
<arg>${i}</arg>
<arg>8</arg>
<arg>value=${Suggestion}</arg>
<arg>sheet_name=TestData</arg>
<doc>Writes value to the cell.</doc>
<status status="PASS" starttime="20220919 23:12:34.503" endtime="20220919 23:12:34.504"/>
</kw>
<status status="PASS" starttime="20220919 23:12:28.599" endtime="20220919 23:12:34.504"/>
</iter>
<status status="PASS" starttime="20220919 23:11:17.946" endtime="20220919 23:12:34.504"/>
</for>
<kw name="Save Excel Document" library="ExcelLibrary">
<arg>Result/WriteExcel/TC07_Send_Email_Complaint_result.xlsx</arg>
<doc>Saves the current document to disk.</doc>
<status status="PASS" starttime="20220919 23:12:34.505" endtime="20220919 23:12:34.538"/>
</kw>
<kw name="Close All Excel Documents" library="ExcelLibrary">
<doc>Closes all opened documents.</doc>
<status status="PASS" starttime="20220919 23:12:34.538" endtime="20220919 23:12:34.538"/>
</kw>
<kw name="CloseWebBrowser" library="RS_Login">
<kw name="Close Browser" library="SeleniumLibrary">
<doc>Closes the current browser.</doc>
<status status="PASS" starttime="20220919 23:12:34.539" endtime="20220919 23:12:37.088"/>
</kw>
<status status="PASS" starttime="20220919 23:12:34.539" endtime="20220919 23:12:37.088"/>
</kw>
<kw name="Stop Video Recording" library="ScreenCapLibrary">
<arg>alias=None</arg>
<doc>Stops the video recording corresponding to the given ``alias`` and generates the file in WebM format. If no
``alias`` is specified, the last opened recording will be closed. If there are more recordings with the same
alias all of them will be closed. If ``embed`` argument was set to
``True`` the video will be displayed in the log file.
Furthermore, if the ``save_to_disk`` parameter is set to ``False``, the video will be embedded and available in
the log file only.</doc>
<msg timestamp="20220919 23:12:37.114" level="INFO" html="true">&lt;a href="TC07_Send_Email_Complaint_1.webm"&gt;&lt;video width="100px" autoplay&gt;&lt;source src="TC07_Send_Email_Complaint_1.webm" type="video/webm"&gt;&lt;/video&gt;&lt;/a&gt;</msg>
<status status="PASS" starttime="20220919 23:12:37.089" endtime="20220919 23:12:37.114"/>
</kw>
<status status="PASS" starttime="20220919 23:10:51.944" endtime="20220919 23:12:37.115"/>
</test>
<status status="PASS" starttime="20220919 23:10:49.399" endtime="20220919 23:12:37.117"/>
</suite>
<statistics>
<total>
<stat pass="1" fail="0" skip="0">All Tests</stat>
</total>
<tag>
</tag>
<suite>
<stat pass="1" fail="0" skip="0" id="s1" name="TC07 Send Email Complaint">TC07 Send Email Complaint</stat>
</suite>
</statistics>
<errors>
</errors>
</robot>
